{"D:\\3Y 1SEM\\FYP\\mindora\\server\\src\\controllers\\authController.js": {"path":"D:\\3Y 1SEM\\FYP\\mindora\\server\\src\\controllers\\authController.js","statementMap":{"0":{"start":{"line":1,"column":13},"end":{"line":1,"column":38}},"1":{"start":{"line":2,"column":25},"end":{"line":2,"column":55}},"2":{"start":{"line":9,"column":4},"end":{"line":9,"column":34}},"3":{"start":{"line":10,"column":78},"end":{"line":10,"column":113}},"4":{"start":{"line":11,"column":28},"end":{"line":11,"column":70}},"5":{"start":{"line":14,"column":21},"end":{"line":14,"column":67}},"6":{"start":{"line":19,"column":22},"end":{"line":160,"column":1}},"7":{"start":{"line":20,"column":2},"end":{"line":159,"column":3}},"8":{"start":{"line":21,"column":49},"end":{"line":21,"column":57}},"9":{"start":{"line":24,"column":4},"end":{"line":29,"column":5}},"10":{"start":{"line":25,"column":6},"end":{"line":28,"column":9}},"11":{"start":{"line":32,"column":4},"end":{"line":37,"column":5}},"12":{"start":{"line":33,"column":6},"end":{"line":36,"column":9}},"13":{"start":{"line":40,"column":25},"end":{"line":40,"column":75}},"14":{"start":{"line":42,"column":4},"end":{"line":84,"column":5}},"15":{"start":{"line":44,"column":6},"end":{"line":64,"column":7}},"16":{"start":{"line":45,"column":20},"end":{"line":45,"column":33}},"17":{"start":{"line":46,"column":8},"end":{"line":49,"column":10}},"18":{"start":{"line":50,"column":8},"end":{"line":50,"column":34}},"19":{"start":{"line":53,"column":8},"end":{"line":53,"column":52}},"20":{"start":{"line":55,"column":8},"end":{"line":63,"column":11}},"21":{"start":{"line":67,"column":6},"end":{"line":78,"column":7}},"22":{"start":{"line":68,"column":8},"end":{"line":77,"column":11}},"23":{"start":{"line":80,"column":6},"end":{"line":83,"column":9}},"24":{"start":{"line":87,"column":25},"end":{"line":87,"column":84}},"25":{"start":{"line":88,"column":19},"end":{"line":88,"column":31}},"26":{"start":{"line":89,"column":18},"end":{"line":89,"column":19}},"27":{"start":{"line":92,"column":4},"end":{"line":95,"column":5}},"28":{"start":{"line":93,"column":6},"end":{"line":93,"column":45}},"29":{"start":{"line":94,"column":6},"end":{"line":94,"column":16}},"30":{"start":{"line":98,"column":16},"end":{"line":98,"column":29}},"31":{"start":{"line":101,"column":17},"end":{"line":113,"column":6}},"32":{"start":{"line":115,"column":4},"end":{"line":115,"column":22}},"33":{"start":{"line":118,"column":20},"end":{"line":118,"column":25}},"34":{"start":{"line":119,"column":4},"end":{"line":128,"column":5}},"35":{"start":{"line":120,"column":6},"end":{"line":120,"column":64}},"36":{"start":{"line":121,"column":21},"end":{"line":121,"column":51}},"37":{"start":{"line":122,"column":6},"end":{"line":122,"column":61}},"38":{"start":{"line":123,"column":6},"end":{"line":123,"column":23}},"39":{"start":{"line":125,"column":6},"end":{"line":125,"column":72}},"40":{"start":{"line":126,"column":6},"end":{"line":126,"column":50}},"41":{"start":{"line":130,"column":4},"end":{"line":141,"column":7}},"42":{"start":{"line":144,"column":4},"end":{"line":144,"column":50}},"43":{"start":{"line":146,"column":4},"end":{"line":152,"column":5}},"44":{"start":{"line":147,"column":20},"end":{"line":147,"column":52}},"45":{"start":{"line":148,"column":6},"end":{"line":151,"column":9}},"46":{"start":{"line":154,"column":4},"end":{"line":158,"column":7}},"47":{"start":{"line":165,"column":19},"end":{"line":342,"column":1}},"48":{"start":{"line":166,"column":2},"end":{"line":341,"column":3}},"49":{"start":{"line":167,"column":27},"end":{"line":167,"column":35}},"50":{"start":{"line":169,"column":4},"end":{"line":174,"column":5}},"51":{"start":{"line":170,"column":6},"end":{"line":173,"column":9}},"52":{"start":{"line":177,"column":19},"end":{"line":180,"column":6}},"53":{"start":{"line":182,"column":20},"end":{"line":182,"column":39}},"54":{"start":{"line":183,"column":68},"end":{"line":183,"column":75}},"55":{"start":{"line":186,"column":15},"end":{"line":188,"column":6}},"56":{"start":{"line":190,"column":4},"end":{"line":290,"column":5}},"57":{"start":{"line":194,"column":6},"end":{"line":214,"column":7}},"58":{"start":{"line":195,"column":8},"end":{"line":195,"column":33}},"59":{"start":{"line":196,"column":8},"end":{"line":196,"column":37}},"60":{"start":{"line":197,"column":8},"end":{"line":197,"column":36}},"61":{"start":{"line":198,"column":8},"end":{"line":198,"column":51}},"62":{"start":{"line":199,"column":8},"end":{"line":199,"column":34}},"63":{"start":{"line":200,"column":8},"end":{"line":200,"column":26}},"64":{"start":{"line":202,"column":8},"end":{"line":213,"column":11}},"65":{"start":{"line":217,"column":6},"end":{"line":237,"column":7}},"66":{"start":{"line":219,"column":8},"end":{"line":223,"column":9}},"67":{"start":{"line":220,"column":10},"end":{"line":220,"column":35}},"68":{"start":{"line":221,"column":10},"end":{"line":221,"column":39}},"69":{"start":{"line":222,"column":10},"end":{"line":222,"column":28}},"70":{"start":{"line":225,"column":8},"end":{"line":236,"column":11}},"71":{"start":{"line":240,"column":6},"end":{"line":251,"column":7}},"72":{"start":{"line":241,"column":8},"end":{"line":250,"column":11}},"73":{"start":{"line":256,"column":6},"end":{"line":259,"column":7}},"74":{"start":{"line":257,"column":8},"end":{"line":257,"column":33}},"75":{"start":{"line":258,"column":8},"end":{"line":258,"column":26}},"76":{"start":{"line":261,"column":20},"end":{"line":261,"column":54}},"77":{"start":{"line":262,"column":27},"end":{"line":262,"column":57}},"78":{"start":{"line":263,"column":6},"end":{"line":263,"column":33}},"79":{"start":{"line":265,"column":6},"end":{"line":265,"column":72}},"80":{"start":{"line":268,"column":6},"end":{"line":270,"column":81}},"81":{"start":{"line":269,"column":20},"end":{"line":269,"column":70}},"82":{"start":{"line":270,"column":20},"end":{"line":270,"column":79}},"83":{"start":{"line":272,"column":6},"end":{"line":289,"column":9}},"84":{"start":{"line":293,"column":22},"end":{"line":293,"column":51}},"85":{"start":{"line":294,"column":25},"end":{"line":294,"column":84}},"86":{"start":{"line":295,"column":19},"end":{"line":295,"column":31}},"87":{"start":{"line":296,"column":18},"end":{"line":296,"column":19}},"88":{"start":{"line":298,"column":4},"end":{"line":301,"column":5}},"89":{"start":{"line":299,"column":6},"end":{"line":299,"column":45}},"90":{"start":{"line":300,"column":6},"end":{"line":300,"column":16}},"91":{"start":{"line":303,"column":4},"end":{"line":316,"column":7}},"92":{"start":{"line":318,"column":4},"end":{"line":318,"column":22}},"93":{"start":{"line":320,"column":4},"end":{"line":331,"column":7}},"94":{"start":{"line":334,"column":4},"end":{"line":334,"column":47}},"95":{"start":{"line":336,"column":4},"end":{"line":340,"column":7}},"96":{"start":{"line":347,"column":22},"end":{"line":488,"column":1}},"97":{"start":{"line":348,"column":2},"end":{"line":487,"column":3}},"98":{"start":{"line":349,"column":74},"end":{"line":349,"column":82}},"99":{"start":{"line":351,"column":4},"end":{"line":351,"column":74}},"100":{"start":{"line":353,"column":4},"end":{"line":358,"column":5}},"101":{"start":{"line":354,"column":6},"end":{"line":357,"column":9}},"102":{"start":{"line":360,"column":17},"end":{"line":360,"column":44}},"103":{"start":{"line":361,"column":4},"end":{"line":361,"column":62}},"104":{"start":{"line":363,"column":4},"end":{"line":368,"column":5}},"105":{"start":{"line":364,"column":6},"end":{"line":367,"column":9}},"106":{"start":{"line":370,"column":4},"end":{"line":375,"column":5}},"107":{"start":{"line":371,"column":6},"end":{"line":374,"column":9}},"108":{"start":{"line":378,"column":4},"end":{"line":439,"column":5}},"109":{"start":{"line":381,"column":8},"end":{"line":381,"column":57}},"110":{"start":{"line":382,"column":8},"end":{"line":382,"column":45}},"111":{"start":{"line":383,"column":8},"end":{"line":383,"column":63}},"112":{"start":{"line":384,"column":8},"end":{"line":384,"column":55}},"113":{"start":{"line":385,"column":8},"end":{"line":385,"column":34}},"114":{"start":{"line":386,"column":8},"end":{"line":386,"column":14}},"115":{"start":{"line":390,"column":8},"end":{"line":390,"column":81}},"116":{"start":{"line":391,"column":8},"end":{"line":391,"column":78}},"117":{"start":{"line":392,"column":8},"end":{"line":392,"column":56}},"118":{"start":{"line":393,"column":8},"end":{"line":393,"column":49}},"119":{"start":{"line":394,"column":8},"end":{"line":394,"column":63}},"120":{"start":{"line":395,"column":8},"end":{"line":395,"column":34}},"121":{"start":{"line":396,"column":8},"end":{"line":396,"column":14}},"122":{"start":{"line":400,"column":8},"end":{"line":405,"column":9}},"123":{"start":{"line":401,"column":10},"end":{"line":404,"column":13}},"124":{"start":{"line":406,"column":8},"end":{"line":411,"column":9}},"125":{"start":{"line":407,"column":10},"end":{"line":410,"column":13}},"126":{"start":{"line":413,"column":8},"end":{"line":417,"column":10}},"127":{"start":{"line":419,"column":8},"end":{"line":423,"column":12}},"128":{"start":{"line":419,"column":81},"end":{"line":423,"column":9}},"129":{"start":{"line":424,"column":8},"end":{"line":424,"column":34}},"130":{"start":{"line":425,"column":8},"end":{"line":425,"column":45}},"131":{"start":{"line":426,"column":8},"end":{"line":426,"column":14}},"132":{"start":{"line":431,"column":8},"end":{"line":431,"column":34}},"133":{"start":{"line":432,"column":8},"end":{"line":432,"column":14}},"134":{"start":{"line":435,"column":8},"end":{"line":438,"column":11}},"135":{"start":{"line":441,"column":4},"end":{"line":441,"column":59}},"136":{"start":{"line":442,"column":4},"end":{"line":442,"column":22}},"137":{"start":{"line":443,"column":4},"end":{"line":443,"column":43}},"138":{"start":{"line":446,"column":4},"end":{"line":467,"column":5}},"139":{"start":{"line":447,"column":24},"end":{"line":447,"column":39}},"140":{"start":{"line":450,"column":6},"end":{"line":452,"column":74}},"141":{"start":{"line":451,"column":20},"end":{"line":451,"column":70}},"142":{"start":{"line":452,"column":20},"end":{"line":452,"column":72}},"143":{"start":{"line":454,"column":6},"end":{"line":466,"column":9}},"144":{"start":{"line":469,"column":4},"end":{"line":477,"column":7}},"145":{"start":{"line":480,"column":4},"end":{"line":480,"column":50}},"146":{"start":{"line":482,"column":4},"end":{"line":486,"column":7}},"147":{"start":{"line":493,"column":14},"end":{"line":614,"column":1}},"148":{"start":{"line":494,"column":2},"end":{"line":613,"column":3}},"149":{"start":{"line":495,"column":37},"end":{"line":495,"column":45}},"150":{"start":{"line":497,"column":17},"end":{"line":502,"column":26}},"151":{"start":{"line":504,"column":4},"end":{"line":509,"column":5}},"152":{"start":{"line":505,"column":6},"end":{"line":508,"column":9}},"153":{"start":{"line":512,"column":4},"end":{"line":517,"column":5}},"154":{"start":{"line":513,"column":6},"end":{"line":516,"column":9}},"155":{"start":{"line":520,"column":4},"end":{"line":530,"column":5}},"156":{"start":{"line":521,"column":6},"end":{"line":529,"column":9}},"157":{"start":{"line":533,"column":4},"end":{"line":544,"column":5}},"158":{"start":{"line":534,"column":6},"end":{"line":543,"column":9}},"159":{"start":{"line":548,"column":4},"end":{"line":553,"column":5}},"160":{"start":{"line":549,"column":6},"end":{"line":552,"column":9}},"161":{"start":{"line":555,"column":4},"end":{"line":560,"column":5}},"162":{"start":{"line":556,"column":6},"end":{"line":559,"column":9}},"163":{"start":{"line":562,"column":28},"end":{"line":562,"column":64}},"164":{"start":{"line":564,"column":4},"end":{"line":570,"column":5}},"165":{"start":{"line":565,"column":6},"end":{"line":565,"column":36}},"166":{"start":{"line":566,"column":6},"end":{"line":569,"column":9}},"167":{"start":{"line":572,"column":4},"end":{"line":574,"column":5}},"168":{"start":{"line":573,"column":6},"end":{"line":573,"column":38}},"169":{"start":{"line":576,"column":18},"end":{"line":576,"column":52}},"170":{"start":{"line":577,"column":25},"end":{"line":577,"column":55}},"171":{"start":{"line":578,"column":4},"end":{"line":578,"column":31}},"172":{"start":{"line":580,"column":4},"end":{"line":580,"column":70}},"173":{"start":{"line":583,"column":4},"end":{"line":585,"column":79}},"174":{"start":{"line":584,"column":18},"end":{"line":584,"column":68}},"175":{"start":{"line":585,"column":18},"end":{"line":585,"column":77}},"176":{"start":{"line":587,"column":4},"end":{"line":603,"column":7}},"177":{"start":{"line":606,"column":4},"end":{"line":606,"column":41}},"178":{"start":{"line":608,"column":4},"end":{"line":612,"column":7}},"179":{"start":{"line":619,"column":32},"end":{"line":652,"column":1}},"180":{"start":{"line":620,"column":2},"end":{"line":651,"column":3}},"181":{"start":{"line":621,"column":23},"end":{"line":621,"column":33}},"182":{"start":{"line":623,"column":17},"end":{"line":623,"column":125}},"183":{"start":{"line":625,"column":4},"end":{"line":630,"column":5}},"184":{"start":{"line":626,"column":6},"end":{"line":629,"column":9}},"185":{"start":{"line":632,"column":4},"end":{"line":641,"column":7}},"186":{"start":{"line":644,"column":4},"end":{"line":644,"column":61}},"187":{"start":{"line":646,"column":4},"end":{"line":650,"column":7}},"188":{"start":{"line":657,"column":15},"end":{"line":675,"column":1}},"189":{"start":{"line":658,"column":2},"end":{"line":674,"column":3}},"190":{"start":{"line":659,"column":4},"end":{"line":659,"column":26}},"191":{"start":{"line":661,"column":4},"end":{"line":664,"column":7}},"192":{"start":{"line":667,"column":4},"end":{"line":667,"column":42}},"193":{"start":{"line":669,"column":4},"end":{"line":673,"column":7}},"194":{"start":{"line":680,"column":23},"end":{"line":718,"column":1}},"195":{"start":{"line":681,"column":2},"end":{"line":717,"column":3}},"196":{"start":{"line":682,"column":17},"end":{"line":682,"column":50}},"197":{"start":{"line":684,"column":4},"end":{"line":689,"column":5}},"198":{"start":{"line":685,"column":6},"end":{"line":688,"column":9}},"199":{"start":{"line":691,"column":4},"end":{"line":707,"column":7}},"200":{"start":{"line":710,"column":4},"end":{"line":710,"column":52}},"201":{"start":{"line":712,"column":4},"end":{"line":716,"column":7}},"202":{"start":{"line":723,"column":21},"end":{"line":775,"column":1}},"203":{"start":{"line":724,"column":2},"end":{"line":774,"column":3}},"204":{"start":{"line":725,"column":49},"end":{"line":725,"column":57}},"205":{"start":{"line":727,"column":4},"end":{"line":732,"column":5}},"206":{"start":{"line":728,"column":6},"end":{"line":731,"column":9}},"207":{"start":{"line":734,"column":20},"end":{"line":734,"column":109}},"208":{"start":{"line":736,"column":4},"end":{"line":741,"column":5}},"209":{"start":{"line":737,"column":6},"end":{"line":740,"column":9}},"210":{"start":{"line":743,"column":17},"end":{"line":743,"column":52}},"211":{"start":{"line":745,"column":4},"end":{"line":750,"column":5}},"212":{"start":{"line":746,"column":6},"end":{"line":749,"column":9}},"213":{"start":{"line":752,"column":21},"end":{"line":752,"column":55}},"214":{"start":{"line":753,"column":28},"end":{"line":753,"column":58}},"215":{"start":{"line":755,"column":4},"end":{"line":755,"column":34}},"216":{"start":{"line":757,"column":4},"end":{"line":764,"column":7}},"217":{"start":{"line":767,"column":4},"end":{"line":767,"column":49}},"218":{"start":{"line":769,"column":4},"end":{"line":773,"column":7}},"219":{"start":{"line":780,"column":23},"end":{"line":826,"column":1}},"220":{"start":{"line":781,"column":2},"end":{"line":825,"column":3}},"221":{"start":{"line":782,"column":45},"end":{"line":782,"column":53}},"222":{"start":{"line":784,"column":17},"end":{"line":784,"column":70}},"223":{"start":{"line":786,"column":4},"end":{"line":791,"column":5}},"224":{"start":{"line":787,"column":6},"end":{"line":790,"column":9}},"225":{"start":{"line":793,"column":4},"end":{"line":798,"column":5}},"226":{"start":{"line":794,"column":6},"end":{"line":797,"column":9}},"227":{"start":{"line":800,"column":35},"end":{"line":800,"column":78}},"228":{"start":{"line":802,"column":4},"end":{"line":807,"column":5}},"229":{"start":{"line":803,"column":6},"end":{"line":806,"column":9}},"230":{"start":{"line":809,"column":4},"end":{"line":809,"column":32}},"231":{"start":{"line":810,"column":4},"end":{"line":810,"column":22}},"232":{"start":{"line":812,"column":4},"end":{"line":815,"column":7}},"233":{"start":{"line":818,"column":4},"end":{"line":818,"column":51}},"234":{"start":{"line":820,"column":4},"end":{"line":824,"column":7}},"235":{"start":{"line":829,"column":17},"end":{"line":831,"column":1}},"236":{"start":{"line":830,"column":2},"end":{"line":830,"column":33}},"237":{"start":{"line":836,"column":18},"end":{"line":918,"column":1}},"238":{"start":{"line":837,"column":2},"end":{"line":917,"column":3}},"239":{"start":{"line":838,"column":28},"end":{"line":838,"column":36}},"240":{"start":{"line":840,"column":4},"end":{"line":845,"column":5}},"241":{"start":{"line":841,"column":6},"end":{"line":844,"column":9}},"242":{"start":{"line":847,"column":17},"end":{"line":847,"column":44}},"243":{"start":{"line":849,"column":4},"end":{"line":854,"column":5}},"244":{"start":{"line":850,"column":6},"end":{"line":853,"column":9}},"245":{"start":{"line":857,"column":4},"end":{"line":862,"column":5}},"246":{"start":{"line":858,"column":6},"end":{"line":861,"column":9}},"247":{"start":{"line":865,"column":4},"end":{"line":870,"column":5}},"248":{"start":{"line":866,"column":6},"end":{"line":869,"column":9}},"249":{"start":{"line":873,"column":4},"end":{"line":879,"column":5}},"250":{"start":{"line":874,"column":6},"end":{"line":878,"column":9}},"251":{"start":{"line":882,"column":4},"end":{"line":887,"column":5}},"252":{"start":{"line":883,"column":6},"end":{"line":886,"column":9}},"253":{"start":{"line":890,"column":4},"end":{"line":890,"column":32}},"254":{"start":{"line":891,"column":4},"end":{"line":891,"column":47}},"255":{"start":{"line":892,"column":4},"end":{"line":892,"column":30}},"256":{"start":{"line":893,"column":4},"end":{"line":893,"column":30}},"257":{"start":{"line":894,"column":4},"end":{"line":894,"column":22}},"258":{"start":{"line":897,"column":4},"end":{"line":897,"column":96}},"259":{"start":{"line":899,"column":4},"end":{"line":908,"column":7}},"260":{"start":{"line":911,"column":4},"end":{"line":911,"column":46}},"261":{"start":{"line":912,"column":4},"end":{"line":916,"column":7}},"262":{"start":{"line":923,"column":18},"end":{"line":1001,"column":1}},"263":{"start":{"line":924,"column":2},"end":{"line":1000,"column":3}},"264":{"start":{"line":925,"column":30},"end":{"line":925,"column":38}},"265":{"start":{"line":929,"column":4},"end":{"line":933,"column":5}},"266":{"start":{"line":930,"column":6},"end":{"line":930,"column":41}},"267":{"start":{"line":931,"column":11},"end":{"line":933,"column":5}},"268":{"start":{"line":932,"column":6},"end":{"line":932,"column":64}},"269":{"start":{"line":935,"column":4},"end":{"line":940,"column":5}},"270":{"start":{"line":936,"column":6},"end":{"line":939,"column":9}},"271":{"start":{"line":943,"column":4},"end":{"line":948,"column":5}},"272":{"start":{"line":944,"column":6},"end":{"line":947,"column":9}},"273":{"start":{"line":951,"column":4},"end":{"line":964,"column":5}},"274":{"start":{"line":952,"column":27},"end":{"line":952,"column":89}},"275":{"start":{"line":953,"column":31},"end":{"line":953,"column":56}},"276":{"start":{"line":956,"column":6},"end":{"line":963,"column":7}},"277":{"start":{"line":957,"column":25},"end":{"line":957,"column":73}},"278":{"start":{"line":958,"column":8},"end":{"line":962,"column":11}},"279":{"start":{"line":967,"column":16},"end":{"line":967,"column":29}},"280":{"start":{"line":968,"column":4},"end":{"line":971,"column":6}},"281":{"start":{"line":972,"column":4},"end":{"line":972,"column":22}},"282":{"start":{"line":975,"column":4},"end":{"line":975,"column":52}},"283":{"start":{"line":976,"column":4},"end":{"line":982,"column":5}},"284":{"start":{"line":977,"column":21},"end":{"line":977,"column":81}},"285":{"start":{"line":978,"column":6},"end":{"line":978,"column":57}},"286":{"start":{"line":980,"column":6},"end":{"line":980,"column":71}},"287":{"start":{"line":981,"column":6},"end":{"line":981,"column":23}},"288":{"start":{"line":984,"column":4},"end":{"line":991,"column":7}},"289":{"start":{"line":994,"column":4},"end":{"line":994,"column":46}},"290":{"start":{"line":995,"column":4},"end":{"line":999,"column":7}},"291":{"start":{"line":1006,"column":23},"end":{"line":1087,"column":1}},"292":{"start":{"line":1007,"column":2},"end":{"line":1086,"column":3}},"293":{"start":{"line":1008,"column":22},"end":{"line":1008,"column":30}},"294":{"start":{"line":1010,"column":4},"end":{"line":1015,"column":5}},"295":{"start":{"line":1011,"column":6},"end":{"line":1014,"column":9}},"296":{"start":{"line":1018,"column":17},"end":{"line":1018,"column":67}},"297":{"start":{"line":1021,"column":27},"end":{"line":1021,"column":103}},"298":{"start":{"line":1023,"column":4},"end":{"line":1030,"column":5}},"299":{"start":{"line":1025,"column":6},"end":{"line":1025,"column":61}},"300":{"start":{"line":1025,"column":35},"end":{"line":1025,"column":59}},"301":{"start":{"line":1026,"column":6},"end":{"line":1029,"column":9}},"302":{"start":{"line":1033,"column":4},"end":{"line":1042,"column":5}},"303":{"start":{"line":1034,"column":31},"end":{"line":1034,"column":114}},"304":{"start":{"line":1035,"column":6},"end":{"line":1041,"column":7}},"305":{"start":{"line":1036,"column":25},"end":{"line":1036,"column":73}},"306":{"start":{"line":1037,"column":8},"end":{"line":1040,"column":11}},"307":{"start":{"line":1045,"column":16},"end":{"line":1045,"column":29}},"308":{"start":{"line":1046,"column":22},"end":{"line":1046,"column":59}},"309":{"start":{"line":1049,"column":4},"end":{"line":1053,"column":6}},"310":{"start":{"line":1054,"column":4},"end":{"line":1054,"column":22}},"311":{"start":{"line":1057,"column":4},"end":{"line":1069,"column":5}},"312":{"start":{"line":1058,"column":6},"end":{"line":1058,"column":75}},"313":{"start":{"line":1059,"column":6},"end":{"line":1059,"column":65}},"314":{"start":{"line":1061,"column":6},"end":{"line":1061,"column":72}},"315":{"start":{"line":1063,"column":6},"end":{"line":1063,"column":40}},"316":{"start":{"line":1064,"column":6},"end":{"line":1064,"column":24}},"317":{"start":{"line":1065,"column":6},"end":{"line":1068,"column":9}},"318":{"start":{"line":1071,"column":4},"end":{"line":1077,"column":7}},"319":{"start":{"line":1080,"column":4},"end":{"line":1080,"column":51}},"320":{"start":{"line":1081,"column":4},"end":{"line":1085,"column":7}},"321":{"start":{"line":1092,"column":23},"end":{"line":1156,"column":1}},"322":{"start":{"line":1093,"column":2},"end":{"line":1155,"column":3}},"323":{"start":{"line":1094,"column":27},"end":{"line":1094,"column":35}},"324":{"start":{"line":1096,"column":4},"end":{"line":1101,"column":5}},"325":{"start":{"line":1097,"column":6},"end":{"line":1100,"column":9}},"326":{"start":{"line":1103,"column":17},"end":{"line":1103,"column":67}},"327":{"start":{"line":1105,"column":4},"end":{"line":1110,"column":5}},"328":{"start":{"line":1106,"column":6},"end":{"line":1109,"column":9}},"329":{"start":{"line":1113,"column":4},"end":{"line":1118,"column":5}},"330":{"start":{"line":1114,"column":6},"end":{"line":1117,"column":9}},"331":{"start":{"line":1121,"column":4},"end":{"line":1126,"column":5}},"332":{"start":{"line":1122,"column":6},"end":{"line":1125,"column":9}},"333":{"start":{"line":1129,"column":4},"end":{"line":1134,"column":5}},"334":{"start":{"line":1130,"column":6},"end":{"line":1133,"column":9}},"335":{"start":{"line":1137,"column":4},"end":{"line":1137,"column":42}},"336":{"start":{"line":1138,"column":4},"end":{"line":1138,"column":22}},"337":{"start":{"line":1140,"column":4},"end":{"line":1146,"column":7}},"338":{"start":{"line":1149,"column":4},"end":{"line":1149,"column":52}},"339":{"start":{"line":1150,"column":4},"end":{"line":1154,"column":7}},"340":{"start":{"line":1161,"column":22},"end":{"line":1225,"column":1}},"341":{"start":{"line":1162,"column":2},"end":{"line":1224,"column":3}},"342":{"start":{"line":1163,"column":35},"end":{"line":1163,"column":43}},"343":{"start":{"line":1165,"column":4},"end":{"line":1170,"column":5}},"344":{"start":{"line":1166,"column":6},"end":{"line":1169,"column":9}},"345":{"start":{"line":1173,"column":4},"end":{"line":1178,"column":5}},"346":{"start":{"line":1174,"column":6},"end":{"line":1177,"column":9}},"347":{"start":{"line":1180,"column":17},"end":{"line":1180,"column":67}},"348":{"start":{"line":1182,"column":4},"end":{"line":1187,"column":5}},"349":{"start":{"line":1183,"column":6},"end":{"line":1186,"column":9}},"350":{"start":{"line":1190,"column":4},"end":{"line":1195,"column":5}},"351":{"start":{"line":1191,"column":6},"end":{"line":1194,"column":9}},"352":{"start":{"line":1198,"column":4},"end":{"line":1203,"column":5}},"353":{"start":{"line":1199,"column":6},"end":{"line":1202,"column":9}},"354":{"start":{"line":1206,"column":4},"end":{"line":1206,"column":32}},"355":{"start":{"line":1207,"column":4},"end":{"line":1207,"column":38}},"356":{"start":{"line":1208,"column":4},"end":{"line":1208,"column":22}},"357":{"start":{"line":1210,"column":4},"end":{"line":1210,"column":66}},"358":{"start":{"line":1212,"column":4},"end":{"line":1215,"column":7}},"359":{"start":{"line":1218,"column":4},"end":{"line":1218,"column":50}},"360":{"start":{"line":1219,"column":4},"end":{"line":1223,"column":7}},"361":{"start":{"line":1227,"column":0},"end":{"line":1243,"column":2}}},"fnMap":{"0":{"name":"(anonymous_0)","decl":{"start":{"line":19,"column":22},"end":{"line":19,"column":23}},"loc":{"start":{"line":19,"column":42},"end":{"line":160,"column":1}},"line":19},"1":{"name":"(anonymous_1)","decl":{"start":{"line":165,"column":19},"end":{"line":165,"column":20}},"loc":{"start":{"line":165,"column":39},"end":{"line":342,"column":1}},"line":165},"2":{"name":"(anonymous_2)","decl":{"start":{"line":269,"column":14},"end":{"line":269,"column":15}},"loc":{"start":{"line":269,"column":20},"end":{"line":269,"column":70}},"line":269},"3":{"name":"(anonymous_3)","decl":{"start":{"line":270,"column":15},"end":{"line":270,"column":16}},"loc":{"start":{"line":270,"column":20},"end":{"line":270,"column":79}},"line":270},"4":{"name":"(anonymous_4)","decl":{"start":{"line":347,"column":22},"end":{"line":347,"column":23}},"loc":{"start":{"line":347,"column":42},"end":{"line":488,"column":1}},"line":347},"5":{"name":"(anonymous_5)","decl":{"start":{"line":419,"column":75},"end":{"line":419,"column":76}},"loc":{"start":{"line":419,"column":81},"end":{"line":423,"column":9}},"line":419},"6":{"name":"(anonymous_6)","decl":{"start":{"line":451,"column":14},"end":{"line":451,"column":15}},"loc":{"start":{"line":451,"column":20},"end":{"line":451,"column":70}},"line":451},"7":{"name":"(anonymous_7)","decl":{"start":{"line":452,"column":15},"end":{"line":452,"column":16}},"loc":{"start":{"line":452,"column":20},"end":{"line":452,"column":72}},"line":452},"8":{"name":"(anonymous_8)","decl":{"start":{"line":493,"column":14},"end":{"line":493,"column":15}},"loc":{"start":{"line":493,"column":34},"end":{"line":614,"column":1}},"line":493},"9":{"name":"(anonymous_9)","decl":{"start":{"line":584,"column":12},"end":{"line":584,"column":13}},"loc":{"start":{"line":584,"column":18},"end":{"line":584,"column":68}},"line":584},"10":{"name":"(anonymous_10)","decl":{"start":{"line":585,"column":13},"end":{"line":585,"column":14}},"loc":{"start":{"line":585,"column":18},"end":{"line":585,"column":77}},"line":585},"11":{"name":"(anonymous_11)","decl":{"start":{"line":619,"column":32},"end":{"line":619,"column":33}},"loc":{"start":{"line":619,"column":52},"end":{"line":652,"column":1}},"line":619},"12":{"name":"(anonymous_12)","decl":{"start":{"line":657,"column":15},"end":{"line":657,"column":16}},"loc":{"start":{"line":657,"column":35},"end":{"line":675,"column":1}},"line":657},"13":{"name":"(anonymous_13)","decl":{"start":{"line":680,"column":23},"end":{"line":680,"column":24}},"loc":{"start":{"line":680,"column":43},"end":{"line":718,"column":1}},"line":680},"14":{"name":"(anonymous_14)","decl":{"start":{"line":723,"column":21},"end":{"line":723,"column":22}},"loc":{"start":{"line":723,"column":41},"end":{"line":775,"column":1}},"line":723},"15":{"name":"(anonymous_15)","decl":{"start":{"line":780,"column":23},"end":{"line":780,"column":24}},"loc":{"start":{"line":780,"column":43},"end":{"line":826,"column":1}},"line":780},"16":{"name":"(anonymous_16)","decl":{"start":{"line":829,"column":17},"end":{"line":829,"column":18}},"loc":{"start":{"line":829,"column":37},"end":{"line":831,"column":1}},"line":829},"17":{"name":"(anonymous_17)","decl":{"start":{"line":836,"column":18},"end":{"line":836,"column":19}},"loc":{"start":{"line":836,"column":38},"end":{"line":918,"column":1}},"line":836},"18":{"name":"(anonymous_18)","decl":{"start":{"line":923,"column":18},"end":{"line":923,"column":19}},"loc":{"start":{"line":923,"column":38},"end":{"line":1001,"column":1}},"line":923},"19":{"name":"(anonymous_19)","decl":{"start":{"line":1006,"column":23},"end":{"line":1006,"column":24}},"loc":{"start":{"line":1006,"column":43},"end":{"line":1087,"column":1}},"line":1006},"20":{"name":"(anonymous_20)","decl":{"start":{"line":1025,"column":24},"end":{"line":1025,"column":25}},"loc":{"start":{"line":1025,"column":35},"end":{"line":1025,"column":59}},"line":1025},"21":{"name":"(anonymous_21)","decl":{"start":{"line":1092,"column":23},"end":{"line":1092,"column":24}},"loc":{"start":{"line":1092,"column":43},"end":{"line":1156,"column":1}},"line":1092},"22":{"name":"(anonymous_22)","decl":{"start":{"line":1161,"column":22},"end":{"line":1161,"column":23}},"loc":{"start":{"line":1161,"column":42},"end":{"line":1225,"column":1}},"line":1161}},"branchMap":{"0":{"loc":{"start":{"line":24,"column":4},"end":{"line":29,"column":5}},"type":"if","locations":[{"start":{"line":24,"column":4},"end":{"line":29,"column":5}},{"start":{},"end":{}}],"line":24},"1":{"loc":{"start":{"line":24,"column":8},"end":{"line":24,"column":27}},"type":"binary-expr","locations":[{"start":{"line":24,"column":8},"end":{"line":24,"column":14}},{"start":{"line":24,"column":18},"end":{"line":24,"column":27}}],"line":24},"2":{"loc":{"start":{"line":32,"column":4},"end":{"line":37,"column":5}},"type":"if","locations":[{"start":{"line":32,"column":4},"end":{"line":37,"column":5}},{"start":{},"end":{}}],"line":32},"3":{"loc":{"start":{"line":42,"column":4},"end":{"line":84,"column":5}},"type":"if","locations":[{"start":{"line":42,"column":4},"end":{"line":84,"column":5}},{"start":{},"end":{}}],"line":42},"4":{"loc":{"start":{"line":44,"column":6},"end":{"line":64,"column":7}},"type":"if","locations":[{"start":{"line":44,"column":6},"end":{"line":64,"column":7}},{"start":{},"end":{}}],"line":44},"5":{"loc":{"start":{"line":44,"column":10},"end":{"line":44,"column":91}},"type":"binary-expr","locations":[{"start":{"line":44,"column":10},"end":{"line":44,"column":58}},{"start":{"line":44,"column":62},"end":{"line":44,"column":91}}],"line":44},"6":{"loc":{"start":{"line":67,"column":6},"end":{"line":78,"column":7}},"type":"if","locations":[{"start":{"line":67,"column":6},"end":{"line":78,"column":7}},{"start":{},"end":{}}],"line":67},"7":{"loc":{"start":{"line":67,"column":10},"end":{"line":67,"column":99}},"type":"binary-expr","locations":[{"start":{"line":67,"column":10},"end":{"line":67,"column":62}},{"start":{"line":67,"column":66},"end":{"line":67,"column":99}}],"line":67},"8":{"loc":{"start":{"line":132,"column":15},"end":{"line":134,"column":97}},"type":"cond-expr","locations":[{"start":{"line":133,"column":10},"end":{"line":133,"column":79}},{"start":{"line":134,"column":10},"end":{"line":134,"column":97}}],"line":132},"9":{"loc":{"start":{"line":146,"column":4},"end":{"line":152,"column":5}},"type":"if","locations":[{"start":{"line":146,"column":4},"end":{"line":152,"column":5}},{"start":{},"end":{}}],"line":146},"10":{"loc":{"start":{"line":157,"column":13},"end":{"line":157,"column":79}},"type":"cond-expr","locations":[{"start":{"line":157,"column":54},"end":{"line":157,"column":67}},{"start":{"line":157,"column":70},"end":{"line":157,"column":79}}],"line":157},"11":{"loc":{"start":{"line":169,"column":4},"end":{"line":174,"column":5}},"type":"if","locations":[{"start":{"line":169,"column":4},"end":{"line":174,"column":5}},{"start":{},"end":{}}],"line":169},"12":{"loc":{"start":{"line":190,"column":4},"end":{"line":290,"column":5}},"type":"if","locations":[{"start":{"line":190,"column":4},"end":{"line":290,"column":5}},{"start":{},"end":{}}],"line":190},"13":{"loc":{"start":{"line":194,"column":6},"end":{"line":214,"column":7}},"type":"if","locations":[{"start":{"line":194,"column":6},"end":{"line":214,"column":7}},{"start":{},"end":{}}],"line":194},"14":{"loc":{"start":{"line":210,"column":30},"end":{"line":210,"column":56}},"type":"binary-expr","locations":[{"start":{"line":210,"column":30},"end":{"line":210,"column":51}},{"start":{"line":210,"column":55},"end":{"line":210,"column":56}}],"line":210},"15":{"loc":{"start":{"line":217,"column":6},"end":{"line":237,"column":7}},"type":"if","locations":[{"start":{"line":217,"column":6},"end":{"line":237,"column":7}},{"start":{},"end":{}}],"line":217},"16":{"loc":{"start":{"line":217,"column":10},"end":{"line":217,"column":83}},"type":"binary-expr","locations":[{"start":{"line":217,"column":10},"end":{"line":217,"column":54}},{"start":{"line":217,"column":58},"end":{"line":217,"column":83}}],"line":217},"17":{"loc":{"start":{"line":219,"column":8},"end":{"line":223,"column":9}},"type":"if","locations":[{"start":{"line":219,"column":8},"end":{"line":223,"column":9}},{"start":{},"end":{}}],"line":219},"18":{"loc":{"start":{"line":233,"column":30},"end":{"line":233,"column":56}},"type":"binary-expr","locations":[{"start":{"line":233,"column":30},"end":{"line":233,"column":51}},{"start":{"line":233,"column":55},"end":{"line":233,"column":56}}],"line":233},"19":{"loc":{"start":{"line":240,"column":6},"end":{"line":251,"column":7}},"type":"if","locations":[{"start":{"line":240,"column":6},"end":{"line":251,"column":7}},{"start":{},"end":{}}],"line":240},"20":{"loc":{"start":{"line":256,"column":6},"end":{"line":259,"column":7}},"type":"if","locations":[{"start":{"line":256,"column":6},"end":{"line":259,"column":7}},{"start":{},"end":{}}],"line":256},"21":{"loc":{"start":{"line":293,"column":22},"end":{"line":293,"column":51}},"type":"cond-expr","locations":[{"start":{"line":293,"column":29},"end":{"line":293,"column":44}},{"start":{"line":293,"column":47},"end":{"line":293,"column":51}}],"line":293},"22":{"loc":{"start":{"line":312,"column":19},"end":{"line":312,"column":37}},"type":"binary-expr","locations":[{"start":{"line":312,"column":19},"end":{"line":312,"column":31}},{"start":{"line":312,"column":35},"end":{"line":312,"column":37}}],"line":312},"23":{"loc":{"start":{"line":313,"column":18},"end":{"line":313,"column":52}},"type":"binary-expr","locations":[{"start":{"line":313,"column":18},"end":{"line":313,"column":46}},{"start":{"line":313,"column":50},"end":{"line":313,"column":52}}],"line":313},"24":{"loc":{"start":{"line":314,"column":16},"end":{"line":314,"column":31}},"type":"binary-expr","locations":[{"start":{"line":314,"column":16},"end":{"line":314,"column":23}},{"start":{"line":314,"column":27},"end":{"line":314,"column":31}}],"line":314},"25":{"loc":{"start":{"line":339,"column":13},"end":{"line":339,"column":79}},"type":"cond-expr","locations":[{"start":{"line":339,"column":54},"end":{"line":339,"column":67}},{"start":{"line":339,"column":70},"end":{"line":339,"column":79}}],"line":339},"26":{"loc":{"start":{"line":353,"column":4},"end":{"line":358,"column":5}},"type":"if","locations":[{"start":{"line":353,"column":4},"end":{"line":358,"column":5}},{"start":{},"end":{}}],"line":353},"27":{"loc":{"start":{"line":361,"column":31},"end":{"line":361,"column":60}},"type":"cond-expr","locations":[{"start":{"line":361,"column":38},"end":{"line":361,"column":46}},{"start":{"line":361,"column":49},"end":{"line":361,"column":60}}],"line":361},"28":{"loc":{"start":{"line":363,"column":4},"end":{"line":368,"column":5}},"type":"if","locations":[{"start":{"line":363,"column":4},"end":{"line":368,"column":5}},{"start":{},"end":{}}],"line":363},"29":{"loc":{"start":{"line":370,"column":4},"end":{"line":375,"column":5}},"type":"if","locations":[{"start":{"line":370,"column":4},"end":{"line":375,"column":5}},{"start":{},"end":{}}],"line":370},"30":{"loc":{"start":{"line":378,"column":4},"end":{"line":439,"column":5}},"type":"switch","locations":[{"start":{"line":379,"column":6},"end":{"line":386,"column":14}},{"start":{"line":388,"column":6},"end":{"line":396,"column":14}},{"start":{"line":398,"column":6},"end":{"line":426,"column":14}},{"start":{"line":428,"column":6},"end":{"line":432,"column":14}},{"start":{"line":434,"column":6},"end":{"line":438,"column":11}}],"line":378},"31":{"loc":{"start":{"line":390,"column":33},"end":{"line":390,"column":80}},"type":"binary-expr","locations":[{"start":{"line":390,"column":33},"end":{"line":390,"column":54}},{"start":{"line":390,"column":58},"end":{"line":390,"column":80}}],"line":390},"32":{"loc":{"start":{"line":391,"column":32},"end":{"line":391,"column":77}},"type":"binary-expr","locations":[{"start":{"line":391,"column":32},"end":{"line":391,"column":52}},{"start":{"line":391,"column":56},"end":{"line":391,"column":77}}],"line":391},"33":{"loc":{"start":{"line":400,"column":8},"end":{"line":405,"column":9}},"type":"if","locations":[{"start":{"line":400,"column":8},"end":{"line":405,"column":9}},{"start":{},"end":{}}],"line":400},"34":{"loc":{"start":{"line":400,"column":12},"end":{"line":400,"column":111}},"type":"binary-expr","locations":[{"start":{"line":400,"column":12},"end":{"line":400,"column":34}},{"start":{"line":400,"column":38},"end":{"line":400,"column":75}},{"start":{"line":400,"column":79},"end":{"line":400,"column":111}}],"line":400},"35":{"loc":{"start":{"line":406,"column":8},"end":{"line":411,"column":9}},"type":"if","locations":[{"start":{"line":406,"column":8},"end":{"line":411,"column":9}},{"start":{},"end":{}}],"line":406},"36":{"loc":{"start":{"line":406,"column":12},"end":{"line":406,"column":95}},"type":"binary-expr","locations":[{"start":{"line":406,"column":12},"end":{"line":406,"column":61}},{"start":{"line":406,"column":65},"end":{"line":406,"column":95}}],"line":406},"37":{"loc":{"start":{"line":446,"column":4},"end":{"line":467,"column":5}},"type":"if","locations":[{"start":{"line":446,"column":4},"end":{"line":467,"column":5}},{"start":{},"end":{}}],"line":446},"38":{"loc":{"start":{"line":446,"column":8},"end":{"line":446,"column":37}},"type":"binary-expr","locations":[{"start":{"line":446,"column":8},"end":{"line":446,"column":18}},{"start":{"line":446,"column":22},"end":{"line":446,"column":37}}],"line":446},"39":{"loc":{"start":{"line":456,"column":17},"end":{"line":458,"column":64}},"type":"cond-expr","locations":[{"start":{"line":457,"column":12},"end":{"line":457,"column":90}},{"start":{"line":458,"column":12},"end":{"line":458,"column":64}}],"line":456},"40":{"loc":{"start":{"line":485,"column":13},"end":{"line":485,"column":79}},"type":"cond-expr","locations":[{"start":{"line":485,"column":54},"end":{"line":485,"column":67}},{"start":{"line":485,"column":70},"end":{"line":485,"column":79}}],"line":485},"41":{"loc":{"start":{"line":504,"column":4},"end":{"line":509,"column":5}},"type":"if","locations":[{"start":{"line":504,"column":4},"end":{"line":509,"column":5}},{"start":{},"end":{}}],"line":504},"42":{"loc":{"start":{"line":512,"column":4},"end":{"line":517,"column":5}},"type":"if","locations":[{"start":{"line":512,"column":4},"end":{"line":517,"column":5}},{"start":{},"end":{}}],"line":512},"43":{"loc":{"start":{"line":512,"column":8},"end":{"line":512,"column":56}},"type":"binary-expr","locations":[{"start":{"line":512,"column":8},"end":{"line":512,"column":38}},{"start":{"line":512,"column":42},"end":{"line":512,"column":56}}],"line":512},"44":{"loc":{"start":{"line":520,"column":4},"end":{"line":530,"column":5}},"type":"if","locations":[{"start":{"line":520,"column":4},"end":{"line":530,"column":5}},{"start":{},"end":{}}],"line":520},"45":{"loc":{"start":{"line":520,"column":8},"end":{"line":520,"column":73}},"type":"binary-expr","locations":[{"start":{"line":520,"column":8},"end":{"line":520,"column":48}},{"start":{"line":520,"column":52},"end":{"line":520,"column":73}}],"line":520},"46":{"loc":{"start":{"line":533,"column":4},"end":{"line":544,"column":5}},"type":"if","locations":[{"start":{"line":533,"column":4},"end":{"line":544,"column":5}},{"start":{},"end":{}}],"line":533},"47":{"loc":{"start":{"line":533,"column":8},"end":{"line":533,"column":81}},"type":"binary-expr","locations":[{"start":{"line":533,"column":8},"end":{"line":533,"column":52}},{"start":{"line":533,"column":56},"end":{"line":533,"column":81}}],"line":533},"48":{"loc":{"start":{"line":540,"column":28},"end":{"line":540,"column":54}},"type":"binary-expr","locations":[{"start":{"line":540,"column":28},"end":{"line":540,"column":49}},{"start":{"line":540,"column":53},"end":{"line":540,"column":54}}],"line":540},"49":{"loc":{"start":{"line":548,"column":4},"end":{"line":553,"column":5}},"type":"if","locations":[{"start":{"line":548,"column":4},"end":{"line":553,"column":5}},{"start":{},"end":{}}],"line":548},"50":{"loc":{"start":{"line":555,"column":4},"end":{"line":560,"column":5}},"type":"if","locations":[{"start":{"line":555,"column":4},"end":{"line":560,"column":5}},{"start":{},"end":{}}],"line":555},"51":{"loc":{"start":{"line":564,"column":4},"end":{"line":570,"column":5}},"type":"if","locations":[{"start":{"line":564,"column":4},"end":{"line":570,"column":5}},{"start":{},"end":{}}],"line":564},"52":{"loc":{"start":{"line":572,"column":4},"end":{"line":574,"column":5}},"type":"if","locations":[{"start":{"line":572,"column":4},"end":{"line":574,"column":5}},{"start":{},"end":{}}],"line":572},"53":{"loc":{"start":{"line":611,"column":13},"end":{"line":611,"column":79}},"type":"cond-expr","locations":[{"start":{"line":611,"column":54},"end":{"line":611,"column":67}},{"start":{"line":611,"column":70},"end":{"line":611,"column":79}}],"line":611},"54":{"loc":{"start":{"line":625,"column":4},"end":{"line":630,"column":5}},"type":"if","locations":[{"start":{"line":625,"column":4},"end":{"line":630,"column":5}},{"start":{},"end":{}}],"line":625},"55":{"loc":{"start":{"line":649,"column":13},"end":{"line":649,"column":79}},"type":"cond-expr","locations":[{"start":{"line":649,"column":54},"end":{"line":649,"column":67}},{"start":{"line":649,"column":70},"end":{"line":649,"column":79}}],"line":649},"56":{"loc":{"start":{"line":672,"column":13},"end":{"line":672,"column":79}},"type":"cond-expr","locations":[{"start":{"line":672,"column":54},"end":{"line":672,"column":67}},{"start":{"line":672,"column":70},"end":{"line":672,"column":79}}],"line":672},"57":{"loc":{"start":{"line":684,"column":4},"end":{"line":689,"column":5}},"type":"if","locations":[{"start":{"line":684,"column":4},"end":{"line":689,"column":5}},{"start":{},"end":{}}],"line":684},"58":{"loc":{"start":{"line":715,"column":13},"end":{"line":715,"column":79}},"type":"cond-expr","locations":[{"start":{"line":715,"column":54},"end":{"line":715,"column":67}},{"start":{"line":715,"column":70},"end":{"line":715,"column":79}}],"line":715},"59":{"loc":{"start":{"line":727,"column":4},"end":{"line":732,"column":5}},"type":"if","locations":[{"start":{"line":727,"column":4},"end":{"line":732,"column":5}},{"start":{},"end":{}}],"line":727},"60":{"loc":{"start":{"line":734,"column":52},"end":{"line":734,"column":108}},"type":"binary-expr","locations":[{"start":{"line":734,"column":52},"end":{"line":734,"column":82}},{"start":{"line":734,"column":86},"end":{"line":734,"column":108}}],"line":734},"61":{"loc":{"start":{"line":736,"column":4},"end":{"line":741,"column":5}},"type":"if","locations":[{"start":{"line":736,"column":4},"end":{"line":741,"column":5}},{"start":{},"end":{}}],"line":736},"62":{"loc":{"start":{"line":745,"column":4},"end":{"line":750,"column":5}},"type":"if","locations":[{"start":{"line":745,"column":4},"end":{"line":750,"column":5}},{"start":{},"end":{}}],"line":745},"63":{"loc":{"start":{"line":745,"column":8},"end":{"line":745,"column":73}},"type":"binary-expr","locations":[{"start":{"line":745,"column":8},"end":{"line":745,"column":13}},{"start":{"line":745,"column":17},"end":{"line":745,"column":31}},{"start":{"line":745,"column":35},"end":{"line":745,"column":73}}],"line":745},"64":{"loc":{"start":{"line":772,"column":13},"end":{"line":772,"column":79}},"type":"cond-expr","locations":[{"start":{"line":772,"column":54},"end":{"line":772,"column":67}},{"start":{"line":772,"column":70},"end":{"line":772,"column":79}}],"line":772},"65":{"loc":{"start":{"line":786,"column":4},"end":{"line":791,"column":5}},"type":"if","locations":[{"start":{"line":786,"column":4},"end":{"line":791,"column":5}},{"start":{},"end":{}}],"line":786},"66":{"loc":{"start":{"line":793,"column":4},"end":{"line":798,"column":5}},"type":"if","locations":[{"start":{"line":793,"column":4},"end":{"line":798,"column":5}},{"start":{},"end":{}}],"line":793},"67":{"loc":{"start":{"line":793,"column":8},"end":{"line":793,"column":56}},"type":"binary-expr","locations":[{"start":{"line":793,"column":8},"end":{"line":793,"column":38}},{"start":{"line":793,"column":42},"end":{"line":793,"column":56}}],"line":793},"68":{"loc":{"start":{"line":802,"column":4},"end":{"line":807,"column":5}},"type":"if","locations":[{"start":{"line":802,"column":4},"end":{"line":807,"column":5}},{"start":{},"end":{}}],"line":802},"69":{"loc":{"start":{"line":823,"column":13},"end":{"line":823,"column":79}},"type":"cond-expr","locations":[{"start":{"line":823,"column":54},"end":{"line":823,"column":67}},{"start":{"line":823,"column":70},"end":{"line":823,"column":79}}],"line":823},"70":{"loc":{"start":{"line":840,"column":4},"end":{"line":845,"column":5}},"type":"if","locations":[{"start":{"line":840,"column":4},"end":{"line":845,"column":5}},{"start":{},"end":{}}],"line":840},"71":{"loc":{"start":{"line":840,"column":8},"end":{"line":840,"column":23}},"type":"binary-expr","locations":[{"start":{"line":840,"column":8},"end":{"line":840,"column":15}},{"start":{"line":840,"column":19},"end":{"line":840,"column":23}}],"line":840},"72":{"loc":{"start":{"line":849,"column":4},"end":{"line":854,"column":5}},"type":"if","locations":[{"start":{"line":849,"column":4},"end":{"line":854,"column":5}},{"start":{},"end":{}}],"line":849},"73":{"loc":{"start":{"line":857,"column":4},"end":{"line":862,"column":5}},"type":"if","locations":[{"start":{"line":857,"column":4},"end":{"line":862,"column":5}},{"start":{},"end":{}}],"line":857},"74":{"loc":{"start":{"line":865,"column":4},"end":{"line":870,"column":5}},"type":"if","locations":[{"start":{"line":865,"column":4},"end":{"line":870,"column":5}},{"start":{},"end":{}}],"line":865},"75":{"loc":{"start":{"line":865,"column":8},"end":{"line":865,"column":45}},"type":"binary-expr","locations":[{"start":{"line":865,"column":8},"end":{"line":865,"column":22}},{"start":{"line":865,"column":26},"end":{"line":865,"column":45}}],"line":865},"76":{"loc":{"start":{"line":873,"column":4},"end":{"line":879,"column":5}},"type":"if","locations":[{"start":{"line":873,"column":4},"end":{"line":879,"column":5}},{"start":{},"end":{}}],"line":873},"77":{"loc":{"start":{"line":882,"column":4},"end":{"line":887,"column":5}},"type":"if","locations":[{"start":{"line":882,"column":4},"end":{"line":887,"column":5}},{"start":{},"end":{}}],"line":882},"78":{"loc":{"start":{"line":897,"column":33},"end":{"line":897,"column":73}},"type":"binary-expr","locations":[{"start":{"line":897,"column":33},"end":{"line":897,"column":56}},{"start":{"line":897,"column":60},"end":{"line":897,"column":73}}],"line":897},"79":{"loc":{"start":{"line":915,"column":13},"end":{"line":915,"column":79}},"type":"cond-expr","locations":[{"start":{"line":915,"column":54},"end":{"line":915,"column":67}},{"start":{"line":915,"column":70},"end":{"line":915,"column":79}}],"line":915},"80":{"loc":{"start":{"line":929,"column":4},"end":{"line":933,"column":5}},"type":"if","locations":[{"start":{"line":929,"column":4},"end":{"line":933,"column":5}},{"start":{"line":931,"column":11},"end":{"line":933,"column":5}}],"line":929},"81":{"loc":{"start":{"line":931,"column":11},"end":{"line":933,"column":5}},"type":"if","locations":[{"start":{"line":931,"column":11},"end":{"line":933,"column":5}},{"start":{},"end":{}}],"line":931},"82":{"loc":{"start":{"line":935,"column":4},"end":{"line":940,"column":5}},"type":"if","locations":[{"start":{"line":935,"column":4},"end":{"line":940,"column":5}},{"start":{},"end":{}}],"line":935},"83":{"loc":{"start":{"line":943,"column":4},"end":{"line":948,"column":5}},"type":"if","locations":[{"start":{"line":943,"column":4},"end":{"line":948,"column":5}},{"start":{},"end":{}}],"line":943},"84":{"loc":{"start":{"line":951,"column":4},"end":{"line":964,"column":5}},"type":"if","locations":[{"start":{"line":951,"column":4},"end":{"line":964,"column":5}},{"start":{},"end":{}}],"line":951},"85":{"loc":{"start":{"line":951,"column":8},"end":{"line":951,"column":48}},"type":"binary-expr","locations":[{"start":{"line":951,"column":8},"end":{"line":951,"column":21}},{"start":{"line":951,"column":25},"end":{"line":951,"column":48}}],"line":951},"86":{"loc":{"start":{"line":956,"column":6},"end":{"line":963,"column":7}},"type":"if","locations":[{"start":{"line":956,"column":6},"end":{"line":963,"column":7}},{"start":{},"end":{}}],"line":956},"87":{"loc":{"start":{"line":998,"column":13},"end":{"line":998,"column":79}},"type":"cond-expr","locations":[{"start":{"line":998,"column":54},"end":{"line":998,"column":67}},{"start":{"line":998,"column":70},"end":{"line":998,"column":79}}],"line":998},"88":{"loc":{"start":{"line":1010,"column":4},"end":{"line":1015,"column":5}},"type":"if","locations":[{"start":{"line":1010,"column":4},"end":{"line":1015,"column":5}},{"start":{},"end":{}}],"line":1010},"89":{"loc":{"start":{"line":1023,"column":4},"end":{"line":1030,"column":5}},"type":"if","locations":[{"start":{"line":1023,"column":4},"end":{"line":1030,"column":5}},{"start":{},"end":{}}],"line":1023},"90":{"loc":{"start":{"line":1033,"column":4},"end":{"line":1042,"column":5}},"type":"if","locations":[{"start":{"line":1033,"column":4},"end":{"line":1042,"column":5}},{"start":{},"end":{}}],"line":1033},"91":{"loc":{"start":{"line":1033,"column":8},"end":{"line":1033,"column":59}},"type":"binary-expr","locations":[{"start":{"line":1033,"column":8},"end":{"line":1033,"column":29}},{"start":{"line":1033,"column":33},"end":{"line":1033,"column":59}}],"line":1033},"92":{"loc":{"start":{"line":1035,"column":6},"end":{"line":1041,"column":7}},"type":"if","locations":[{"start":{"line":1035,"column":6},"end":{"line":1041,"column":7}},{"start":{},"end":{}}],"line":1035},"93":{"loc":{"start":{"line":1058,"column":50},"end":{"line":1058,"column":73}},"type":"binary-expr","locations":[{"start":{"line":1058,"column":50},"end":{"line":1058,"column":63}},{"start":{"line":1058,"column":67},"end":{"line":1058,"column":73}}],"line":1058},"94":{"loc":{"start":{"line":1084,"column":13},"end":{"line":1084,"column":79}},"type":"cond-expr","locations":[{"start":{"line":1084,"column":54},"end":{"line":1084,"column":67}},{"start":{"line":1084,"column":70},"end":{"line":1084,"column":79}}],"line":1084},"95":{"loc":{"start":{"line":1096,"column":4},"end":{"line":1101,"column":5}},"type":"if","locations":[{"start":{"line":1096,"column":4},"end":{"line":1101,"column":5}},{"start":{},"end":{}}],"line":1096},"96":{"loc":{"start":{"line":1096,"column":8},"end":{"line":1096,"column":22}},"type":"binary-expr","locations":[{"start":{"line":1096,"column":8},"end":{"line":1096,"column":14}},{"start":{"line":1096,"column":18},"end":{"line":1096,"column":22}}],"line":1096},"97":{"loc":{"start":{"line":1105,"column":4},"end":{"line":1110,"column":5}},"type":"if","locations":[{"start":{"line":1105,"column":4},"end":{"line":1110,"column":5}},{"start":{},"end":{}}],"line":1105},"98":{"loc":{"start":{"line":1113,"column":4},"end":{"line":1118,"column":5}},"type":"if","locations":[{"start":{"line":1113,"column":4},"end":{"line":1118,"column":5}},{"start":{},"end":{}}],"line":1113},"99":{"loc":{"start":{"line":1113,"column":8},"end":{"line":1113,"column":61}},"type":"binary-expr","locations":[{"start":{"line":1113,"column":8},"end":{"line":1113,"column":30}},{"start":{"line":1113,"column":34},"end":{"line":1113,"column":61}}],"line":1113},"100":{"loc":{"start":{"line":1121,"column":4},"end":{"line":1126,"column":5}},"type":"if","locations":[{"start":{"line":1121,"column":4},"end":{"line":1126,"column":5}},{"start":{},"end":{}}],"line":1121},"101":{"loc":{"start":{"line":1129,"column":4},"end":{"line":1134,"column":5}},"type":"if","locations":[{"start":{"line":1129,"column":4},"end":{"line":1134,"column":5}},{"start":{},"end":{}}],"line":1129},"102":{"loc":{"start":{"line":1153,"column":13},"end":{"line":1153,"column":79}},"type":"cond-expr","locations":[{"start":{"line":1153,"column":54},"end":{"line":1153,"column":67}},{"start":{"line":1153,"column":70},"end":{"line":1153,"column":79}}],"line":1153},"103":{"loc":{"start":{"line":1165,"column":4},"end":{"line":1170,"column":5}},"type":"if","locations":[{"start":{"line":1165,"column":4},"end":{"line":1170,"column":5}},{"start":{},"end":{}}],"line":1165},"104":{"loc":{"start":{"line":1165,"column":8},"end":{"line":1165,"column":30}},"type":"binary-expr","locations":[{"start":{"line":1165,"column":8},"end":{"line":1165,"column":14}},{"start":{"line":1165,"column":18},"end":{"line":1165,"column":30}}],"line":1165},"105":{"loc":{"start":{"line":1173,"column":4},"end":{"line":1178,"column":5}},"type":"if","locations":[{"start":{"line":1173,"column":4},"end":{"line":1178,"column":5}},{"start":{},"end":{}}],"line":1173},"106":{"loc":{"start":{"line":1182,"column":4},"end":{"line":1187,"column":5}},"type":"if","locations":[{"start":{"line":1182,"column":4},"end":{"line":1187,"column":5}},{"start":{},"end":{}}],"line":1182},"107":{"loc":{"start":{"line":1190,"column":4},"end":{"line":1195,"column":5}},"type":"if","locations":[{"start":{"line":1190,"column":4},"end":{"line":1195,"column":5}},{"start":{},"end":{}}],"line":1190},"108":{"loc":{"start":{"line":1190,"column":8},"end":{"line":1190,"column":65}},"type":"binary-expr","locations":[{"start":{"line":1190,"column":8},"end":{"line":1190,"column":30}},{"start":{"line":1190,"column":34},"end":{"line":1190,"column":65}}],"line":1190},"109":{"loc":{"start":{"line":1198,"column":4},"end":{"line":1203,"column":5}},"type":"if","locations":[{"start":{"line":1198,"column":4},"end":{"line":1203,"column":5}},{"start":{},"end":{}}],"line":1198},"110":{"loc":{"start":{"line":1222,"column":13},"end":{"line":1222,"column":79}},"type":"cond-expr","locations":[{"start":{"line":1222,"column":54},"end":{"line":1222,"column":67}},{"start":{"line":1222,"column":70},"end":{"line":1222,"column":79}}],"line":1222}},"s":{"0":3,"1":3,"2":3,"3":3,"4":3,"5":3,"6":3,"7":13,"8":13,"9":13,"10":1,"11":12,"12":1,"13":11,"14":11,"15":2,"16":1,"17":1,"18":1,"19":1,"20":1,"21":1,"22":0,"23":1,"24":9,"25":9,"26":9,"27":9,"28":0,"29":0,"30":9,"31":9,"32":9,"33":9,"34":9,"35":9,"36":9,"37":9,"38":9,"39":0,"40":0,"41":9,"42":0,"43":0,"44":0,"45":0,"46":0,"47":3,"48":0,"49":0,"50":0,"51":0,"52":0,"53":0,"54":0,"55":0,"56":0,"57":0,"58":0,"59":0,"60":0,"61":0,"62":0,"63":0,"64":0,"65":0,"66":0,"67":0,"68":0,"69":0,"70":0,"71":0,"72":0,"73":0,"74":0,"75":0,"76":0,"77":0,"78":0,"79":0,"80":0,"81":0,"82":0,"83":0,"84":0,"85":0,"86":0,"87":0,"88":0,"89":0,"90":0,"91":0,"92":0,"93":0,"94":0,"95":0,"96":3,"97":0,"98":0,"99":0,"100":0,"101":0,"102":0,"103":0,"104":0,"105":0,"106":0,"107":0,"108":0,"109":0,"110":0,"111":0,"112":0,"113":0,"114":0,"115":0,"116":0,"117":0,"118":0,"119":0,"120":0,"121":0,"122":0,"123":0,"124":0,"125":0,"126":0,"127":0,"128":0,"129":0,"130":0,"131":0,"132":0,"133":0,"134":0,"135":0,"136":0,"137":0,"138":0,"139":0,"140":0,"141":0,"142":0,"143":0,"144":0,"145":0,"146":0,"147":3,"148":15,"149":15,"150":15,"151":15,"152":1,"153":14,"154":0,"155":14,"156":1,"157":13,"158":0,"159":13,"160":1,"161":12,"162":0,"163":12,"164":12,"165":11,"166":11,"167":1,"168":0,"169":1,"170":1,"171":1,"172":1,"173":1,"174":1,"175":0,"176":1,"177":0,"178":0,"179":3,"180":0,"181":0,"182":0,"183":0,"184":0,"185":0,"186":0,"187":0,"188":3,"189":0,"190":0,"191":0,"192":0,"193":0,"194":3,"195":0,"196":0,"197":0,"198":0,"199":0,"200":0,"201":0,"202":3,"203":0,"204":0,"205":0,"206":0,"207":0,"208":0,"209":0,"210":0,"211":0,"212":0,"213":0,"214":0,"215":0,"216":0,"217":0,"218":0,"219":3,"220":0,"221":0,"222":0,"223":0,"224":0,"225":0,"226":0,"227":0,"228":0,"229":0,"230":0,"231":0,"232":0,"233":0,"234":0,"235":3,"236":0,"237":3,"238":4,"239":4,"240":4,"241":0,"242":4,"243":4,"244":1,"245":3,"246":0,"247":3,"248":0,"249":3,"250":1,"251":2,"252":1,"253":1,"254":1,"255":1,"256":1,"257":1,"258":1,"259":1,"260":0,"261":0,"262":3,"263":0,"264":0,"265":0,"266":0,"267":0,"268":0,"269":0,"270":0,"271":0,"272":0,"273":0,"274":0,"275":0,"276":0,"277":0,"278":0,"279":0,"280":0,"281":0,"282":0,"283":0,"284":0,"285":0,"286":0,"287":0,"288":0,"289":0,"290":0,"291":3,"292":0,"293":0,"294":0,"295":0,"296":0,"297":0,"298":0,"299":0,"300":0,"301":0,"302":0,"303":0,"304":0,"305":0,"306":0,"307":0,"308":0,"309":0,"310":0,"311":0,"312":0,"313":0,"314":0,"315":0,"316":0,"317":0,"318":0,"319":0,"320":0,"321":3,"322":0,"323":0,"324":0,"325":0,"326":0,"327":0,"328":0,"329":0,"330":0,"331":0,"332":0,"333":0,"334":0,"335":0,"336":0,"337":0,"338":0,"339":0,"340":3,"341":0,"342":0,"343":0,"344":0,"345":0,"346":0,"347":0,"348":0,"349":0,"350":0,"351":0,"352":0,"353":0,"354":0,"355":0,"356":0,"357":0,"358":0,"359":0,"360":0,"361":3},"f":{"0":13,"1":0,"2":0,"3":0,"4":0,"5":0,"6":0,"7":0,"8":15,"9":1,"10":0,"11":0,"12":0,"13":0,"14":0,"15":0,"16":0,"17":4,"18":0,"19":0,"20":0,"21":0,"22":0},"b":{"0":[1,12],"1":[13,13],"2":[1,11],"3":[2,9],"4":[1,1],"5":[2,1],"6":[0,1],"7":[1,1],"8":[9,0],"9":[0,0],"10":[0,0],"11":[0,0],"12":[0,0],"13":[0,0],"14":[0,0],"15":[0,0],"16":[0,0],"17":[0,0],"18":[0,0],"19":[0,0],"20":[0,0],"21":[0,0],"22":[0,0],"23":[0,0],"24":[0,0],"25":[0,0],"26":[0,0],"27":[0,0],"28":[0,0],"29":[0,0],"30":[0,0,0,0,0],"31":[0,0],"32":[0,0],"33":[0,0],"34":[0,0,0],"35":[0,0],"36":[0,0],"37":[0,0],"38":[0,0],"39":[0,0],"40":[0,0],"41":[1,14],"42":[0,14],"43":[14,0],"44":[1,13],"45":[14,13],"46":[0,13],"47":[13,13],"48":[0,0],"49":[1,12],"50":[0,12],"51":[11,1],"52":[0,1],"53":[0,0],"54":[0,0],"55":[0,0],"56":[0,0],"57":[0,0],"58":[0,0],"59":[0,0],"60":[0,0],"61":[0,0],"62":[0,0],"63":[0,0,0],"64":[0,0],"65":[0,0],"66":[0,0],"67":[0,0],"68":[0,0],"69":[0,0],"70":[0,4],"71":[4,4],"72":[1,3],"73":[0,3],"74":[0,3],"75":[3,3],"76":[1,2],"77":[1,1],"78":[1,1],"79":[0,0],"80":[0,0],"81":[0,0],"82":[0,0],"83":[0,0],"84":[0,0],"85":[0,0],"86":[0,0],"87":[0,0],"88":[0,0],"89":[0,0],"90":[0,0],"91":[0,0],"92":[0,0],"93":[0,0],"94":[0,0],"95":[0,0],"96":[0,0],"97":[0,0],"98":[0,0],"99":[0,0],"100":[0,0],"101":[0,0],"102":[0,0],"103":[0,0],"104":[0,0],"105":[0,0],"106":[0,0],"107":[0,0],"108":[0,0],"109":[0,0],"110":[0,0]},"_coverageSchema":"1a1c01bbd47fc00a2c39e90264f33305004495a9","hash":"3f082621a4645577f3f245187fe4513ecc745107"}
,"D:\\3Y 1SEM\\FYP\\mindora\\server\\src\\controllers\\gamificationController.js": {"path":"D:\\3Y 1SEM\\FYP\\mindora\\server\\src\\controllers\\gamificationController.js","statementMap":{"0":{"start":{"line":6,"column":28},"end":{"line":6,"column":70}},"1":{"start":{"line":7,"column":13},"end":{"line":7,"column":38}},"2":{"start":{"line":8,"column":20},"end":{"line":8,"column":52}},"3":{"start":{"line":9,"column":24},"end":{"line":9,"column":60}},"4":{"start":{"line":15,"column":14},"end":{"line":34,"column":1}},"5":{"start":{"line":16,"column":2},"end":{"line":33,"column":3}},"6":{"start":{"line":17,"column":19},"end":{"line":17,"column":31}},"7":{"start":{"line":18,"column":31},"end":{"line":18,"column":39}},"8":{"start":{"line":20,"column":4},"end":{"line":22,"column":5}},"9":{"start":{"line":21,"column":6},"end":{"line":21,"column":73}},"10":{"start":{"line":24,"column":19},"end":{"line":24,"column":74}},"11":{"start":{"line":26,"column":4},"end":{"line":29,"column":7}},"12":{"start":{"line":31,"column":4},"end":{"line":31,"column":42}},"13":{"start":{"line":32,"column":4},"end":{"line":32,"column":51}},"14":{"start":{"line":40,"column":23},"end":{"line":50,"column":1}},"15":{"start":{"line":41,"column":2},"end":{"line":49,"column":3}},"16":{"start":{"line":42,"column":19},"end":{"line":42,"column":31}},"17":{"start":{"line":43,"column":20},"end":{"line":43,"column":72}},"18":{"start":{"line":45,"column":4},"end":{"line":45,"column":22}},"19":{"start":{"line":47,"column":4},"end":{"line":47,"column":52}},"20":{"start":{"line":48,"column":4},"end":{"line":48,"column":51}},"21":{"start":{"line":58,"column":23},"end":{"line":77,"column":1}},"22":{"start":{"line":59,"column":2},"end":{"line":76,"column":3}},"23":{"start":{"line":60,"column":18},"end":{"line":60,"column":65}},"24":{"start":{"line":61,"column":17},"end":{"line":61,"column":59}},"25":{"start":{"line":63,"column":19},"end":{"line":63,"column":72}},"26":{"start":{"line":65,"column":4},"end":{"line":72,"column":7}},"27":{"start":{"line":74,"column":4},"end":{"line":74,"column":51}},"28":{"start":{"line":75,"column":4},"end":{"line":75,"column":51}},"29":{"start":{"line":83,"column":20},"end":{"line":93,"column":1}},"30":{"start":{"line":84,"column":2},"end":{"line":92,"column":3}},"31":{"start":{"line":85,"column":19},"end":{"line":85,"column":31}},"32":{"start":{"line":86,"column":17},"end":{"line":86,"column":62}},"33":{"start":{"line":88,"column":4},"end":{"line":88,"column":23}},"34":{"start":{"line":90,"column":4},"end":{"line":90,"column":49}},"35":{"start":{"line":91,"column":4},"end":{"line":91,"column":51}},"36":{"start":{"line":99,"column":29},"end":{"line":113,"column":1}},"37":{"start":{"line":100,"column":2},"end":{"line":112,"column":3}},"38":{"start":{"line":101,"column":19},"end":{"line":101,"column":31}},"39":{"start":{"line":102,"column":28},"end":{"line":102,"column":82}},"40":{"start":{"line":104,"column":4},"end":{"line":108,"column":7}},"41":{"start":{"line":110,"column":4},"end":{"line":110,"column":57}},"42":{"start":{"line":111,"column":4},"end":{"line":111,"column":51}},"43":{"start":{"line":119,"column":21},"end":{"line":152,"column":1}},"44":{"start":{"line":120,"column":2},"end":{"line":151,"column":3}},"45":{"start":{"line":121,"column":19},"end":{"line":121,"column":31}},"46":{"start":{"line":122,"column":20},"end":{"line":122,"column":72}},"47":{"start":{"line":124,"column":18},"end":{"line":124,"column":69}},"48":{"start":{"line":127,"column":25},"end":{"line":131,"column":5}},"49":{"start":{"line":133,"column":21},"end":{"line":133,"column":40}},"50":{"start":{"line":134,"column":29},"end":{"line":134,"column":51}},"51":{"start":{"line":135,"column":22},"end":{"line":135,"column":94}},"52":{"start":{"line":136,"column":26},"end":{"line":136,"column":68}},"53":{"start":{"line":137,"column":26},"end":{"line":137,"column":84}},"54":{"start":{"line":139,"column":4},"end":{"line":147,"column":7}},"55":{"start":{"line":149,"column":4},"end":{"line":149,"column":50}},"56":{"start":{"line":150,"column":4},"end":{"line":150,"column":51}},"57":{"start":{"line":158,"column":25},"end":{"line":180,"column":1}},"58":{"start":{"line":159,"column":2},"end":{"line":179,"column":3}},"59":{"start":{"line":160,"column":19},"end":{"line":160,"column":31}},"60":{"start":{"line":163,"column":4},"end":{"line":163,"column":51}},"61":{"start":{"line":166,"column":20},"end":{"line":166,"column":72}},"62":{"start":{"line":168,"column":4},"end":{"line":175,"column":7}},"63":{"start":{"line":177,"column":4},"end":{"line":177,"column":54}},"64":{"start":{"line":178,"column":4},"end":{"line":178,"column":51}},"65":{"start":{"line":186,"column":21},"end":{"line":220,"column":1}},"66":{"start":{"line":187,"column":2},"end":{"line":219,"column":3}},"67":{"start":{"line":188,"column":26},"end":{"line":188,"column":38}},"68":{"start":{"line":189,"column":24},"end":{"line":189,"column":41}},"69":{"start":{"line":191,"column":27},"end":{"line":191,"column":86}},"70":{"start":{"line":192,"column":25},"end":{"line":192,"column":82}},"71":{"start":{"line":195,"column":24},"end":{"line":195,"column":80}},"72":{"start":{"line":196,"column":22},"end":{"line":196,"column":76}},"73":{"start":{"line":198,"column":4},"end":{"line":215,"column":7}},"74":{"start":{"line":217,"column":4},"end":{"line":217,"column":49}},"75":{"start":{"line":218,"column":4},"end":{"line":218,"column":51}},"76":{"start":{"line":222,"column":0},"end":{"line":232,"column":2}},"77":{"start":{"line":239,"column":2},"end":{"line":273,"column":3}},"78":{"start":{"line":240,"column":19},"end":{"line":240,"column":31}},"79":{"start":{"line":242,"column":43},"end":{"line":245,"column":6}},"80":{"start":{"line":247,"column":20},"end":{"line":247,"column":57}},"81":{"start":{"line":248,"column":22},"end":{"line":248,"column":24}},"82":{"start":{"line":249,"column":4},"end":{"line":251,"column":7}},"83":{"start":{"line":250,"column":6},"end":{"line":250,"column":65}},"84":{"start":{"line":250,"column":25},"end":{"line":250,"column":65}},"85":{"start":{"line":253,"column":19},"end":{"line":267,"column":6}},"86":{"start":{"line":254,"column":26},"end":{"line":254,"column":55}},"87":{"start":{"line":255,"column":6},"end":{"line":266,"column":8}},"88":{"start":{"line":269,"column":4},"end":{"line":269,"column":46}},"89":{"start":{"line":271,"column":4},"end":{"line":271,"column":56}},"90":{"start":{"line":272,"column":4},"end":{"line":272,"column":84}}},"fnMap":{"0":{"name":"(anonymous_0)","decl":{"start":{"line":15,"column":14},"end":{"line":15,"column":15}},"loc":{"start":{"line":15,"column":34},"end":{"line":34,"column":1}},"line":15},"1":{"name":"(anonymous_1)","decl":{"start":{"line":40,"column":23},"end":{"line":40,"column":24}},"loc":{"start":{"line":40,"column":43},"end":{"line":50,"column":1}},"line":40},"2":{"name":"(anonymous_2)","decl":{"start":{"line":58,"column":23},"end":{"line":58,"column":24}},"loc":{"start":{"line":58,"column":43},"end":{"line":77,"column":1}},"line":58},"3":{"name":"(anonymous_3)","decl":{"start":{"line":83,"column":20},"end":{"line":83,"column":21}},"loc":{"start":{"line":83,"column":40},"end":{"line":93,"column":1}},"line":83},"4":{"name":"(anonymous_4)","decl":{"start":{"line":99,"column":29},"end":{"line":99,"column":30}},"loc":{"start":{"line":99,"column":49},"end":{"line":113,"column":1}},"line":99},"5":{"name":"(anonymous_5)","decl":{"start":{"line":119,"column":21},"end":{"line":119,"column":22}},"loc":{"start":{"line":119,"column":41},"end":{"line":152,"column":1}},"line":119},"6":{"name":"(anonymous_6)","decl":{"start":{"line":158,"column":25},"end":{"line":158,"column":26}},"loc":{"start":{"line":158,"column":45},"end":{"line":180,"column":1}},"line":158},"7":{"name":"(anonymous_7)","decl":{"start":{"line":186,"column":21},"end":{"line":186,"column":22}},"loc":{"start":{"line":186,"column":41},"end":{"line":220,"column":1}},"line":186},"8":{"name":"getAllAchievements","decl":{"start":{"line":238,"column":15},"end":{"line":238,"column":33}},"loc":{"start":{"line":238,"column":44},"end":{"line":274,"column":1}},"line":238},"9":{"name":"(anonymous_9)","decl":{"start":{"line":249,"column":19},"end":{"line":249,"column":20}},"loc":{"start":{"line":249,"column":24},"end":{"line":251,"column":5}},"line":249},"10":{"name":"(anonymous_10)","decl":{"start":{"line":253,"column":39},"end":{"line":253,"column":40}},"loc":{"start":{"line":253,"column":46},"end":{"line":267,"column":5}},"line":253}},"branchMap":{"0":{"loc":{"start":{"line":20,"column":4},"end":{"line":22,"column":5}},"type":"if","locations":[{"start":{"line":20,"column":4},"end":{"line":22,"column":5}},{"start":{},"end":{}}],"line":20},"1":{"loc":{"start":{"line":20,"column":8},"end":{"line":20,"column":41}},"type":"binary-expr","locations":[{"start":{"line":20,"column":8},"end":{"line":20,"column":15}},{"start":{"line":20,"column":19},"end":{"line":20,"column":26}},{"start":{"line":20,"column":30},"end":{"line":20,"column":41}}],"line":20},"2":{"loc":{"start":{"line":60,"column":27},"end":{"line":60,"column":59}},"type":"binary-expr","locations":[{"start":{"line":60,"column":27},"end":{"line":60,"column":52}},{"start":{"line":60,"column":56},"end":{"line":60,"column":59}}],"line":60},"3":{"loc":{"start":{"line":61,"column":26},"end":{"line":61,"column":55}},"type":"binary-expr","locations":[{"start":{"line":61,"column":26},"end":{"line":61,"column":50}},{"start":{"line":61,"column":54},"end":{"line":61,"column":55}}],"line":61},"4":{"loc":{"start":{"line":135,"column":22},"end":{"line":135,"column":94}},"type":"cond-expr","locations":[{"start":{"line":135,"column":46},"end":{"line":135,"column":54}},{"start":{"line":135,"column":57},"end":{"line":135,"column":94}}],"line":135},"5":{"loc":{"start":{"line":135,"column":57},"end":{"line":135,"column":94}},"type":"cond-expr","locations":[{"start":{"line":135,"column":81},"end":{"line":135,"column":87}},{"start":{"line":135,"column":90},"end":{"line":135,"column":94}}],"line":135},"6":{"loc":{"start":{"line":136,"column":26},"end":{"line":136,"column":68}},"type":"cond-expr","locations":[{"start":{"line":136,"column":38},"end":{"line":136,"column":61}},{"start":{"line":136,"column":64},"end":{"line":136,"column":68}}],"line":136},"7":{"loc":{"start":{"line":137,"column":26},"end":{"line":137,"column":84}},"type":"cond-expr","locations":[{"start":{"line":137,"column":42},"end":{"line":137,"column":77}},{"start":{"line":137,"column":80},"end":{"line":137,"column":84}}],"line":137},"8":{"loc":{"start":{"line":171,"column":17},"end":{"line":171,"column":50}},"type":"binary-expr","locations":[{"start":{"line":171,"column":17},"end":{"line":171,"column":45}},{"start":{"line":171,"column":49},"end":{"line":171,"column":50}}],"line":171},"9":{"loc":{"start":{"line":172,"column":17},"end":{"line":172,"column":50}},"type":"binary-expr","locations":[{"start":{"line":172,"column":17},"end":{"line":172,"column":45}},{"start":{"line":172,"column":49},"end":{"line":172,"column":50}}],"line":172},"10":{"loc":{"start":{"line":173,"column":23},"end":{"line":173,"column":67}},"type":"binary-expr","locations":[{"start":{"line":173,"column":23},"end":{"line":173,"column":59}},{"start":{"line":173,"column":63},"end":{"line":173,"column":67}}],"line":173},"11":{"loc":{"start":{"line":247,"column":20},"end":{"line":247,"column":57}},"type":"binary-expr","locations":[{"start":{"line":247,"column":20},"end":{"line":247,"column":51}},{"start":{"line":247,"column":55},"end":{"line":247,"column":57}}],"line":247},"12":{"loc":{"start":{"line":250,"column":6},"end":{"line":250,"column":65}},"type":"if","locations":[{"start":{"line":250,"column":6},"end":{"line":250,"column":65}},{"start":{},"end":{}}],"line":250},"13":{"loc":{"start":{"line":264,"column":14},"end":{"line":264,"column":39}},"type":"binary-expr","locations":[{"start":{"line":264,"column":14},"end":{"line":264,"column":31}},{"start":{"line":264,"column":35},"end":{"line":264,"column":39}}],"line":264},"14":{"loc":{"start":{"line":265,"column":20},"end":{"line":265,"column":51}},"type":"binary-expr","locations":[{"start":{"line":265,"column":20},"end":{"line":265,"column":43}},{"start":{"line":265,"column":47},"end":{"line":265,"column":51}}],"line":265}},"s":{"0":3,"1":3,"2":3,"3":3,"4":3,"5":0,"6":0,"7":0,"8":0,"9":0,"10":0,"11":0,"12":0,"13":0,"14":3,"15":1,"16":1,"17":1,"18":1,"19":0,"20":0,"21":3,"22":0,"23":0,"24":0,"25":0,"26":0,"27":0,"28":0,"29":3,"30":0,"31":0,"32":0,"33":0,"34":0,"35":0,"36":3,"37":0,"38":0,"39":0,"40":0,"41":0,"42":0,"43":3,"44":3,"45":3,"46":3,"47":3,"48":3,"49":3,"50":3,"51":3,"52":3,"53":3,"54":3,"55":0,"56":0,"57":3,"58":1,"59":1,"60":1,"61":1,"62":1,"63":0,"64":0,"65":3,"66":0,"67":0,"68":0,"69":0,"70":0,"71":0,"72":0,"73":0,"74":0,"75":0,"76":3,"77":0,"78":0,"79":0,"80":0,"81":0,"82":0,"83":0,"84":0,"85":0,"86":0,"87":0,"88":0,"89":0,"90":0},"f":{"0":0,"1":1,"2":0,"3":0,"4":0,"5":3,"6":1,"7":0,"8":0,"9":0,"10":0},"b":{"0":[0,0],"1":[0,0,0],"2":[0,0],"3":[0,0],"4":[1,2],"5":[1,1],"6":[2,1],"7":[2,1],"8":[1,0],"9":[1,0],"10":[1,0],"11":[0,0],"12":[0,0],"13":[0,0],"14":[0,0]},"_coverageSchema":"1a1c01bbd47fc00a2c39e90264f33305004495a9","hash":"0b9dd6285d3b0d18c98c10246f0e4f78168dc9b7"}
,"D:\\3Y 1SEM\\FYP\\mindora\\server\\src\\controllers\\goalController.js": {"path":"D:\\3Y 1SEM\\FYP\\mindora\\server\\src\\controllers\\goalController.js","statementMap":{"0":{"start":{"line":1,"column":13},"end":{"line":1,"column":38}},"1":{"start":{"line":2,"column":25},"end":{"line":2,"column":62}},"2":{"start":{"line":3,"column":16},"end":{"line":3,"column":44}},"3":{"start":{"line":4,"column":24},"end":{"line":4,"column":60}},"4":{"start":{"line":5,"column":20},"end":{"line":5,"column":52}},"5":{"start":{"line":6,"column":45},"end":{"line":6,"column":78}},"6":{"start":{"line":7,"column":18},"end":{"line":7,"column":50}},"7":{"start":{"line":8,"column":25},"end":{"line":8,"column":69}},"8":{"start":{"line":9,"column":24},"end":{"line":9,"column":62}},"9":{"start":{"line":10,"column":28},"end":{"line":10,"column":70}},"10":{"start":{"line":11,"column":28},"end":{"line":11,"column":70}},"11":{"start":{"line":12,"column":27},"end":{"line":12,"column":68}},"12":{"start":{"line":13,"column":13},"end":{"line":13,"column":28}},"13":{"start":{"line":14,"column":11},"end":{"line":14,"column":24}},"14":{"start":{"line":17,"column":22},"end":{"line":17,"column":23}},"15":{"start":{"line":18,"column":25},"end":{"line":18,"column":27}},"16":{"start":{"line":19,"column":18},"end":{"line":19,"column":20}},"17":{"start":{"line":26,"column":0},"end":{"line":50,"column":2}},"18":{"start":{"line":27,"column":2},"end":{"line":49,"column":3}},"19":{"start":{"line":28,"column":37},"end":{"line":28,"column":46}},"20":{"start":{"line":30,"column":4},"end":{"line":35,"column":5}},"21":{"start":{"line":31,"column":6},"end":{"line":34,"column":9}},"22":{"start":{"line":37,"column":19},"end":{"line":37,"column":81}},"23":{"start":{"line":39,"column":4},"end":{"line":42,"column":7}},"24":{"start":{"line":44,"column":4},"end":{"line":44,"column":52}},"25":{"start":{"line":45,"column":4},"end":{"line":48,"column":7}},"26":{"start":{"line":57,"column":0},"end":{"line":119,"column":2}},"27":{"start":{"line":58,"column":2},"end":{"line":118,"column":3}},"28":{"start":{"line":59,"column":58},"end":{"line":59,"column":66}},"29":{"start":{"line":60,"column":19},"end":{"line":60,"column":31}},"30":{"start":{"line":63,"column":4},"end":{"line":68,"column":5}},"31":{"start":{"line":64,"column":6},"end":{"line":67,"column":9}},"32":{"start":{"line":71,"column":4},"end":{"line":80,"column":5}},"33":{"start":{"line":72,"column":28},"end":{"line":72,"column":101}},"34":{"start":{"line":73,"column":6},"end":{"line":79,"column":7}},"35":{"start":{"line":74,"column":8},"end":{"line":78,"column":11}},"36":{"start":{"line":83,"column":17},"end":{"line":91,"column":6}},"37":{"start":{"line":93,"column":4},"end":{"line":93,"column":22}},"38":{"start":{"line":96,"column":4},"end":{"line":99,"column":67}},"39":{"start":{"line":97,"column":18},"end":{"line":97,"column":86}},"40":{"start":{"line":98,"column":18},"end":{"line":98,"column":66}},"41":{"start":{"line":99,"column":18},"end":{"line":99,"column":65}},"42":{"start":{"line":102,"column":4},"end":{"line":107,"column":66}},"43":{"start":{"line":107,"column":17},"end":{"line":107,"column":64}},"44":{"start":{"line":109,"column":4},"end":{"line":110,"column":7}},"45":{"start":{"line":112,"column":4},"end":{"line":112,"column":47}},"46":{"start":{"line":113,"column":4},"end":{"line":117,"column":7}},"47":{"start":{"line":124,"column":0},"end":{"line":236,"column":2}},"48":{"start":{"line":125,"column":2},"end":{"line":235,"column":3}},"49":{"start":{"line":126,"column":58},"end":{"line":126,"column":66}},"50":{"start":{"line":127,"column":19},"end":{"line":127,"column":31}},"51":{"start":{"line":128,"column":18},"end":{"line":128,"column":33}},"52":{"start":{"line":131,"column":4},"end":{"line":142,"column":5}},"53":{"start":{"line":133,"column":6},"end":{"line":137,"column":9}},"54":{"start":{"line":134,"column":8},"end":{"line":136,"column":11}},"55":{"start":{"line":135,"column":10},"end":{"line":135,"column":62}},"56":{"start":{"line":135,"column":19},"end":{"line":135,"column":62}},"57":{"start":{"line":138,"column":6},"end":{"line":141,"column":9}},"58":{"start":{"line":145,"column":4},"end":{"line":155,"column":5}},"59":{"start":{"line":146,"column":28},"end":{"line":146,"column":101}},"60":{"start":{"line":147,"column":6},"end":{"line":154,"column":7}},"61":{"start":{"line":148,"column":8},"end":{"line":148,"column":93}},"62":{"start":{"line":148,"column":30},"end":{"line":148,"column":91}},"63":{"start":{"line":148,"column":60},"end":{"line":148,"column":88}},"64":{"start":{"line":148,"column":69},"end":{"line":148,"column":88}},"65":{"start":{"line":149,"column":8},"end":{"line":153,"column":11}},"66":{"start":{"line":158,"column":4},"end":{"line":168,"column":5}},"67":{"start":{"line":159,"column":6},"end":{"line":163,"column":9}},"68":{"start":{"line":160,"column":8},"end":{"line":162,"column":11}},"69":{"start":{"line":161,"column":10},"end":{"line":161,"column":62}},"70":{"start":{"line":161,"column":19},"end":{"line":161,"column":62}},"71":{"start":{"line":164,"column":6},"end":{"line":167,"column":9}},"72":{"start":{"line":171,"column":4},"end":{"line":183,"column":5}},"73":{"start":{"line":172,"column":6},"end":{"line":182,"column":7}},"74":{"start":{"line":173,"column":8},"end":{"line":177,"column":11}},"75":{"start":{"line":174,"column":10},"end":{"line":176,"column":13}},"76":{"start":{"line":175,"column":12},"end":{"line":175,"column":64}},"77":{"start":{"line":175,"column":21},"end":{"line":175,"column":64}},"78":{"start":{"line":178,"column":8},"end":{"line":181,"column":11}},"79":{"start":{"line":186,"column":22},"end":{"line":193,"column":7}},"80":{"start":{"line":186,"column":41},"end":{"line":193,"column":5}},"81":{"start":{"line":196,"column":17},"end":{"line":204,"column":6}},"82":{"start":{"line":206,"column":4},"end":{"line":206,"column":22}},"83":{"start":{"line":209,"column":4},"end":{"line":213,"column":5}},"84":{"start":{"line":210,"column":6},"end":{"line":212,"column":9}},"85":{"start":{"line":211,"column":8},"end":{"line":211,"column":59}},"86":{"start":{"line":216,"column":4},"end":{"line":221,"column":66}},"87":{"start":{"line":221,"column":17},"end":{"line":221,"column":64}},"88":{"start":{"line":223,"column":4},"end":{"line":227,"column":7}},"89":{"start":{"line":229,"column":4},"end":{"line":229,"column":62}},"90":{"start":{"line":230,"column":4},"end":{"line":234,"column":7}},"91":{"start":{"line":241,"column":0},"end":{"line":267,"column":2}},"92":{"start":{"line":242,"column":2},"end":{"line":266,"column":3}},"93":{"start":{"line":243,"column":19},"end":{"line":243,"column":31}},"94":{"start":{"line":244,"column":44},"end":{"line":244,"column":53}},"95":{"start":{"line":246,"column":18},"end":{"line":246,"column":34}},"96":{"start":{"line":247,"column":4},"end":{"line":249,"column":5}},"97":{"start":{"line":248,"colu
[...]
umn":17},"end":{"line":231,"column":19}},"74":{"start":{"line":232,"column":14},"end":{"line":232,"column":15}},"75":{"start":{"line":234,"column":2},"end":{"line":256,"column":3}},"76":{"start":{"line":235,"column":14},"end":{"line":235,"column":31}},"77":{"start":{"line":238,"column":4},"end":{"line":250,"column":5}},"78":{"start":{"line":240,"column":29},"end":{"line":240,"column":58}},"79":{"start":{"line":241,"column":6},"end":{"line":249,"column":7}},"80":{"start":{"line":242,"column":8},"end":{"line":242,"column":29}},"81":{"start":{"line":245,"column":30},"end":{"line":245,"column":57}},"82":{"start":{"line":246,"column":8},"end":{"line":248,"column":9}},"83":{"start":{"line":247,"column":10},"end":{"line":247,"column":34}},"84":{"start":{"line":252,"column":4},"end":{"line":252,"column":51}},"85":{"start":{"line":253,"column":4},"end":{"line":253,"column":26}},"86":{"start":{"line":255,"column":4},"end":{"line":255,"column":29}},"87":{"start":{"line":255,"column":19},"end":{"line":255,"column":29}},"88":{"start":{"line":258,"column":2},"end":{"line":258,"column":16}},"89":{"start":{"line":261,"column":0},"end":{"line":271,"column":2}}},"fnMap":{"0":{"name":"(anonymous_0)","decl":{"start":{"line":11,"column":21},"end":{"line":11,"column":22}},"loc":{"start":{"line":11,"column":33},"end":{"line":21,"column":1}},"line":11},"1":{"name":"(anonymous_1)","decl":{"start":{"line":23,"column":20},"end":{"line":23,"column":21}},"loc":{"start":{"line":23,"column":32},"end":{"line":33,"column":1}},"line":23},"2":{"name":"extractFromPDF","decl":{"start":{"line":41,"column":15},"end":{"line":41,"column":29}},"loc":{"start":{"line":41,"column":54},"end":{"line":69,"column":1}},"line":41},"3":{"name":"extractFromDOCX","decl":{"start":{"line":76,"column":15},"end":{"line":76,"column":30}},"loc":{"start":{"line":76,"column":41},"end":{"line":93,"column":1}},"line":76},"4":{"name":"extractFromTXT","decl":{"start":{"line":100,"column":15},"end":{"line":100,"column":29}},"loc":{"start":{"line":100,"column":40},"end":{"line":110,"column":1}},"line":100},"5":{"name":"cleanExtractedText","decl":{"start":{"line":117,"column":9},"end":{"line":117,"column":27}},"loc":{"start":{"line":117,"column":34},"end":{"line":134,"column":1}},"line":117},"6":{"name":"(anonymous_6)","decl":{"start":{"line":130,"column":9},"end":{"line":130,"column":10}},"loc":{"start":{"line":130,"column":17},"end":{"line":130,"column":28}},"line":130},"7":{"name":"extractText","decl":{"start":{"line":143,"column":15},"end":{"line":143,"column":26}},"loc":{"start":{"line":143,"column":61},"end":{"line":177,"column":1}},"line":143},"8":{"name":"isSupportedFileType","decl":{"start":{"line":184,"column":9},"end":{"line":184,"column":28}},"loc":{"start":{"line":184,"column":39},"end":{"line":191,"column":1}},"line":184},"9":{"name":"getSupportedExtensions","decl":{"start":{"line":197,"column":9},"end":{"line":197,"column":31}},"loc":{"start":{"line":197,"column":34},"end":{"line":199,"column":1}},"line":197},"10":{"name":"truncateText","decl":{"start":{"line":207,"column":9},"end":{"line":207,"column":21}},"loc":{"start":{"line":207,"column":48},"end":{"line":219,"column":1}},"line":207},"11":{"name":"splitIntoChunks","decl":{"start":{"line":228,"column":9},"end":{"line":228,"column":24}},"loc":{"start":{"line":228,"column":65},"end":{"line":259,"column":1}},"line":228}},"branchMap":{"0":{"loc":{"start":{"line":12,"column":2},"end":{"line":19,"column":3}},"type":"if","locations":[{"start":{"line":12,"column":2},"end":{"line":19,"column":3}},{"start":{},"end":{}}],"line":12},"1":{"loc":{"start":{"line":24,"column":2},"end":{"line":31,"column":3}},"type":"if","locations":[{"start":{"line":24,"column":2},"end":{"line":31,"column":3}},{"start":{},"end":{}}],"line":24},"2":{"loc":{"start":{"line":41,"column":40},"end":{"line":41,"column":52}},"type":"default-arg","locations":[{"start":{"line":41,"column":50},"end":{"line":41,"column":52}}],"line":41},"3":{"loc":{"start":{"line":44,"column":19},"end":{"line":44,"column":41}},"type":"binary-expr","locations":[{"start":{"line":44,"column":19},"end":{"line":44,"column":35}},{"start":{"line":44,"column":39},"end":{"line":44,"column":41}}],"line":44},"4":{"loc":{"start":{"line":57,"column":15},"end":{"line":57,"column":30}},"type":"binary-expr","locations":[{"start":{"line":57,"column":15},"end":{"line":57,"column":24}},{"start":{"line":57,"column":28},"end":{"line":57,"column":30}}],"line":57},"5":{"loc":{"start":{"line":82,"column":15},"end":{"line":82,"column":33}},"type":"binary-expr","locations":[{"start":{"line":82,"column":15},"end":{"line":82,"column":27}},{"start":{"line":82,"column":31},"end":{"line":82,"column":33}}],"line":82},"6":{"loc":{"start":{"line":118,"column":2},"end":{"line":118,"column":23}},"type":"if","locations":[{"start":{"line":118,"column":2},"end":{"line":118,"column":23}},{"start":{},"end":{}}],"line":118},"7":{"loc":{"start":{"line":143,"column":47},"end":{"line":143,"column":59}},"type":"default-arg","locations":[{"start":{"line":143,"column":57},"end":{"line":143,"column":59}}],"line":143},"8":{"loc":{"start":{"line":145,"column":2},"end":{"line":147,"column":3}},"type":"if","locations":[{"start":{"line":145,"column":2},"end":{"line":147,"column":3}},{"start":{},"end":{}}],"line":145},"9":{"loc":{"start":{"line":151,"column":18},"end":{"line":151,"column":41}},"type":"binary-expr","locations":[{"start":{"line":151,"column":18},"end":{"line":151,"column":35}},{"start":{"line":151,"column":39},"end":{"line":151,"column":41}}],"line":151},"10":{"loc":{"start":{"line":154,"column":2},"end":{"line":156,"column":3}},"type":"if","locations":[{"start":{"line":154,"column":2},"end":{"line":156,"column":3}},{"start":{},"end":{}}],"line":154},"11":{"loc":{"start":{"line":161,"column":2},"end":{"line":176,"column":3}},"type":"if","locations":[{"start":{"line":161,"column":2},"end":{"line":176,"column":3}},{"start":{"line":163,"column":9},"end":{"line":176,"column":3}}],"line":161},"12":{"loc":{"start":{"line":161,"column":6},"end":{"line":161,"column":54}},"type":"binary-expr","locations":[{"start":{"line":161,"column":6},"end":{"line":161,"column":36}},{"start":{"line":161,"column":40},"end":{"line":161,"column":54}}],"line":161},"13":{"loc":{"start":{"line":163,"column":9},"end":{"line":176,"column":3}},"type":"if","locations":[{"start":{"line":163,"column":9},"end":{"line":176,"column":3}},{"start":{"line":168,"column":9},"end":{"line":176,"column":3}}],"line":163},"14":{"loc":{"start":{"line":164,"column":4},"end":{"line":165,"column":19}},"type":"binary-expr","locations":[{"start":{"line":164,"column":4},"end":{"line":164,"column":90}},{"start":{"line":165,"column":4},"end":{"line":165,"column":19}}],"line":164},"15":{"loc":{"start":{"line":168,"column":9},"end":{"line":176,"column":3}},"type":"if","locations":[{"start":{"line":168,"column":9},"end":{"line":176,"column":3}},{"start":{"line":174,"column":9},"end":{"line":176,"column":3}}],"line":168},"16":{"loc":{"start":{"line":169,"column":4},"end":{"line":171,"column":17}},"type":"binary-expr","locations":[{"start":{"line":169,"column":4},"end":{"line":169,"column":29}},{"start":{"line":170,"column":4},"end":{"line":170,"column":18}},{"start":{"line":171,"column":4},"end":{"line":171,"column":17}}],"line":169},"17":{"loc":{"start":{"line":175,"column":46},"end":{"line":175,"column":61}},"type":"binary-expr","locations":[{"start":{"line":175,"column":46},"end":{"line":175,"column":54}},{"start":{"line":175,"column":58},"end":{"line":175,"column":61}}],"line":175},"18":{"loc":{"start":{"line":207,"column":28},"end":{"line":207,"column":46}},"type":"default-arg","locations":[{"start":{"line":207,"column":40},"end":{"line":207,"column":46}}],"line":207},"19":{"loc":{"start":{"line":208,"column":2},"end":{"line":208,"column":53}},"type":"if","locations":[{"start":{"line":208,"column":2},"end":{"line":208,"column":53}},{"start":{},"end":{}}],"line":208},"20":{"loc":{"start":{"line":208,"column":6},"end":{"line":208,"column":39}},"type":"binary-expr","locations":[{"start":{"line":208,"column":6},"end":{"line":208,"column":11}},{"start":{"line":208,"column":15},"end":{"line":208,"column":39}}],"line":208},"21":{"loc":{"start":{"line":214,"column":2},"end":{"line":216,"column":3}},"type":"if","locations":[{"start":{"line":214,"column":2},"end":{"line":216,"column":3}},{"start":{},"end":{}}],"line":214},"22":{"loc":{"start":{"line":228,"column":31},"end":{"line":228,"column":48}},"type":"default-arg","locations":[{"start":{"line":228,"column":43},"end":{"line":228,"column":48}}],"line":228},"23":{"loc":{"start":{"line":228,"column":50},"end":{"line":228,"column":63}},"type":"default-arg","locations":[{"start":{"line":228,"column":60},"end":{"line":228,"column":63}}],"line":228},"24":{"loc":{"start":{"line":229,"column":2},"end":{"line":229,"column":55}},"type":"if","locations":[{"start":{"line":229,"column":2},"end":{"line":229,"column":55}},{"start":{},"end":{}}],"line":229},"25":{"loc":{"start":{"line":229,"column":6},"end":{"line":229,"column":39}},"type":"binary-expr","locations":[{"start":{"line":229,"column":6},"end":{"line":229,"column":11}},{"start":{"line":229,"column":15},"end":{"line":229,"column":39}}],"line":229},"26":{"loc":{"start":{"line":238,"column":4},"end":{"line":250,"column":5}},"type":"if","locations":[{"start":{"line":238,"column":4},"end":{"line":250,"column":5}},{"start":{},"end":{}}],"line":238},"27":{"loc":{"start":{"line":241,"column":6},"end":{"line":249,"column":7}},"type":"if","locations":[{"start":{"line":241,"column":6},"end":{"line":249,"column":7}},{"start":{"line":243,"column":13},"end":{"line":249,"column":7}}],"line":241},"28":{"loc":{"start":{"line":246,"column":8},"end":{"line":248,"column":9}},"type":"if","locations":[{"start":{"line":246,"column":8},"end":{"line":248,"column":9}},{"start":{},"end":{}}],"line":246},"29":{"loc":{"start":{"line":255,"column":4},"end":{"line":255,"column":29}},"type":"if","locations":[{"start":{"line":255,"column":4},"end":{"line":255,"column":29}},{"start":{},"end":{}}],"line":255}},"s":{"0":3,"1":3,"2":3,"3":3,"4":3,"5":0,"6":0,"7":0,"8":0,"9":0,"10":0,"11":3,"12":0,"13":0,"14":0,"15":0,"16":0,"17":0,"18":0,"19":0,"20":0,"21":0,"22":0,"23":0,"24":0,"25":0,"26":0,"27":0,"28":0,"29":0,"30":0,"31":0,"32":0,"33":0,"34":0,"35":0,"36":0,"37":0,"38":0,"39":0,"40":0,"41":0,"42":0,"43":0,"44":0,"45":0,"46":0,"47":0,"48":0,"49":0,"50":0,"51":0,"52":0,"53":0,"54":0,"55":0,"56":0,"57":0,"58":0,"59":0,"60":0,"61":0,"62":0,"63":0,"64":0,"65":0,"66":0,"67":0,"68":0,"69":0,"70":0,"71":0,"72":0,"73":0,"74":0,"75":0,"76":0,"77":0,"78":0,"79":0,"80":0,"81":0,"82":0,"83":0,"84":0,"85":0,"86":0,"87":0,"88":0,"89":3},"f":{"0":0,"1":0,"2":0,"3":0,"4":0,"5":0,"6":0,"7":0,"8":0,"9":0,"10":0,"11":0},"b":{"0":[0,0],"1":[0,0],"2":[0],"3":[0,0],"4":[0,0],"5":[0,0],"6":[0,0],"7":[0],"8":[0,0],"9":[0,0],"10":[0,0],"11":[0,0],"12":[0,0],"13":[0,0],"14":[0,0],"15":[0,0],"16":[0,0,0],"17":[0,0],"18":[0],"19":[0,0],"20":[0,0],"21":[0,0],"22":[0],"23":[0],"24":[0,0],"25":[0,0],"26":[0,0],"27":[0,0],"28":[0,0],"29":[0,0]},"_coverageSchema":"1a1c01bbd47fc00a2c39e90264f33305004495a9","hash":"289195812c7c046d2fab7567eb266080c03167f1"}
,"D:\\3Y 1SEM\\FYP\\mindora\\server\\src\\utils\\tokenUtils.js": {"path":"D:\\3Y 1SEM\\FYP\\mindora\\server\\src\\utils\\tokenUtils.js","statementMap":{"0":{"start":{"line":1,"column":12},"end":{"line":1,"column":35}},"1":{"start":{"line":4,"column":22},"end":{"line":18,"column":1}},"2":{"start":{"line":5,"column":2},"end":{"line":17,"column":4}},"3":{"start":{"line":21,"column":29},"end":{"line":31,"column":1}},"4":{"start":{"line":22,"column":2},"end":{"line":30,"column":4}},"5":{"start":{"line":34,"column":20},"end":{"line":43,"column":1}},"6":{"start":{"line":35,"column":2},"end":{"line":42,"column":3}},"7":{"start":{"line":36,"column":4},"end":{"line":39,"column":7}},"8":{"start":{"line":41,"column":4},"end":{"line":41,"column":67}},"9":{"start":{"line":46,"column":32},"end":{"line":65,"column":1}},"10":{"start":{"line":47,"column":14},"end":{"line":47,"column":18}},"11":{"start":{"line":50,"column":2},"end":{"line":62,"column":3}},"12":{"start":{"line":51,"column":4},"end":{"line":51,"column":52}},"13":{"start":{"line":55,"column":7},"end":{"line":62,"column":3}},"14":{"start":{"line":56,"column":4},"end":{"line":56,"column":30}},"15":{"start":{"line":60,"column":7},"end":{"line":62,"column":3}},"16":{"start":{"line":61,"column":4},"end":{"line":61,"column":28}},"17":{"start":{"line":64,"column":2},"end":{"line":64,"column":15}},"18":{"start":{"line":68,"column":23},"end":{"line":78,"column":1}},"19":{"start":{"line":69,"column":23},"end":{"line":69,"column":60}},"20":{"start":{"line":71,"column":2},"end":{"line":77,"column":5}},"21":{"start":{"line":81,"column":25},"end":{"line":89,"column":1}},"22":{"start":{"line":82,"column":2},"end":{"line":88,"column":5}},"23":{"start":{"line":91,"column":0},"end":{"line":98,"column":2}}},"fnMap":{"0":{"name":"(anonymous_0)","decl":{"start":{"line":4,"column":22},"end":{"line":4,"column":23}},"loc":{"start":{"line":4,"column":40},"end":{"line":18,"column":1}},"line":4},"1":{"name":"(anonymous_1)","decl":{"start":{"line":21,"column":29},"end":{"line":21,"column":30}},"loc":{"start":{"line":21,"column":41},"end":{"line":31,"column":1}},"line":21},"2":{"name":"(anonymous_2)","decl":{"start":{"line":34,"column":20},"end":{"line":34,"column":21}},"loc":{"start":{"line":34,"column":64},"end":{"line":43,"column":1}},"line":34},"3":{"name":"(anonymous_3)","decl":{"start":{"line":46,"column":32},"end":{"line":46,"column":33}},"loc":{"start":{"line":46,"column":41},"end":{"line":65,"column":1}},"line":46},"4":{"name":"(anonymous_4)","decl":{"start":{"line":68,"column":23},"end":{"line":68,"column":24}},"loc":{"start":{"line":68,"column":55},"end":{"line":78,"column":1}},"line":68},"5":{"name":"(anonymous_5)","decl":{"start":{"line":81,"column":25},"end":{"line":81,"column":26}},"loc":{"start":{"line":81,"column":50},"end":{"line":89,"column":1}},"line":81}},"branchMap":{"0":{"loc":{"start":{"line":13,"column":17},"end":{"line":13,"column":51}},"type":"binary-expr","locations":[{"start":{"line":13,"column":17},"end":{"line":13,"column":43}},{"start":{"line":13,"column":47},"end":{"line":13,"column":51}}],"line":13},"1":{"loc":{"start":{"line":24,"column":4},"end":{"line":24,"column":60}},"type":"binary-expr","locations":[{"start":{"line":24,"column":4},"end":{"line":24,"column":34}},{"start":{"line":24,"column":38},"end":{"line":24,"column":60}}],"line":24},"2":{"loc":{"start":{"line":26,"column":17},"end":{"line":26,"column":60}},"type":"binary-expr","locations":[{"start":{"line":26,"column":17},"end":{"line":26,"column":51}},{"start":{"line":26,"column":55},"end":{"line":26,"column":60}}],"line":26},"3":{"loc":{"start":{"line":34,"column":28},"end":{"line":34,"column":59}},"type":"default-arg","locations":[{"start":{"line":34,"column":37},"end":{"line":34,"column":59}}],"line":34},"4":{"loc":{"start":{"line":50,"column":2},"end":{"line":62,"column":3}},"type":"if","locations":[{"start":{"line":50,"column":2},"end":{"line":62,"column":3}},{"start":{"line":55,"column":7},"end":{"line":62,"column":3}}],"line":50},"5":{"loc":{"start":{"line":50,"column":6},"end":{"line":50,"column":82}},"type":"binary-expr","locations":[{"start":{"line":50,"column":6},"end":{"line":50,"column":31}},{"start":{"line":50,"column":35},"end":{"line":50,"column":82}}],"line":50},"6":{"loc":{"start":{"line":55,"column":7},"end":{"line":62,"column":3}},"type":"if","locations":[{"start":{"line":55,"column":7},"end":{"line":62,"column":3}},{"start":{"line":60,"column":7},"end":{"line":62,"column":3}}],"line":55},"7":{"loc":{"start":{"line":55,"column":11},"end":{"line":55,"column":43}},"type":"binary-expr","locations":[{"start":{"line":55,"column":11},"end":{"line":55,"column":22}},{"start":{"line":55,"column":26},"end":{"line":55,"column":43}}],"line":55},"8":{"loc":{"start":{"line":60,"column":7},"end":{"line":62,"column":3}},"type":"if","locations":[{"start":{"line":60,"column":7},"end":{"line":62,"column":3}},{"start":{},"end":{}}],"line":60},"9":{"loc":{"start":{"line":68,"column":36},"end":{"line":68,"column":50}},"type":"default-arg","locations":[{"start":{"line":68,"column":43},"end":{"line":68,"column":50}}],"line":68},"10":{"loc":{"start":{"line":81,"column":31},"end":{"line":81,"column":45}},"type":"default-arg","locations":[{"start":{"line":81,"column":38},"end":{"line":81,"column":45}}],"line":81}},"s":{"0":3,"1":3,"2":14,"3":3,"4":1,"5":3,"6":12,"7":12,"8":0,"9":3,"10":14,"11":14,"12":12,"13":2,"14":0,"15":2,"16":0,"17":14,"18":3,"19":1,"20":1,"21":3,"22":0,"23":3},"f":{"0":14,"1":1,"2":12,"3":14,"4":1,"5":0},"b":{"0":[14,0],"1":[1,0],"2":[1,1],"3":[12],"4":[12,2],"5":[14,12],"6":[0,2],"7":[2,2],"8":[0,2],"9":[1],"10":[0]},"_coverageSchema":"1a1c01bbd47fc00a2c39e90264f33305004495a9","hash":"31a4462b9a629ca52173c45f1e6700dfb12bf531"}
,"D:\\3Y 1SEM\\FYP\\mindora\\server\\tests\\setup\\app.js": {"path":"D:\\3Y 1SEM\\FYP\\mindora\\server\\tests\\setup\\app.js","statementMap":{"0":{"start":{"line":1,"column":16},"end":{"line":1,"column":34}},"1":{"start":{"line":2,"column":21},"end":{"line":2,"column":45}},"2":{"start":{"line":10,"column":14},"end":{"line":10,"column":23}},"3":{"start":{"line":12,"column":2},"end":{"line":12,"column":43}},"4":{"start":{"line":13,"column":2},"end":{"line":13,"column":50}},"5":{"start":{"line":14,"column":2},"end":{"line":14,"column":26}},"6":{"start":{"line":17,"column":2},"end":{"line":17,"column":63}},"7":{"start":{"line":18,"column":2},"end":{"line":18,"column":64}},"8":{"start":{"line":19,"column":2},"end":{"line":19,"column":79}},"9":{"start":{"line":21,"column":2},"end":{"line":21,"column":13}},"10":{"start":{"line":24,"column":0},"end":{"line":24,"column":35}}},"fnMap":{"0":{"name":"createTestApp","decl":{"start":{"line":9,"column":9},"end":{"line":9,"column":22}},"loc":{"start":{"line":9,"column":25},"end":{"line":22,"column":1}},"line":9}},"branchMap":{},"s":{"0":3,"1":3,"2":3,"3":3,"4":3,"5":3,"6":3,"7":3,"8":3,"9":3,"10":3},"f":{"0":3},"b":{},"_coverageSchema":"1a1c01bbd47fc00a2c39e90264f33305004495a9","hash":"8b51e8555ac4a06ea682f08b395c76a4a38a102c"}
,"D:\\3Y 1SEM\\FYP\\mindora\\server\\tests\\setup\\db.js": {"path":"D:\\3Y 1SEM\\FYP\\mindora\\server\\tests\\setup\\db.js","statementMap":{"0":{"start":{"line":1,"column":30},"end":{"line":1,"column":62}},"1":{"start":{"line":2,"column":17},"end":{"line":2,"column":36}},"2":{"start":{"line":11,"column":2},"end":{"line":11,"column":44}},"3":{"start":{"line":12,"column":14},"end":{"line":12,"column":29}},"4":{"start":{"line":13,"column":2},"end":{"line":13,"column":30}},"5":{"start":{"line":21,"column":2},"end":{"line":21,"column":43}},"6":{"start":{"line":22,"column":2},"end":{"line":22,"column":36}},"7":{"start":{"line":23,"column":2},"end":{"line":23,"column":22}},"8":{"start":{"line":31,"column":22},"end":{"line":31,"column":53}},"9":{"start":{"line":32,"column":2},"end":{"line":34,"column":3}},"10":{"start":{"line":33,"column":4},"end":{"line":33,"column":42}},"11":{"start":{"line":37,"column":0},"end":{"line":37,"column":43}}},"fnMap":{"0":{"name":"connect","decl":{"start":{"line":10,"column":15},"end":{"line":10,"column":22}},"loc":{"start":{"line":10,"column":25},"end":{"line":14,"column":1}},"line":10},"1":{"name":"close","decl":{"start":{"line":20,"column":15},"end":{"line":20,"column":20}},"loc":{"start":{"line":20,"column":23},"end":{"line":24,"column":1}},"line":20},"2":{"name":"clear","decl":{"start":{"line":30,"column":15},"end":{"line":30,"column":20}},"loc":{"start":{"line":30,"column":23},"end":{"line":35,"column":1}},"line":30}},"branchMap":{},"s":{"0":6,"1":6,"2":6,"3":6,"4":6,"5":6,"6":6,"7":6,"8":29,"9":29,"10":261,"11":6},"f":{"0":6,"1":6,"2":29},"b":{},"_coverageSchema":"1a1c01bbd47fc00a2c39e90264f33305004495a9","hash":"82ac2a38138363bde07c5d3d3796e7aa6d4f69eb"}
}
