TN:
SF:src\controllers\authController.js
FN:19,(anonymous_0)
FN:165,(anonymous_1)
FN:269,(anonymous_2)
FN:270,(anonymous_3)
FN:347,(anonymous_4)
FN:419,(anonymous_5)
FN:451,(anonymous_6)
FN:452,(anonymous_7)
FN:493,(anonymous_8)
FN:584,(anonymous_9)
FN:585,(anonymous_10)
FN:619,(anonymous_11)
FN:657,(anonymous_12)
FN:680,(anonymous_13)
FN:723,(anonymous_14)
FN:780,(anonymous_15)
FN:829,(anonymous_16)
FN:836,(anonymous_17)
FN:923,(anonymous_18)
FN:1006,(anonymous_19)
FN:1025,(anonymous_20)
FN:1092,(anonymous_21)
FN:1161,(anonymous_22)
FNF:23
FNH:4
FNDA:13,(anonymous_0)
FNDA:0,(anonymous_1)
FNDA:0,(anonymous_2)
FNDA:0,(anonymous_3)
FNDA:0,(anonymous_4)
FNDA:0,(anonymous_5)
FNDA:0,(anonymous_6)
FNDA:0,(anonymous_7)
FNDA:15,(anonymous_8)
FNDA:1,(anonymous_9)
FNDA:0,(anonymous_10)
FNDA:0,(anonymous_11)
FNDA:0,(anonymous_12)
FNDA:0,(anonymous_13)
FNDA:0,(anonymous_14)
FNDA:0,(anonymous_15)
FNDA:0,(anonymous_16)
FNDA:4,(anonymous_17)
FNDA:0,(anonymous_18)
FNDA:0,(anonymous_19)
FNDA:0,(anonymous_20)
FNDA:0,(anonymous_21)
FNDA:0,(anonymous_22)
DA:1,3
DA:2,3
DA:9,3
DA:10,3
DA:11,3
DA:14,3
DA:19,3
DA:20,13
DA:21,13
DA:24,13
DA:25,1
DA:32,12
DA:33,1
DA:40,11
DA:42,11
DA:44,2
DA:45,1
DA:46,1
DA:50,1
DA:53,1
DA:55,1
DA:67,1
DA:68,0
DA:80,1
DA:87,9
DA:88,9
DA:89,9
DA:92,9
DA:93,0
DA:94,0
DA:98,9
DA:101,9
DA:115,9
DA:118,9
DA:119,9
DA:120,9
DA:121,9
DA:122,9
DA:123,9
DA:125,0
DA:126,0
DA:130,9
DA:144,0
DA:146,0
DA:147,0
DA:148,0
DA:154,0
DA:165,3
DA:166,0
DA:167,0
DA:169,0
DA:170,0
DA:177,0
DA:182,0
DA:183,0
DA:186,0
DA:190,0
DA:194,0
DA:195,0
DA:196,0
DA:197,0
DA:198,0
DA:199,0
DA:200,0
DA:202,0
DA:217,0
DA:219,0
DA:220,0
DA:221,0
DA:222,0
DA:225,0
DA:240,0
DA:241,0
DA:256,0
DA:257,0
DA:258,0
DA:261,0
DA:262,0
DA:263,0
DA:265,0
DA:268,0
DA:269,0
DA:270,0
DA:272,0
DA:293,0
DA:294,0
DA:295,0
DA:296,0
DA:298,0
DA:299,0
DA:300,0
DA:303,0
DA:318,0
DA:320,0
DA:334,0
DA:336,0
DA:347,3
DA:348,0
DA:349,0
DA:351,0
DA:353,0
DA:354,0
DA:360,0
DA:361,0
DA:363,0
DA:364,0
DA:370,0
DA:371,0
DA:378,0
DA:381,0
DA:382,0
DA:383,0
DA:384,0
DA:385,0
DA:386,0
DA:390,0
DA:391,0
DA:392,0
DA:393,0
DA:394,0
DA:395,0
DA:396,0
DA:400,0
DA:401,0
DA:406,0
DA:407,0
DA:413,0
DA:419,0
DA:424,0
DA:425,0
DA:426,0
DA:431,0
DA:432,0
DA:435,0
DA:441,0
DA:442,0
DA:443,0
DA:446,0
DA:447,0
DA:450,0
DA:451,0
DA:452,0
DA:454,0
DA:469,0
DA:480,0
DA:482,0
DA:493,3
DA:494,15
DA:495,15
DA:497,15
DA:504,15
DA:505,1
DA:512,14
DA:513,0
DA:520,14
DA:521,1
DA:533,13
DA:534,0
DA:548,13
DA:549,1
DA:555,12
DA:556,0
DA:562,12
DA:564,12
DA:565,11
DA:566,11
DA:572,1
DA:573,0
DA:576,1
DA:577,1
DA:578,1
DA:580,1
DA:583,1
DA:584,1
DA:585,0
DA:587,1
DA:606,0
DA:608,0
DA:619,3
DA:620,0
DA:621,0
DA:623,0
DA:625,0
DA:626,0
DA:632,0
DA:644,0
DA:646,0
DA:657,3
DA:658,0
DA:659,0
DA:661,0
DA:667,0
DA:669,0
DA:680,3
DA:681,0
DA:682,0
DA:684,0
DA:685,0
DA:691,0
DA:710,0
DA:712,0
DA:723,3
DA:724,0
DA:725,0
DA:727,0
DA:728,0
DA:734,0
DA:736,0
DA:737,0
DA:743,0
DA:745,0
DA:746,0
DA:752,0
DA:753,0
DA:755,0
DA:757,0
DA:767,0
DA:769,0
DA:780,3
DA:781,0
DA:782,0
DA:784,0
DA:786,0
DA:787,0
DA:793,0
DA:794,0
DA:800,0
DA:802,0
DA:803,0
DA:809,0
DA:810,0
DA:812,0
DA:818,0
DA:820,0
DA:829,3
DA:830,0
DA:836,3
DA:837,4
DA:838,4
DA:840,4
DA:841,0
DA:847,4
DA:849,4
DA:850,1
DA:857,3
DA:858,0
DA:865,3
DA:866,0
DA:873,3
DA:874,1
DA:882,2
DA:883,1
DA:890,1
DA:891,1
DA:892,1
DA:893,1
DA:894,1
DA:897,1
DA:899,1
DA:911,0
DA:912,0
DA:923,3
DA:924,0
DA:925,0
DA:929,0
DA:930,0
DA:931,0
DA:932,0
DA:935,0
DA:936,0
DA:943,0
DA:944,0
DA:951,0
DA:952,0
DA:953,0
DA:956,0
DA:957,0
DA:958,0
DA:967,0
DA:968,0
DA:972,0
DA:975,0
DA:976,0
DA:977,0
DA:978,0
DA:980,0
DA:981,0
DA:984,0
DA:994,0
DA:995,0
DA:1006,3
DA:1007,0
DA:1008,0
DA:1010,0
DA:1011,0
DA:1018,0
DA:1021,0
DA:1023,0
DA:1025,0
DA:1026,0
DA:1033,0
DA:1034,0
DA:1035,0
DA:1036,0
DA:1037,0
DA:1045,0
DA:1046,0
DA:1049,0
DA:1054,0
DA:1057,0
DA:1058,0
DA:1059,0
DA:1061,0
DA:1063,0
DA:1064,0
DA:1065,0
DA:1071,0
DA:1080,0
DA:1081,0
DA:1092,3
DA:1093,0
DA:1094,0
DA:1096,0
DA:1097,0
DA:1103,0
DA:1105,0
DA:1106,0
DA:1113,0
DA:1114,0
DA:1121,0
DA:1122,0
DA:1129,0
DA:1130,0
DA:1137,0
DA:1138,0
DA:1140,0
DA:1149,0
DA:1150,0
DA:1161,3
DA:1162,0
DA:1163,0
DA:1165,0
DA:1166,0
DA:1173,0
DA:1174,0
DA:1180,0
DA:1182,0
DA:1183,0
DA:1190,0
DA:1191,0
DA:1198,0
DA:1199,0
DA:1206,0
DA:1207,0
DA:1208,0
DA:1210,0
DA:1212,0
DA:1218,0
DA:1219,0
DA:1227,3
LF:360
LH:95
BRDA:24,0,0,1
BRDA:24,0,1,12
BRDA:24,1,0,13
BRDA:24,1,1,13
BRDA:32,2,0,1
BRDA:32,2,1,11
BRDA:42,3,0,2
BRDA:42,3,1,9
BRDA:44,4,0,1
BRDA:44,4,1,1
BRDA:44,5,0,2
BRDA:44,5,1,1
BRDA:67,6,0,0
BRDA:67,6,1,1
BRDA:67,7,0,1
BRDA:67,7,1,1
BRDA:132,8,0,9
BRDA:132,8,1,0
BRDA:146,9,0,0
BRDA:146,9,1,0
BRDA:157,10,0,0
BRDA:157,10,1,0
BRDA:169,11,0,0
BRDA:169,11,1,0
BRDA:190,12,0,0
BRDA:190,12,1,0
BRDA:194,13,0,0
BRDA:194,13,1,0
BRDA:210,14,0,0
BRDA:210,14,1,0
BRDA:217,15,0,0
BRDA:217,15,1,0
BRDA:217,16,0,0
BRDA:217,16,1,0
BRDA:219,17,0,0
BRDA:219,17,1,0
BRDA:233,18,0,0
BRDA:233,18,1,0
BRDA:240,19,0,0
BRDA:240,19,1,0
BRDA:256,20,0,0
BRDA:256,20,1,0
BRDA:293,21,0,0
BRDA:293,21,1,0
BRDA:312,22,0,0
BRDA:312,22,1,0
BRDA:313,23,0,0
BRDA:313,23,1,0
BRDA:314,24,0,0
BRDA:314,24,1,0
BRDA:339,25,0,0
BRDA:339,25,1,0
BRDA:353,26,0,0
BRDA:353,26,1,0
BRDA:361,27,0,0
BRDA:361,27,1,0
BRDA:363,28,0,0
BRDA:363,28,1,0
BRDA:370,29,0,0
BRDA:370,29,1,0
BRDA:378,30,0,0
BRDA:378,30,1,0
BRDA:378,30,2,0
BRDA:378,30,3,0
BRDA:378,30,4,0
BRDA:390,31,0,0
BRDA:390,31,1,0
BRDA:391,32,0,0
BRDA:391,32,1,0
BRDA:400,33,0,0
BRDA:400,33,1,0
BRDA:400,34,0,0
BRDA:400,34,1,0
BRDA:400,34,2,0
BRDA:406,35,0,0
BRDA:406,35,1,0
BRDA:406,36,0,0
BRDA:406,36,1,0
BRDA:446,37,0,0
BRDA:446,37,1,0
BRDA:446,38,0,0
BRDA:446,38,1,0
BRDA:456,39,0,0
BRDA:456,39,1,0
BRDA:485,40,0,0
BRDA:485,40,1,0
BRDA:504,41,0,1
BRDA:504,41,1,14
BRDA:512,42,0,0
BRDA:512,42,1,14
BRDA:512,43,0,14
BRDA:512,43,1,0
BRDA:520,44,0,1
BRDA:520,44,1,13
BRDA:520,45,0,14
BRDA:520,45,1,13
BRDA:533,46,0,0
BRDA:533,46,1,13
BRDA:533,47,0,13
BRDA:533,47,1,13
BRDA:540,48,0,0
BRDA:540,48,1,0
BRDA:548,49,0,1
BRDA:548,49,1,12
BRDA:555,50,0,0
BRDA:555,50,1,12
BRDA:564,51,0,11
BRDA:564,51,1,1
BRDA:572,52,0,0
BRDA:572,52,1,1
BRDA:611,53,0,0
BRDA:611,53,1,0
BRDA:625,54,0,0
BRDA:625,54,1,0
BRDA:649,55,0,0
BRDA:649,55,1,0
BRDA:672,56,0,0
BRDA:672,56,1,0
BRDA:684,57,0,0
BRDA:684,57,1,0
BRDA:715,58,0,0
BRDA:715,58,1,0
BRDA:727,59,0,0
BRDA:727,59,1,0
BRDA:734,60,0,0
BRDA:734,60,1,0
BRDA:736,61,0,0
BRDA:736,61,1,0
BRDA:745,62,0,0
BRDA:745,62,1,0
BRDA:745,63,0,0
BRDA:745,63,1,0
BRDA:745,63,2,0
BRDA:772,64,0,0
BRDA:772,64,1,0
BRDA:786,65,0,0
BRDA:786,65,1,0
BRDA:793,66,0,0
BRDA:793,66,1,0
BRDA:793,67,0,0
BRDA:793,67,1,0
BRDA:802,68,0,0
BRDA:802,68,1,0
BRDA:823,69,0,0
BRDA:823,69,1,0
BRDA:840,70,0,0
BRDA:840,70,1,4
BRDA:840,71,0,4
BRDA:840,71,1,4
BRDA:849,72,0,1
BRDA:849,72,1,3
BRDA:857,73,0,0
BRDA:857,73,1,3
BRDA:865,74,0,0
BRDA:865,74,1,3
BRDA:865,75,0,3
BRDA:865,75,1,3
BRDA:873,76,0,1
BRDA:873,76,1,2
BRDA:882,77,0,1
BRDA:882,77,1,1
BRDA:897,78,0,1
BRDA:897,78,1,1
BRDA:915,79,0,0
BRDA:915,79,1,0
BRDA:929,80,0,0
BRDA:929,80,1,0
BRDA:931,81,0,0
BRDA:931,81,1,0
BRDA:935,82,0,0
BRDA:935,82,1,0
BRDA:943,83,0,0
BRDA:943,83,1,0
BRDA:951,84,0,0
BRDA:951,84,1,0
BRDA:951,85,0,0
BRDA:951,85,1,0
BRDA:956,86,0,0
BRDA:956,86,1,0
BRDA:998,87,0,0
BRDA:998,87,1,0
BRDA:1010,88,0,0
BRDA:1010,88,1,0
BRDA:1023,89,0,0
BRDA:1023,89,1,0
BRDA:1033,90,0,0
BRDA:1033,90,1,0
BRDA:1033,91,0,0
BRDA:1033,91,1,0
BRDA:1035,92,0,0
BRDA:1035,92,1,0
BRDA:1058,93,0,0
BRDA:1058,93,1,0
BRDA:1084,94,0,0
BRDA:1084,94,1,0
BRDA:1096,95,0,0
BRDA:1096,95,1,0
BRDA:1096,96,0,0
BRDA:1096,96,1,0
BRDA:1105,97,0,0
BRDA:1105,97,1,0
BRDA:1113,98,0,0
BRDA:1113,98,1,0
BRDA:1113,99,0,0
BRDA:1113,99,1,0
BRDA:1121,100,0,0
BRDA:1121,100,1,0
BRDA:1129,101,0,0
BRDA:1129,101,1,0
BRDA:1153,102,0,0
BRDA:1153,102,1,0
BRDA:1165,103,0,0
BRDA:1165,103,1,0
BRDA:1165,104,0,0
BRDA:1165,104,1,0
BRDA:1173,105,0,0
BRDA:1173,105,1,0
BRDA:1182,106,0,0
BRDA:1182,106,1,0
BRDA:1190,107,0,0
BRDA:1190,107,1,0
BRDA:1190,108,0,0
BRDA:1190,108,1,0
BRDA:1198,109,0,0
BRDA:1198,109,1,0
BRDA:1222,110,0,0
BRDA:1222,110,1,0
BRF:227
BRH:48
end_of_record
TN:
SF:src\controllers\gamificationController.js
FN:15,(anonymous_0)
FN:40,(anonymous_1)
FN:58,(anonymous_2)
FN:83,(anonymous_3)
FN:99,(anonymous_4)
FN:119,(anonymous_5)
FN:158,(anonymous_6)
FN:186,(anonymous_7)
FN:238,getAllAchievements
FN:249,(anonymous_9)
FN:253,(anonymous_10)
FNF:11
FNH:3
FNDA:0,(anonymous_0)
FNDA:1,(anonymous_1)
FNDA:0,(anonymous_2)
FNDA:0,(anonymous_3)
FNDA:0,(anonymous_4)
FNDA:3,(anonymous_5)
FNDA:1,(anonymous_6)
FNDA:0,(anonymous_7)
FNDA:0,getAllAchievements
FNDA:0,(anonymous_9)
FNDA:0,(anonymous_10)
DA:6,3
DA:7,3
DA:8,3
DA:9,3
DA:15,3
DA:16,0
DA:17,0
DA:18,0
DA:20,0
DA:21,0
DA:24,0
DA:26,0
DA:31,0
DA:32,0
DA:40,3
DA:41,1
DA:42,1
DA:43,1
DA:45,1
DA:47,0
DA:48,0
DA:58,3
DA:59,0
DA:60,0
DA:61,0
DA:63,0
DA:65,0
DA:74,0
DA:75,0
DA:83,3
DA:84,0
DA:85,0
DA:86,0
DA:88,0
DA:90,0
DA:91,0
DA:99,3
DA:100,0
DA:101,0
DA:102,0
DA:104,0
DA:110,0
DA:111,0
DA:119,3
DA:120,3
DA:121,3
DA:122,3
DA:124,3
DA:127,3
DA:133,3
DA:134,3
DA:135,3
DA:136,3
DA:137,3
DA:139,3
DA:149,0
DA:150,0
DA:158,3
DA:159,1
DA:160,1
DA:163,1
DA:166,1
DA:168,1
DA:177,0
DA:178,0
DA:186,3
DA:187,0
DA:188,0
DA:189,0
DA:191,0
DA:192,0
DA:195,0
DA:196,0
DA:198,0
DA:217,0
DA:218,0
DA:222,3
DA:239,0
DA:240,0
DA:242,0
DA:247,0
DA:248,0
DA:249,0
DA:250,0
DA:253,0
DA:254,0
DA:255,0
DA:269,0
DA:271,0
DA:272,0
LF:90
LH:33
BRDA:20,0,0,0
BRDA:20,0,1,0
BRDA:20,1,0,0
BRDA:20,1,1,0
BRDA:20,1,2,0
BRDA:60,2,0,0
BRDA:60,2,1,0
BRDA:61,3,0,0
BRDA:61,3,1,0
BRDA:135,4,0,1
BRDA:135,4,1,2
BRDA:135,5,0,1
BRDA:135,5,1,1
BRDA:136,6,0,2
BRDA:136,6,1,1
BRDA:137,7,0,2
BRDA:137,7,1,1
BRDA:171,8,0,1
BRDA:171,8,1,0
BRDA:172,9,0,1
BRDA:172,9,1,0
BRDA:173,10,0,1
BRDA:173,10,1,0
BRDA:247,11,0,0
BRDA:247,11,1,0
BRDA:250,12,0,0
BRDA:250,12,1,0
BRDA:264,13,0,0
BRDA:264,13,1,0
BRDA:265,14,0,0
BRDA:265,14,1,0
BRF:31
BRH:11
end_of_record
TN:
SF:src\controllers\goalController.js
FN:26,(anonymous_0)
FN:57,(anonymous_1)
FN:97,(anonymous_2)
FN:98,(anonymous_3)
FN:99,(anonymous_4)
FN:107,(anonymous_5)
FN:124,(anonymous_6)
FN:133,(anonymous_7)
FN:134,(anonymous_8)
FN:148,(anonymous_9)
FN:148,(anonymous_10)
FN:159,(anonymous_11)
FN:160,(anonymous_12)
FN:173,(anonymous_13)
FN:174,(anonymous_14)
FN:186,(anonymous_15)
FN:210,(anonymous_16)
FN:221,(anonymous_17)
FN:241,(anonymous_18)
FN:272,(anonymous_19)
FN:311,(anonymous_20)
FN:348,(anonymous_21)
FN:349,(anonymous_22)
FN:350,(anonymous_23)
FN:358,(anonymous_24)
FN:379,(anonymous_25)
FN:396,(anonymous_26)
FN:427,processGoalMaterials
FN:481,(anonymous_28)
FN:543,delay
FN:544,(anonymous_30)
FN:551,generateInitialContent
FN:771,(anonymous_32)
FN:803,(anonymous_33)
FN:804,(anonymous_34)
FN:865,(anonymous_35)
FN:893,(anonymous_36)
FN:894,(anonymous_37)
FN:935,(anonymous_38)
FN:951,(anonymous_39)
FN:952,(anonymous_40)
FN:969,(anonymous_41)
FN:1007,(anonymous_42)
FN:1022,(anonymous_43)
FN:1023,(anonymous_44)
FN:1074,(anonymous_45)
FN:1096,(anonymous_46)
FN:1105,(anonymous_47)
FN:1106,(anonymous_48)
FN:1130,(anonymous_49)
FN:1131,(anonymous_50)
FN:1132,(anonymous_51)
FN:1172,(anonymous_52)
FN:1198,(anonymous_53)
FN:1222,(anonymous_54)
FN:1258,(anonymous_55)
FN:1285,(anonymous_56)
FN:1286,(anonymous_57)
FN:1306,(anonymous_58)
FN:1377,(anonymous_59)
FN:1403,(anonymous_60)
FN:1404,(anonymous_61)
FN:1407,(anonymous_62)
FN:1432,(anonymous_63)
FN:1466,(anonymous_64)
FN:1467,(anonymous_65)
FN:1482,(anonymous_66)
FN:1487,(anonymous_67)
FN:1496,(anonymous_68)
FN:1497,(anonymous_69)
FN:1498,(anonymous_70)
FN:1509,(anonymous_71)
FN:1511,(anonymous_72)
FN:1529,(anonymous_73)
FN:1580,(anonymous_74)
FN:1619,(anonymous_75)
FN:1659,(anonymous_76)
FN:1695,(anonymous_77)
FN:1733,(anonymous_78)
FN:1765,(anonymous_79)
FN:1776,(anonymous_80)
FN:1809,(anonymous_81)
FN:1842,(anonymous_82)
FN:1850,(anonymous_83)
FN:1851,(anonymous_84)
FN:1852,(anonymous_85)
FN:1875,(anonymous_86)
FN:1914,(anonymous_87)
FN:1970,(anonymous_88)
FN:1974,(anonymous_89)
FN:1992,(anonymous_90)
FN:2014,(anonymous_91)
FN:2048,(anonymous_92)
FN:2083,(anonymous_93)
FN:2114,(anonymous_94)
FN:2134,(anonymous_95)
FN:2135,(anonymous_96)
FN:2138,(anonymous_97)
FN:2139,(anonymous_98)
FN:2139,(anonymous_99)
FN:2140,(anonymous_100)
FN:2141,(anonymous_101)
FN:2144,(anonymous_102)
FN:2145,(anonymous_103)
FN:2145,(anonymous_104)
FN:2146,(anonymous_105)
FN:2147,(anonymous_106)
FN:2150,(anonymous_107)
FN:2151,(anonymous_108)
FN:2153,(anonymous_109)
FN:2163,(anonymous_110)
FN:2164,(anonymous_111)
FN:2171,(anonymous_112)
FN:2172,(anonymous_113)
FN:2173,(anonymous_114)
FN:2174,(anonymous_115)
FN:2176,(anonymous_116)
FN:2181,(anonymous_117)
FN:2225,(anonymous_118)
FN:2262,(anonymous_119)
FN:2272,(anonymous_120)
FN:2276,(anonymous_121)
FN:2276,(anonymous_122)
FN:2332,(anonymous_123)
FN:2360,(anonymous_124)
FN:2373,(anonymous_125)
FN:2407,(anonymous_126)
FN:2437,(anonymous_127)
FN:2460,(anonymous_128)
FN:2473,(anonymous_129)
FN:2475,(anonymous_130)
FNF:131
FNH:4
FNDA:0,(anonymous_0)
FNDA:3,(anonymous_1)
FNDA:1,(anonymous_2)
FNDA:1,(anonymous_3)
FNDA:0,(anonymous_4)
FNDA:0,(anonymous_5)
FNDA:0,(anonymous_6)
FNDA:0,(anonymous_7)
FNDA:0,(anonymous_8)
FNDA:0,(anonymous_9)
FNDA:0,(anonymous_10)
FNDA:0,(anonymous_11)
FNDA:0,(anonymous_12)
FNDA:0,(anonymous_13)
FNDA:0,(anonymous_14)
FNDA:0,(anonymous_15)
FNDA:0,(anonymous_16)
FNDA:0,(anonymous_17)
FNDA:0,(anonymous_18)
FNDA:0,(anonymous_19)
FNDA:0,(anonymous_20)
FNDA:0,(anonymous_21)
FNDA:0,(anonymous_22)
FNDA:0,(anonymous_23)
FNDA:0,(anonymous_24)
FNDA:0,(anonymous_25)
FNDA:0,(anonymous_26)
FNDA:0,processGoalMaterials
FNDA:0,(anonymous_28)
FNDA:0,delay
FNDA:0,(anonymous_30)
FNDA:0,generateInitialContent
FNDA:0,(anonymous_32)
FNDA:0,(anonymous_33)
FNDA:0,(anonymous_34)
FNDA:0,(anonymous_35)
FNDA:0,(anonymous_36)
FNDA:0,(anonymous_37)
FNDA:0,(anonymous_38)
FNDA:0,(anonymous_39)
FNDA:0,(anonymous_40)
FNDA:0,(anonymous_41)
FNDA:0,(anonymous_42)
FNDA:0,(anonymous_43)
FNDA:0,(anonymous_44)
FNDA:0,(anonymous_45)
FNDA:0,(anonymous_46)
FNDA:0,(anonymous_47)
FNDA:0,(anonymous_48)
FNDA:0,(anonymous_49)
FNDA:0,(anonymous_50)
FNDA:0,(anonymous_51)
FNDA:0,(anonymous_52)
FNDA:0,(anonymous_53)
FNDA:0,(anonymous_54)
FNDA:0,(anonymous_55)
FNDA:0,(anonymous_56)
FNDA:0,(anonymous_57)
FNDA:0,(anonymous_58)
FNDA:0,(anonymous_59)
FNDA:0,(anonymous_60)
FNDA:0,(anonymous_61)
FNDA:0,(anonymous_62)
FNDA:0,(anonymous_63)
FNDA:0,(anonymous_64)
FNDA:0,(anonymous_65)
FNDA:0,(anonymous_66)
FNDA:0,(anonymous_67)
FNDA:0,(anonymous_68)
FNDA:0,(anonymous_69)
FNDA:0,(anonymous_70)
FNDA:0,(anonymous_71)
FNDA:0,(anonymous_72)
FNDA:0,(anonymous_73)
FNDA:0,(anonymous_74)
FNDA:0,(anonymous_75)
FNDA:0,(anonymous_76)
FNDA:0,(anonymous_77)
FNDA:0,(anonymous_78)
FNDA:0,(anonymous_79)
FNDA:0,(anonymous_80)
FNDA:0,(anonymous_81)
FNDA:0,(anonymous_82)
FNDA:0,(anonymous_83)
FNDA:0,(anonymous_84)
FNDA:0,(anonymous_85)
FNDA:0,(anonymous_86)
FNDA:0,(anonymous_87)
FNDA:0,(anonymous_88)
FNDA:0,(anonymous_89)
FNDA:0,(anonymous_90)
FNDA:0,(anonymous_91)
FNDA:0,(anonymous_92)
FNDA:4,(anonymous_93)
FNDA:0,(anonymous_94)
FNDA:0,(anonymous_95)
FNDA:0,(anonymous_96)
FNDA:0,(anonymous_97)
FNDA:0,(anonymous_98)
FNDA:0,(anonymous_99)
FNDA:0,(anonymous_100)
FNDA:0,(anonymous_101)
FNDA:0,(anonymous_102)
FNDA:0,(anonymous_103)
FNDA:0,(anonymous_104)
FNDA:0,(anonymous_105)
FNDA:0,(anonymous_106)
FNDA:0,(anonymous_107)
FNDA:0,(anonymous_108)
FNDA:0,(anonymous_109)
FNDA:0,(anonymous_110)
FNDA:0,(anonymous_111)
FNDA:0,(anonymous_112)
FNDA:0,(anonymous_113)
FNDA:0,(anonymous_114)
FNDA:0,(anonymous_115)
FNDA:0,(anonymous_116)
FNDA:0,(anonymous_117)
FNDA:0,(anonymous_118)
FNDA:0,(anonymous_119)
FNDA:0,(anonymous_120)
FNDA:0,(anonymous_121)
FNDA:0,(anonymous_122)
FNDA:0,(anonymous_123)
FNDA:0,(anonymous_124)
FNDA:0,(anonymous_125)
FNDA:0,(anonymous_126)
FNDA:0,(anonymous_127)
FNDA:0,(anonymous_128)
FNDA:0,(anonymous_129)
FNDA:0,(anonymous_130)
DA:1,3
DA:2,3
DA:3,3
DA:4,3
DA:5,3
DA:6,3
DA:7,3
DA:8,3
DA:9,3
DA:10,3
DA:11,3
DA:12,3
DA:13,3
DA:14,3
DA:17,3
DA:18,3
DA:19,3
DA:26,3
DA:27,0
DA:28,0
DA:30,0
DA:31,0
DA:37,0
DA:39,0
DA:44,0
DA:45,0
DA:57,3
DA:58,3
DA:59,3
DA:60,3
DA:63,3
DA:64,1
DA:71,2
DA:72,2
DA:73,2
DA:74,1
DA:83,1
DA:93,1
DA:96,1
DA:97,1
DA:98,1
DA:99,0
DA:102,1
DA:107,0
DA:109,1
DA:112,0
DA:113,0
DA:124,3
DA:125,0
DA:126,0
DA:127,0
DA:128,0
DA:131,0
DA:133,0
DA:134,0
DA:135,0
DA:138,0
DA:145,0
DA:146,0
DA:147,0
DA:148,0
DA:149,0
DA:158,0
DA:159,0
DA:160,0
DA:161,0
DA:164,0
DA:171,0
DA:172,0
DA:173,0
DA:174,0
DA:175,0
DA:178,0
DA:186,0
DA:196,0
DA:206,0
DA:209,0
DA:210,0
DA:211,0
DA:216,0
DA:221,0
DA:223,0
DA:229,0
DA:230,0
DA:241,3
DA:242,0
DA:243,0
DA:244,0
DA:246,0
DA:247,0
DA:248,0
DA:251,0
DA:255,0
DA:260,0
DA:261,0
DA:272,3
DA:273,0
DA:274,0
DA:275,0
DA:277,0
DA:279,0
DA:280,0
DA:287,0
DA:291,0
DA:299,0
DA:300,0
DA:311,3
DA:312,0
DA:313,0
DA:314,0
DA:315,0
DA:318,0
DA:319,0
DA:321,0
DA:322,0
DA:323,0
DA:328,0
DA:329,0
DA:332,0
DA:338,0
DA:339,0
DA:346,0
DA:347,0
DA:348,0
DA:349,0
DA:350,0
DA:353,0
DA:358,0
DA:361,0
DA:367,0
DA:368,0
DA:379,3
DA:380,0
DA:381,0
DA:382,0
DA:384,0
DA:386,0
DA:387,0
DA:394,0
DA:395,0
DA:396,0
DA:397,0
DA:403,0
DA:406,0
DA:408,0
DA:413,0
DA:414,0
DA:428,0
DA:429,0
DA:430,0
DA:431,0
DA:432,0
DA:435,0
DA:436,0
DA:438,0
DA:441,0
DA:442,0
DA:443,0
DA:444,0
DA:445,0
DA:447,0
DA:452,0
DA:453,0
DA:454,0
DA:456,0
DA:457,0
DA:459,0
DA:460,0
DA:461,0
DA:465,0
DA:466,0
DA:469,0
DA:470,0
DA:471,0
DA:472,0
DA:475,0
DA:476,0
DA:477,0
DA:481,0
DA:483,0
DA:484,0
DA:486,0
DA:490,0
DA:491,0
DA:492,0
DA:497,0
DA:498,0
DA:500,0
DA:503,0
DA:506,0
DA:507,0
DA:508,0
DA:510,0
DA:512,0
DA:513,0
DA:514,0
DA:516,0
DA:517,0
DA:518,0
DA:519,0
DA:523,0
DA:524,0
DA:525,0
DA:530,0
DA:536,3
DA:537,3
DA:538,3
DA:544,0
DA:552,0
DA:554,0
DA:555,0
DA:558,0
DA:559,0
DA:560,0
DA:567,0
DA:568,0
DA:578,0
DA:579,0
DA:581,0
DA:584,0
DA:587,0
DA:590,0
DA:591,0
DA:592,0
DA:594,0
DA:595,0
DA:596,0
DA:598,0
DA:601,0
DA:602,0
DA:609,0
DA:610,0
DA:621,0
DA:622,0
DA:624,0
DA:627,0
DA:629,0
DA:630,0
DA:631,0
DA:635,0
DA:638,0
DA:639,0
DA:647,0
DA:648,0
DA:654,0
DA:655,0
DA:657,0
DA:660,0
DA:661,0
DA:662,0
DA:663,0
DA:667,0
DA:670,0
DA:671,0
DA:677,0
DA:678,0
DA:689,0
DA:690,0
DA:692,0
DA:695,0
DA:696,0
DA:697,0
DA:698,0
DA:702,0
DA:705,0
DA:706,0
DA:707,0
DA:715,0
DA:716,0
DA:722,0
DA:723,0
DA:725,0
DA:728,0
DA:729,0
DA:730,0
DA:731,0
DA:735,0
DA:739,0
DA:740,0
DA:744,0
DA:745,0
DA:749,0
DA:750,0
DA:751,0
DA:752,0
DA:753,0
DA:754,0
DA:755,0
DA:757,0
DA:758,0
DA:759,0
DA:761,0
DA:762,0
DA:771,3
DA:772,0
DA:773,0
DA:774,0
DA:775,0
DA:777,0
DA:778,0
DA:779,0
DA:786,0
DA:793,0
DA:794,0
DA:802,0
DA:803,0
DA:804,0
DA:807,0
DA:808,0
DA:815,0
DA:816,0
DA:817,0
DA:820,0
DA:828,0
DA:829,0
DA:835,0
DA:847,0
DA:853,0
DA:854,0
DA:865,3
DA:866,0
DA:867,0
DA:868,0
DA:869,0
DA:871,0
DA:872,0
DA:875,0
DA:876,0
DA:877,0
DA:881,0
DA:888,0
DA:889,0
DA:892,0
DA:893,0
DA:894,0
DA:897,0
DA:898,0
DA:902,0
DA:903,0
DA:904,0
DA:907,0
DA:909,0
DA:910,0
DA:913,0
DA:925,0
DA:927,0
DA:928,0
DA:935,3
DA:936,0
DA:937,0
DA:938,0
DA:939,0
DA:941,0
DA:942,0
DA:943,0
DA:950,0
DA:951,0
DA:952,0
DA:955,0
DA:956,0
DA:963,0
DA:964,0
DA:965,0
DA:969,0
DA:970,0
DA:972,0
DA:981,0
DA:989,0
DA:995,0
DA:996,0
DA:1007,3
DA:1008,0
DA:1009,0
DA:1010,0
DA:1011,0
DA:1013,0
DA:1014,0
DA:1015,0
DA:1021,0
DA:1022,0
DA:1023,0
DA:1026,0
DA:1027,0
DA:1034,0
DA:1035,0
DA:1036,0
DA:1039,0
DA:1048,0
DA:1055,0
DA:1061,0
DA:1062,0
DA:1074,3
DA:1075,0
DA:1076,0
DA:1077,0
DA:1078,0
DA:1080,0
DA:1081,0
DA:1087,0
DA:1088,0
DA:1089,0
DA:1096,0
DA:1097,0
DA:1098,0
DA:1104,0
DA:1105,0
DA:1106,0
DA:1109,0
DA:1110,0
DA:1116,0
DA:1121,0
DA:1124,0
DA:1130,0
DA:1131,0
DA:1132,0
DA:1134,0
DA:1135,0
DA:1138,0
DA:1139,0
DA:1140,0
DA:1141,0
DA:1145,0
DA:1146,0
DA:1147,0
DA:1148,0
DA:1151,0
DA:1152,0
DA:1163,0
DA:1165,0
DA:1167,0
DA:1168,0
DA:1169,0
DA:1172,0
DA:1173,0
DA:1177,0
DA:1178,0
DA:1179,0
DA:1180,0
DA:1182,0
DA:1183,0
DA:1189,0
DA:1191,0
DA:1193,0
DA:1194,0
DA:1195,0
DA:1198,0
DA:1199,0
DA:1203,0
DA:1204,0
DA:1205,0
DA:1206,0
DA:1208,0
DA:1209,0
DA:1215,0
DA:1218,0
DA:1219,0
DA:1221,0
DA:1222,0
DA:1226,0
DA:1227,0
DA:1229,0
DA:1230,0
DA:1231,0
DA:1234,0
DA:1236,0
DA:1243,0
DA:1244,0
DA:1258,3
DA:1259,0
DA:1260,0
DA:1261,0
DA:1262,0
DA:1264,0
DA:1265,0
DA:1271,0
DA:1272,0
DA:1273,0
DA:1279,0
DA:1280,0
DA:1281,0
DA:1284,0
DA:1285,0
DA:1286,0
DA:1289,0
DA:1290,0
DA:1294,0
DA:1300,0
DA:1301,0
DA:1302,0
DA:1306,0
DA:1307,0
DA:1310,0
DA:1312,0
DA:1313,0
DA:1314,0
DA:1319,0
DA:1322,0
DA:1323,0
DA:1324,0
DA:1329,0
DA:1332,0
DA:1333,0
DA:1334,0
DA:1339,0
DA:1342,0
DA:1343,0
DA:1344,0
DA:1349,0
DA:1353,0
DA:1354,0
DA:1357,0
DA:1363,0
DA:1364,0
DA:1377,3
DA:1378,0
DA:1379,0
DA:1380,0
DA:1381,0
DA:1383,0
DA:1384,0
DA:1385,0
DA:1392,0
DA:1393,0
DA:1394,0
DA:1401,0
DA:1402,0
DA:1403,0
DA:1404,0
DA:1405,0
DA:1407,0
DA:1408,0
DA:1409,0
DA:1411,0
DA:1419,0
DA:1421,0
DA:1429,0
DA:1432,0
DA:1433,0
DA:1434,0
DA:1435,0
DA:1436,0
DA:1441,0
DA:1442,0
DA:1445,0
DA:1449,0
DA:1450,0
DA:1451,0
DA:1454,0
DA:1455,0
DA:1467,0
DA:1468,0
DA:1478,0
DA:1482,0
DA:1483,0
DA:1487,0
DA:1488,0
DA:1492,0
DA:1495,0
DA:1496,0
DA:1497,0
DA:1498,0
DA:1500,0
DA:1509,0
DA:1511,0
DA:1517,0
DA:1518,0
DA:1529,3
DA:1530,0
DA:1531,0
DA:1532,0
DA:1533,0
DA:1535,0
DA:1536,0
DA:1537,0
DA:1543,0
DA:1544,0
DA:1545,0
DA:1551,0
DA:1552,0
DA:1554,0
DA:1555,0
DA:1558,0
DA:1560,0
DA:1566,0
DA:1567,0
DA:1580,3
DA:1581,0
DA:1582,0
DA:1583,0
DA:1584,0
DA:1587,0
DA:1588,0
DA:1589,0
DA:1595,0
DA:1596,0
DA:1597,0
DA:1600,0
DA:1602,0
DA:1607,0
DA:1608,0
DA:1619,3
DA:1620,0
DA:1621,0
DA:1622,0
DA:1623,0
DA:1625,0
DA:1626,0
DA:1627,0
DA:1633,0
DA:1634,0
DA:1635,0
DA:1638,0
DA:1642,0
DA:1647,0
DA:1648,0
DA:1659,3
DA:1660,0
DA:1661,0
DA:1662,0
DA:1664,0
DA:1665,0
DA:1666,0
DA:1672,0
DA:1678,0
DA:1683,0
DA:1684,0
DA:1695,3
DA:1696,0
DA:1697,0
DA:1698,0
DA:1699,0
DA:1701,0
DA:1702,0
DA:1703,0
DA:1709,0
DA:1710,0
DA:1711,0
DA:1714,0
DA:1716,0
DA:1721,0
DA:1722,0
DA:1733,3
DA:1734,0
DA:1735,0
DA:1736,0
DA:1737,0
DA:1739,0
DA:1740,0
DA:1746,0
DA:1747,0
DA:1748,0
DA:1755,0
DA:1756,0
DA:1757,0
DA:1764,0
DA:1765,0
DA:1767,0
DA:1768,0
DA:1775,0
DA:1776,0
DA:1778,0
DA:1779,0
DA:1787,0
DA:1788,0
DA:1795,0
DA:1806,0
DA:1809,0
DA:1810,0
DA:1811,0
DA:1812,0
DA:1813,0
DA:1815,0
DA:1819,0
DA:1820,0
DA:1821,0
DA:1824,0
DA:1825,0
DA:1838,0
DA:1842,0
DA:1843,0
DA:1846,0
DA:1849,0
DA:1850,0
DA:1851,0
DA:1852,0
DA:1854,0
DA:1863,0
DA:1864,0
DA:1875,3
DA:1876,0
DA:1877,0
DA:1878,0
DA:1880,0
DA:1881,0
DA:1882,0
DA:1888,0
DA:1894,0
DA:1899,0
DA:1900,0
DA:1914,3
DA:1915,0
DA:1916,0
DA:1917,0
DA:1918,0
DA:1920,0
DA:1921,0
DA:1928,0
DA:1929,0
DA:1930,0
DA:1937,0
DA:1938,0
DA:1939,0
DA:1945,0
DA:1958,0
DA:1965,0
DA:1966,0
DA:1967,0
DA:1970,0
DA:1974,0
DA:1975,0
DA:1978,0
DA:1979,0
DA:1992,3
DA:1993,0
DA:1994,0
DA:1995,0
DA:1997,0
DA:1998,0
DA:1999,0
DA:2006,0
DA:2009,0
DA:2014,0
DA:2027,0
DA:2029,0
DA:2034,0
DA:2035,0
DA:2048,3
DA:2049,0
DA:2050,0
DA:2051,0
DA:2053,0
DA:2054,0
DA:2055,0
DA:2061,0
DA:2063,0
DA:2068,0
DA:2069,0
DA:2083,3
DA:2084,4
DA:2085,4
DA:2086,4
DA:2088,4
DA:2089,4
DA:2090,1
DA:2093,3
DA:2095,3
DA:2100,0
DA:2101,0
DA:2114,3
DA:2115,0
DA:2116,0
DA:2117,0
DA:2119,0
DA:2120,0
DA:2121,0
DA:2125,0
DA:2128,0
DA:2130,0
DA:2132,0
DA:2133,0
DA:2134,0
DA:2135,0
DA:2138,0
DA:2139,0
DA:2140,0
DA:2141,0
DA:2144,0
DA:2145,0
DA:2146,0
DA:2147,0
DA:2150,0
DA:2151,0
DA:2152,0
DA:2153,0
DA:2155,0
DA:2158,0
DA:2159,0
DA:2160,0
DA:2161,0
DA:2162,0
DA:2163,0
DA:2164,0
DA:2165,0
DA:2166,0
DA:2171,0
DA:2172,0
DA:2173,0
DA:2174,0
DA:2175,0
DA:2176,0
DA:2180,0
DA:2181,0
DA:2185,0
DA:2193,0
DA:2205,0
DA:2210,0
DA:2211,0
DA:2225,3
DA:2226,0
DA:2227,0
DA:2228,0
DA:2230,0
DA:2231,0
DA:2232,0
DA:2235,0
DA:2236,0
DA:2237,0
DA:2240,0
DA:2241,0
DA:2244,0
DA:2245,0
DA:2246,0
DA:2248,0
DA:2253,0
DA:2254,0
DA:2262,3
DA:2263,0
DA:2264,0
DA:2265,0
DA:2268,0
DA:2272,0
DA:2275,0
DA:2276,0
DA:2279,0
DA:2286,0
DA:2287,0
DA:2293,0
DA:2295,0
DA:2312,0
DA:2323,0
DA:2324,0
DA:2332,3
DA:2333,0
DA:2334,0
DA:2336,0
DA:2350,0
DA:2351,0
DA:2355,0
DA:2356,0
DA:2357,0
DA:2359,0
DA:2360,0
DA:2362,0
DA:2364,0
DA:2365,0
DA:2373,3
DA:2374,0
DA:2375,0
DA:2376,0
DA:2386,0
DA:2387,0
DA:2396,0
DA:2398,0
DA:2399,0
DA:2407,3
DA:2408,0
DA:2409,0
DA:2410,0
DA:2412,0
DA:2413,0
DA:2414,0
DA:2417,0
DA:2423,0
DA:2424,0
DA:2426,0
DA:2428,0
DA:2429,0
DA:2437,3
DA:2438,0
DA:2439,0
DA:2440,0
DA:2441,0
DA:2442,0
DA:2444,0
DA:2445,0
DA:2447,0
DA:2448,0
DA:2449,0
DA:2451,0
DA:2452,0
DA:2460,3
DA:2461,0
DA:2462,0
DA:2463,0
DA:2465,0
DA:2466,0
DA:2467,0
DA:2470,0
DA:2471,0
DA:2473,0
DA:2474,0
DA:2475,0
DA:2476,0
DA:2478,0
DA:2479,0
DA:2482,0
DA:2483,0
DA:2485,0
DA:2486,0
LF:909
LH:77
BRDA:30,0,0,0
BRDA:30,0,1,0
BRDA:30,1,0,0
BRDA:30,1,1,0
BRDA:37,2,0,0
BRDA:37,2,1,0
BRDA:63,3,0,1
BRDA:63,3,1,2
BRDA:63,4,0,3
BRDA:63,4,1,3
BRDA:63,4,2,3
BRDA:71,5,0,2
BRDA:71,5,1,0
BRDA:73,6,0,1
BRDA:73,6,1,1
BRDA:128,7,0,0
BRDA:128,7,1,0
BRDA:131,8,0,0
BRDA:131,8,1,0
BRDA:131,9,0,0
BRDA:131,9,1,0
BRDA:131,9,2,0
BRDA:135,10,0,0
BRDA:135,10,1,0
BRDA:145,11,0,0
BRDA:145,11,1,0
BRDA:147,12,0,0
BRDA:147,12,1,0
BRDA:148,13,0,0
BRDA:148,13,1,0
BRDA:158,14,0,0
BRDA:158,14,1,0
BRDA:161,15,0,0
BRDA:161,15,1,0
BRDA:172,16,0,0
BRDA:172,16,1,0
BRDA:175,17,0,0
BRDA:175,17,1,0
BRDA:203,18,0,0
BRDA:203,18,1,0
BRDA:209,19,0,0
BRDA:209,19,1,0
BRDA:244,20,0,0
BRDA:247,21,0,0
BRDA:247,21,1,0
BRDA:279,22,0,0
BRDA:279,22,1,0
BRDA:322,23,0,0
BRDA:322,23,1,0
BRDA:328,24,0,0
BRDA:328,24,1,0
BRDA:338,25,0,0
BRDA:338,25,1,0
BRDA:346,26,0,0
BRDA:346,26,1,0
BRDA:386,27,0,0
BRDA:386,27,1,0
BRDA:395,28,0,0
BRDA:395,28,1,0
BRDA:395,29,0,0
BRDA:395,29,1,0
BRDA:397,30,0,0
BRDA:397,30,1,0
BRDA:430,31,0,0
BRDA:430,31,1,0
BRDA:469,32,0,0
BRDA:469,32,1,0
BRDA:554,33,0,0
BRDA:554,33,1,0
BRDA:567,34,0,0
BRDA:567,34,1,0
BRDA:567,35,0,0
BRDA:567,35,1,0
BRDA:572,36,0,0
BRDA:572,36,1,0
BRDA:574,37,0,0
BRDA:574,37,1,0
BRDA:609,38,0,0
BRDA:609,38,1,0
BRDA:609,39,0,0
BRDA:609,39,1,0
BRDA:615,40,0,0
BRDA:615,40,1,0
BRDA:617,41,0,0
BRDA:617,41,1,0
BRDA:618,42,0,0
BRDA:618,42,1,0
BRDA:629,43,0,0
BRDA:629,43,1,0
BRDA:629,44,0,0
BRDA:629,44,1,0
BRDA:647,45,0,0
BRDA:647,45,1,0
BRDA:647,46,0,0
BRDA:647,46,1,0
BRDA:647,46,2,0
BRDA:661,47,0,0
BRDA:661,47,1,0
BRDA:661,48,0,0
BRDA:661,48,1,0
BRDA:677,49,0,0
BRDA:677,49,1,0
BRDA:677,50,0,0
BRDA:677,50,1,0
BRDA:683,51,0,0
BRDA:683,51,1,0
BRDA:685,52,0,0
BRDA:685,52,1,0
BRDA:696,53,0,0
BRDA:696,53,1,0
BRDA:696,54,0,0
BRDA:696,54,1,0
BRDA:705,55,0,0
BRDA:705,55,1,0
BRDA:715,56,0,0
BRDA:715,56,1,0
BRDA:715,57,0,0
BRDA:715,57,1,0
BRDA:715,57,2,0
BRDA:729,58,0,0
BRDA:729,58,1,0
BRDA:729,59,0,0
BRDA:729,59,1,0
BRDA:739,60,0,0
BRDA:739,60,1,0
BRDA:744,61,0,0
BRDA:744,61,1,0
BRDA:778,62,0,0
BRDA:778,62,1,0
BRDA:793,63,0,0
BRDA:793,63,1,0
BRDA:807,64,0,0
BRDA:807,64,1,0
BRDA:828,65,0,0
BRDA:828,65,1,0
BRDA:828,66,0,0
BRDA:828,66,1,0
BRDA:840,67,0,0
BRDA:840,67,1,0
BRDA:842,68,0,0
BRDA:842,68,1,0
BRDA:843,69,0,0
BRDA:843,69,1,0
BRDA:871,70,0,0
BRDA:871,70,1,0
BRDA:876,71,0,0
BRDA:876,71,1,0
BRDA:888,72,0,0
BRDA:888,72,1,0
BRDA:897,73,0,0
BRDA:897,73,1,0
BRDA:909,74,0,0
BRDA:909,74,1,0
BRDA:909,75,0,0
BRDA:909,75,1,0
BRDA:918,76,0,0
BRDA:918,76,1,0
BRDA:920,77,0,0
BRDA:920,77,1,0
BRDA:938,78,0,0
BRDA:938,79,0,0
BRDA:942,80,0,0
BRDA:942,80,1,0
BRDA:955,81,0,0
BRDA:955,81,1,0
BRDA:970,82,0,0
BRDA:970,82,1,0
BRDA:1010,83,0,0
BRDA:1010,84,0,0
BRDA:1014,85,0,0
BRDA:1014,85,1,0
BRDA:1026,86,0,0
BRDA:1026,86,1,0
BRDA:1077,87,0,0
BRDA:1080,88,0,0
BRDA:1080,88,1,0
BRDA:1088,89,0,0
BRDA:1088,89,1,0
BRDA:1097,90,0,0
BRDA:1097,90,1,0
BRDA:1109,91,0,0
BRDA:1109,91,1,0
BRDA:1145,92,0,0
BRDA:1145,92,1,0
BRDA:1151,93,0,0
BRDA:1151,93,1,0
BRDA:1151,94,0,0
BRDA:1151,94,1,0
BRDA:1157,95,0,0
BRDA:1157,95,1,0
BRDA:1159,96,0,0
BRDA:1159,96,1,0
BRDA:1160,97,0,0
BRDA:1160,97,1,0
BRDA:1169,98,0,0
BRDA:1169,98,1,0
BRDA:1177,99,0,0
BRDA:1177,99,1,0
BRDA:1182,100,0,0
BRDA:1182,100,1,0
BRDA:1182,101,0,0
BRDA:1182,101,1,0
BRDA:1182,101,2,0
BRDA:1195,102,0,0
BRDA:1195,102,1,0
BRDA:1203,103,0,0
BRDA:1203,103,1,0
BRDA:1203,104,0,0
BRDA:1203,104,1,0
BRDA:1208,105,0,0
BRDA:1208,105,1,0
BRDA:1208,106,0,0
BRDA:1208,106,1,0
BRDA:1208,106,2,0
BRDA:1221,107,0,0
BRDA:1221,107,1,0
BRDA:1226,108,0,0
BRDA:1226,108,1,0
BRDA:1227,109,0,0
BRDA:1227,109,1,0
BRDA:1229,110,0,0
BRDA:1229,110,1,0
BRDA:1240,111,0,0
BRDA:1240,111,1,0
BRDA:1264,112,0,0
BRDA:1264,112,1,0
BRDA:1264,113,0,0
BRDA:1264,113,1,0
BRDA:1272,114,0,0
BRDA:1272,114,1,0
BRDA:1280,115,0,0
BRDA:1280,115,1,0
BRDA:1289,116,0,0
BRDA:1289,116,1,0
BRDA:1307,117,0,0
BRDA:1307,117,1,0
BRDA:1310,118,0,0
BRDA:1310,118,1,0
BRDA:1310,118,2,0
BRDA:1310,118,3,0
BRDA:1313,119,0,0
BRDA:1313,119,1,0
BRDA:1316,120,0,0
BRDA:1316,120,1,0
BRDA:1316,121,0,0
BRDA:1316,121,1,0
BRDA:1323,122,0,0
BRDA:1323,122,1,0
BRDA:1333,123,0,0
BRDA:1333,123,1,0
BRDA:1343,124,0,0
BRDA:1343,124,1,0
BRDA:1346,125,0,0
BRDA:1346,125,1,0
BRDA:1353,126,0,0
BRDA:1353,126,1,0
BRDA:1384,127,0,0
BRDA:1384,127,1,0
BRDA:1384,128,0,0
BRDA:1384,128,1,0
BRDA:1393,129,0,0
BRDA:1393,129,1,0
BRDA:1405,130,0,0
BRDA:1405,130,1,0
BRDA:1409,131,0,0
BRDA:1409,131,1,0
BRDA:1433,132,0,0
BRDA:1433,132,1,0
BRDA:1436,133,0,0
BRDA:1436,133,1,0
BRDA:1441,134,0,0
BRDA:1441,134,1,0
BRDA:1465,135,0,0
BRDA:1465,135,1,0
BRDA:1472,136,0,0
BRDA:1472,136,1,0
BRDA:1472,136,2,0
BRDA:1536,137,0,0
BRDA:1536,137,1,0
BRDA:1544,138,0,0
BRDA:1544,138,1,0
BRDA:1551,139,0,0
BRDA:1551,139,1,0
BRDA:1554,140,0,0
BRDA:1554,140,1,0
BRDA:1588,141,0,0
BRDA:1588,141,1,0
BRDA:1596,142,0,0
BRDA:1596,142,1,0
BRDA:1626,143,0,0
BRDA:1626,143,1,0
BRDA:1634,144,0,0
BRDA:1634,144,1,0
BRDA:1665,145,0,0
BRDA:1665,145,1,0
BRDA:1702,146,0,0
BRDA:1702,146,1,0
BRDA:1710,147,0,0
BRDA:1710,147,1,0
BRDA:1739,148,0,0
BRDA:1739,148,1,0
BRDA:1739,149,0,0
BRDA:1739,149,1,0
BRDA:1739,149,2,0
BRDA:1747,150,0,0
BRDA:1747,150,1,0
BRDA:1747,151,0,0
BRDA:1747,151,1,0
BRDA:1756,152,0,0
BRDA:1756,152,1,0
BRDA:1767,153,0,0
BRDA:1767,153,1,0
BRDA:1778,154,0,0
BRDA:1778,154,1,0
BRDA:1790,155,0,0
BRDA:1790,155,1,0
BRDA:1792,156,0,0
BRDA:1792,156,1,0
BRDA:1799,157,0,0
BRDA:1799,157,1,0
BRDA:1800,158,0,0
BRDA:1800,158,1,0
BRDA:1801,159,0,0
BRDA:1801,159,1,0
BRDA:1802,160,0,0
BRDA:1802,160,1,0
BRDA:1810,161,0,0
BRDA:1810,161,1,0
BRDA:1811,162,0,0
BRDA:1811,162,1,0
BRDA:1812,163,0,0
BRDA:1812,163,1,0
BRDA:1819,164,0,0
BRDA:1819,164,1,0
BRDA:1820,165,0,0
BRDA:1820,165,1,0
BRDA:1831,166,0,0
BRDA:1831,166,1,0
BRDA:1834,167,0,0
BRDA:1834,167,1,0
BRDA:1881,168,0,0
BRDA:1881,168,1,0
BRDA:1920,169,0,0
BRDA:1920,169,1,0
BRDA:1920,170,0,0
BRDA:1920,170,1,0
BRDA:1929,171,0,0
BRDA:1929,171,1,0
BRDA:1938,172,0,0
BRDA:1938,172,1,0
BRDA:1951,173,0,0
BRDA:1951,173,1,0
BRDA:1952,174,0,0
BRDA:1952,174,1,0
BRDA:1953,175,0,0
BRDA:1953,175,1,0
BRDA:1954,176,0,0
BRDA:1954,176,1,0
BRDA:1965,177,0,0
BRDA:1965,177,1,0
BRDA:1965,178,0,0
BRDA:1965,178,1,0
BRDA:1966,179,0,0
BRDA:1966,179,1,0
BRDA:1969,180,0,0
BRDA:1969,180,1,0
BRDA:1969,181,0,0
BRDA:1969,181,1,0
BRDA:1998,182,0,0
BRDA:1998,182,1,0
BRDA:2054,183,0,0
BRDA:2054,183,1,0
BRDA:2089,184,0,1
BRDA:2089,184,1,3
BRDA:2120,185,0,0
BRDA:2120,185,1,0
BRDA:2141,186,0,0
BRDA:2141,186,1,0
BRDA:2147,187,0,0
BRDA:2147,187,1,0
BRDA:2151,188,0,0
BRDA:2151,188,1,0
BRDA:2152,189,0,0
BRDA:2152,189,1,0
BRDA:2155,190,0,0
BRDA:2155,190,1,0
BRDA:2159,191,0,0
BRDA:2159,191,1,0
BRDA:2162,192,0,0
BRDA:2162,192,1,0
BRDA:2165,193,0,0
BRDA:2165,193,1,0
BRDA:2166,194,0,0
BRDA:2166,194,1,0
BRDA:2172,195,0,0
BRDA:2172,195,1,0
BRDA:2174,196,0,0
BRDA:2174,196,1,0
BRDA:2175,197,0,0
BRDA:2175,197,1,0
BRDA:2180,198,0,0
BRDA:2180,198,1,0
BRDA:2181,199,0,0
BRDA:2181,199,1,0
BRDA:2186,200,0,0
BRDA:2186,200,1,0
BRDA:2187,201,0,0
BRDA:2187,201,1,0
BRDA:2200,202,0,0
BRDA:2200,202,1,0
BRDA:2201,203,0,0
BRDA:2201,203,1,0
BRDA:2231,204,0,0
BRDA:2231,204,1,0
BRDA:2231,205,0,0
BRDA:2231,205,1,0
BRDA:2236,206,0,0
BRDA:2236,206,1,0
BRDA:2240,207,0,0
BRDA:2240,207,1,0
BRDA:2245,208,0,0
BRDA:2245,208,1,0
BRDA:2264,209,0,0
BRDA:2264,210,0,0
BRDA:2264,211,0,0
BRDA:2264,212,0,0
BRDA:2264,213,0,0
BRDA:2275,214,0,0
BRDA:2275,214,1,0
BRDA:2283,215,0,0
BRDA:2283,215,1,0
BRDA:2286,216,0,0
BRDA:2286,216,1,0
BRDA:2293,217,0,0
BRDA:2293,217,1,0
BRDA:2350,218,0,0
BRDA:2350,218,1,0
BRDA:2355,219,0,0
BRDA:2355,219,1,0
BRDA:2356,220,0,0
BRDA:2356,220,1,0
BRDA:2360,221,0,0
BRDA:2360,221,1,0
BRDA:2413,222,0,0
BRDA:2413,222,1,0
BRDA:2421,223,0,0
BRDA:2421,223,1,0
BRDA:2441,224,0,0
BRDA:2441,224,1,0
BRDA:2441,225,0,0
BRDA:2441,225,1,0
BRDA:2444,226,0,0
BRDA:2444,226,1,0
BRDA:2466,227,0,0
BRDA:2466,227,1,0
BRDA:2470,228,0,0
BRDA:2470,228,1,0
BRDA:2471,229,0,0
BRDA:2471,229,1,0
BRDA:2474,230,0,0
BRDA:2474,230,1,0
BRDA:2476,231,0,0
BRDA:2476,231,1,0
BRDA:2479,232,0,0
BRDA:2479,232,1,0
BRF:465
BRH:10
end_of_record
TN:
SF:src\middleware\auth.js
FN:6,(anonymous_0)
FN:60,(anonymous_1)
FN:61,(anonymous_2)
FN:81,(anonymous_3)
FN:103,(anonymous_4)
FNF:5
FNH:2
FNDA:14,(anonymous_0)
FNDA:3,(anonymous_1)
FNDA:0,(anonymous_2)
FNDA:0,(anonymous_3)
FNDA:0,(anonymous_4)
DA:1,3
DA:2,3
DA:3,3
DA:6,3
DA:7,14
DA:9,14
DA:11,14
DA:12,2
DA:19,12
DA:22,12
DA:24,12
DA:25,0
DA:31,12
DA:32,0
DA:38,12
DA:39,0
DA:46,12
DA:47,12
DA:49,12
DA:51,0
DA:60,3
DA:61,3
DA:62,0
DA:63,0
DA:69,0
DA:70,0
DA:76,0
DA:81,3
DA:82,0
DA:83,0
DA:85,0
DA:86,0
DA:87,0
DA:89,0
DA:90,0
DA:91,0
DA:95,0
DA:98,0
DA:103,3
DA:104,0
DA:106,0
DA:107,0
DA:110,0
DA:116,3
LF:44
LH:21
BRDA:11,0,0,2
BRDA:11,0,1,12
BRDA:24,1,0,0
BRDA:24,1,1,12
BRDA:31,2,0,0
BRDA:31,2,1,12
BRDA:38,3,0,0
BRDA:38,3,1,12
BRDA:54,4,0,0
BRDA:54,4,1,0
BRDA:62,5,0,0
BRDA:62,5,1,0
BRDA:69,6,0,0
BRDA:69,6,1,0
BRDA:85,7,0,0
BRDA:85,7,1,0
BRDA:89,8,0,0
BRDA:89,8,1,0
BRDA:89,9,0,0
BRDA:89,9,1,0
BRDA:89,9,2,0
BRDA:104,10,0,0
BRDA:104,10,1,0
BRDA:104,10,2,0
BRDA:106,11,0,0
BRDA:106,11,1,0
BRDA:106,12,0,0
BRDA:106,12,1,0
BRF:28
BRH:5
end_of_record
TN:
SF:src\middleware\validation.js
FN:25,(anonymous_0)
FN:58,(anonymous_1)
FN:98,(anonymous_2)
FN:105,(anonymous_3)
FNF:4
FNH:1
FNDA:0,(anonymous_0)
FNDA:0,(anonymous_1)
FNDA:15,(anonymous_2)
FNDA:0,(anonymous_3)
DA:1,3
DA:4,3
DA:26,0
DA:27,0
DA:29,0
DA:34,3
DA:46,3
DA:59,0
DA:60,0
DA:62,0
DA:67,3
DA:98,3
DA:99,15
DA:101,15
DA:102,0
DA:105,0
DA:113,15
DA:116,3
LF:18
LH:10
BRDA:26,0,0,0
BRDA:26,0,1,0
BRDA:59,1,0,0
BRDA:59,1,1,0
BRDA:101,2,0,0
BRDA:101,2,1,15
BRF:6
BRH:1
end_of_record
TN:
SF:src\models\Achievement.js
FNF:0
FNH:0
DA:1,4
DA:3,4
DA:69,4
DA:70,4
DA:71,4
DA:73,4
LF:6
LH:6
BRF:0
BRH:0
end_of_record
TN:
SF:src\models\ActivityLog.js
FN:82,(anonymous_0)
FN:88,(anonymous_1)
FN:94,(anonymous_2)
FNF:3
FNH:0
FNDA:0,(anonymous_0)
FNDA:0,(anonymous_1)
FNDA:0,(anonymous_2)
DA:1,4
DA:4,4
DA:15,4
DA:76,4
DA:77,4
DA:78,4
DA:79,4
DA:82,4
DA:83,0
DA:88,4
DA:89,0
DA:94,4
DA:95,0
DA:100,4
LF:14
LH:11
BRDA:94,0,0,0
BRF:1
BRH:0
end_of_record
TN:
SF:src\models\Comment.js
FN:63,(anonymous_0)
FN:70,(anonymous_1)
FN:71,(anonymous_2)
FNF:3
FNH:0
FNDA:0,(anonymous_0)
FNDA:0,(anonymous_1)
FNDA:0,(anonymous_2)
DA:1,3
DA:3,3
DA:57,3
DA:58,3
DA:59,3
DA:60,3
DA:63,3
DA:64,0
DA:65,0
DA:70,3
DA:71,0
DA:74,3
LF:12
LH:9
BRDA:64,0,0,0
BRDA:64,0,1,0
BRF:2
BRH:0
end_of_record
TN:
SF:src\models\GeneratedContent.js
FN:227,(anonymous_0)
FN:232,(anonymous_1)
FN:240,(anonymous_2)
FN:249,(anonymous_3)
FN:254,(anonymous_4)
FN:266,(anonymous_5)
FN:272,(anonymous_6)
FNF:7
FNH:0
FNDA:0,(anonymous_0)
FNDA:0,(anonymous_1)
FNDA:0,(anonymous_2)
FNDA:0,(anonymous_3)
FNDA:0,(anonymous_4)
FNDA:0,(anonymous_5)
FNDA:0,(anonymous_6)
DA:1,4
DA:4,4
DA:22,4
DA:37,4
DA:64,4
DA:80,4
DA:221,4
DA:222,4
DA:223,4
DA:224,4
DA:227,4
DA:228,0
DA:231,0
DA:232,0
DA:233,0
DA:234,0
DA:236,0
DA:240,4
DA:241,0
DA:242,0
DA:243,0
DA:245,0
DA:249,4
DA:250,0
DA:253,0
DA:254,0
DA:256,0
DA:257,0
DA:258,0
DA:259,0
DA:262,0
DA:266,4
DA:267,0
DA:272,4
DA:273,0
DA:277,4
LF:36
LH:16
BRDA:250,0,0,0
BRDA:250,0,1,0
BRDA:256,1,0,0
BRDA:256,1,1,0
BRDA:256,2,0,0
BRDA:256,2,1,0
BRDA:257,3,0,0
BRDA:257,3,1,0
BRDA:258,4,0,0
BRDA:258,4,1,0
BRDA:258,5,0,0
BRDA:258,5,1,0
BRDA:259,6,0,0
BRDA:259,6,1,0
BRF:14
BRH:0
end_of_record
TN:
SF:src\models\Goal.js
FN:210,(anonymous_0)
FN:227,(anonymous_1)
FN:230,(anonymous_2)
FN:235,(anonymous_3)
FN:247,(anonymous_4)
FNF:5
FNH:3
FNDA:0,(anonymous_0)
FNDA:4,(anonymous_1)
FNDA:4,(anonymous_2)
FNDA:0,(anonymous_3)
FNDA:7,(anonymous_4)
DA:1,4
DA:3,4
DA:43,4
DA:78,4
DA:206,4
DA:207,4
DA:210,4
DA:211,0
DA:212,0
DA:213,0
DA:214,0
DA:215,0
DA:219,4
DA:227,4
DA:228,4
DA:230,4
DA:231,4
DA:235,4
DA:236,0
DA:238,0
DA:239,0
DA:240,0
DA:243,0
DA:247,4
DA:249,7
DA:250,4
DA:254,4
LF:27
LH:17
BRDA:211,0,0,0
BRDA:211,0,1,0
BRDA:228,1,0,0
BRDA:228,1,1,4
BRDA:228,2,0,4
BRDA:228,2,1,4
BRDA:230,3,0,4
BRDA:230,3,1,4
BRDA:238,4,0,0
BRDA:238,4,1,0
BRDA:238,5,0,0
BRDA:238,5,1,0
BRDA:249,6,0,4
BRDA:249,6,1,3
BRF:14
BRH:7
end_of_record
TN:
SF:src\models\Notification.js
FN:60,(anonymous_0)
FNF:1
FNH:0
FNDA:0,(anonymous_0)
DA:1,4
DA:3,4
DA:60,0
DA:70,4
DA:73,4
DA:74,4
DA:75,4
DA:77,4
LF:8
LH:7
BRF:0
BRH:0
end_of_record
TN:
SF:src\models\User.js
FN:165,(anonymous_0)
FN:182,(anonymous_1)
FN:187,(anonymous_2)
FN:197,(anonymous_3)
FN:207,(anonymous_4)
FN:227,(anonymous_5)
FN:234,(anonymous_6)
FNF:7
FNH:5
FNDA:0,(anonymous_0)
FNDA:36,(anonymous_1)
FNDA:34,(anonymous_2)
FNDA:12,(anonymous_3)
FNDA:33,(anonymous_4)
FNDA:1,(anonymous_5)
FNDA:0,(anonymous_6)
DA:1,6
DA:2,6
DA:4,6
DA:166,0
DA:167,0
DA:168,0
DA:169,0
DA:170,0
DA:171,0
DA:172,0
DA:173,0
DA:179,6
DA:182,6
DA:183,36
DA:187,6
DA:189,34
DA:192,32
DA:193,32
DA:197,6
DA:198,12
DA:199,12
DA:200,12
DA:202,0
DA:207,6
DA:209,33
DA:210,0
DA:216,33
DA:219,33
DA:220,5
DA:223,33
DA:227,6
DA:228,1
DA:234,6
DA:235,0
DA:237,0
DA:247,6
LF:36
LH:24
BRDA:183,0,0,36
BRDA:183,0,1,4
BRDA:189,1,0,2
BRDA:189,1,1,32
BRDA:189,2,0,34
BRDA:189,2,1,32
BRDA:199,3,0,0
BRDA:199,3,1,12
BRDA:209,4,0,0
BRDA:209,4,1,33
BRDA:209,5,0,33
BRDA:209,5,1,0
BRDA:219,6,0,5
BRDA:219,6,1,28
BRDA:219,7,0,33
BRDA:219,7,1,5
BRDA:234,8,0,0
BRDA:234,9,0,0
BRDA:234,10,0,0
BRF:19
BRH:13
end_of_record
TN:
SF:src\models\UserGameProfile.js
FNF:0
FNH:0
DA:1,4
DA:3,4
DA:90,4
DA:91,4
DA:93,4
LF:5
LH:5
BRF:0
BRH:0
end_of_record
TN:
SF:src\models\UserPreferences.js
FNF:0
FNH:0
DA:1,4
DA:3,4
DA:67,4
DA:69,4
LF:4
LH:4
BRF:0
BRH:0
end_of_record
TN:
SF:src\routes\authRoutes.js
FN:34,(anonymous_0)
FNF:1
FNH:0
FNDA:0,(anonymous_0)
DA:1,3
DA:18,3
DA:20,3
DA:26,3
DA:29,3
DA:31,3
DA:34,3
DA:35,0
DA:36,0
DA:37,0
DA:38,0
DA:41,0
DA:42,0
DA:43,0
DA:45,0
DA:46,0
DA:48,0
DA:54,0
DA:55,0
DA:64,3
DA:67,3
DA:68,3
DA:71,3
DA:72,3
DA:73,3
DA:76,3
DA:81,3
DA:87,3
DA:90,3
DA:93,3
DA:95,3
DA:98,3
DA:100,3
DA:101,3
DA:102,3
DA:108,3
DA:114,3
LF:37
LH:25
BRDA:37,0,0,0
BRDA:37,0,1,0
BRF:2
BRH:0
end_of_record
TN:
SF:src\routes\gamificationRoutes.js
FNF:0
FNH:0
DA:5,3
DA:6,3
DA:7,3
DA:8,3
DA:11,3
DA:12,3
DA:13,3
DA:16,3
DA:17,3
DA:20,3
DA:21,3
DA:24,3
DA:27,3
DA:29,3
LF:14
LH:14
BRF:0
BRH:0
end_of_record
TN:
SF:src\routes\goalRoutes.js
FN:11,(anonymous_0)
FN:19,(anonymous_1)
FN:28,(anonymous_2)
FN:52,(anonymous_3)
FNF:4
FNH:0
FNDA:0,(anonymous_0)
FNDA:0,(anonymous_1)
FNDA:0,(anonymous_2)
FNDA:0,(anonymous_3)
DA:1,3
DA:2,3
DA:3,3
DA:4,3
DA:5,3
DA:6,3
DA:7,3
DA:10,3
DA:12,0
DA:14,0
DA:15,0
DA:17,0
DA:21,0
DA:22,0
DA:23,0
DA:28,3
DA:29,0
DA:35,0
DA:36,0
DA:38,0
DA:42,3
DA:52,3
DA:53,0
DA:54,0
DA:55,0
DA:60,0
DA:61,0
DA:66,0
DA:71,0
DA:72,0
DA:77,0
DA:83,3
DA:86,3
DA:89,3
DA:92,3
DA:93,3
DA:94,3
DA:97,3
DA:102,3
DA:105,3
DA:114,3
DA:117,3
DA:120,3
DA:123,3
DA:128,3
DA:131,3
DA:134,3
DA:137,3
DA:140,3
DA:145,3
DA:148,3
DA:151,3
DA:154,3
DA:159,3
DA:162,3
DA:165,3
DA:168,3
DA:173,3
DA:176,3
DA:179,3
DA:182,3
DA:185,3
DA:188,3
DA:191,3
DA:193,3
LF:65
LH:45
BRDA:14,0,0,0
BRDA:14,0,1,0
BRDA:35,1,0,0
BRDA:35,1,1,0
BRDA:53,2,0,0
BRDA:53,2,1,0
BRDA:54,3,0,0
BRDA:54,3,1,0
BRDA:60,4,0,0
BRDA:60,4,1,0
BRDA:71,5,0,0
BRDA:71,5,1,0
BRF:12
BRH:0
end_of_record
TN:
SF:src\services\aiService.js
FN:28,(anonymous_0)
FN:44,safeJSONParse
FN:61,tryParse
FN:76,escapeNewlinesInStrings
FN:161,unwrapDoubleEncoded
FN:186,makeAIRequest
FN:239,(anonymous_6)
FN:247,refineGoal
FN:285,getGoalSuggestions
FN:320,extractTopics
FN:359,(anonymous_10)
FN:363,(anonymous_11)
FN:379,generateNotes
FN:422,generateSummary
FN:460,generateQuiz
FN:528,generateEssayQuestions
FN:579,generateFlashcards
FN:612,(anonymous_17)
FN:624,analyzePerformance
FN:634,(anonymous_19)
FN:635,(anonymous_20)
FN:669,gradeEssayAnswer
FN:675,(anonymous_22)
FN:707,getStudyRecommendation
FN:708,(anonymous_24)
FNF:25
FNH:0
FNDA:0,(anonymous_0)
FNDA:0,safeJSONParse
FNDA:0,tryParse
FNDA:0,escapeNewlinesInStrings
FNDA:0,unwrapDoubleEncoded
FNDA:0,makeAIRequest
FNDA:0,(anonymous_6)
FNDA:0,refineGoal
FNDA:0,getGoalSuggestions
FNDA:0,extractTopics
FNDA:0,(anonymous_10)
FNDA:0,(anonymous_11)
FNDA:0,generateNotes
FNDA:0,generateSummary
FNDA:0,generateQuiz
FNDA:0,generateEssayQuestions
FNDA:0,generateFlashcards
FNDA:0,(anonymous_17)
FNDA:0,analyzePerformance
FNDA:0,(anonymous_19)
FNDA:0,(anonymous_20)
FNDA:0,gradeEssayAnswer
FNDA:0,(anonymous_22)
FNDA:0,getStudyRecommendation
FNDA:0,(anonymous_24)
DA:1,2
DA:2,2
DA:7,2
DA:12,2
DA:19,2
DA:28,2
DA:29,0
DA:30,0
DA:31,0
DA:32,0
DA:33,0
DA:35,0
DA:36,0
DA:38,0
DA:45,0
DA:47,0
DA:49,0
DA:50,0
DA:51,0
DA:52,0
DA:53,0
DA:55,0
DA:56,0
DA:58,0
DA:62,0
DA:63,0
DA:65,0
DA:70,0
DA:71,0
DA:77,0
DA:78,0
DA:79,0
DA:81,0
DA:82,0
DA:84,0
DA:85,0
DA:86,0
DA:87,0
DA:90,0
DA:91,0
DA:92,0
DA:93,0
DA:96,0
DA:97,0
DA:98,0
DA:99,0
DA:103,0
DA:104,0
DA:105,0
DA:109,0
DA:110,0
DA:111,0
DA:114,0
DA:117,0
DA:120,0
DA:121,0
DA:122,0
DA:125,0
DA:126,0
DA:127,0
DA:128,0
DA:129,0
DA:131,0
DA:132,0
DA:134,0
DA:135,0
DA:138,0
DA:139,0
DA:140,0
DA:143,0
DA:144,0
DA:145,0
DA:148,0
DA:149,0
DA:150,0
DA:152,0
DA:162,0
DA:163,0
DA:164,0
DA:165,0
DA:166,0
DA:167,0
DA:168,0
DA:169,0
DA:170,0
DA:172,0
DA:180,0
DA:187,0
DA:188,0
DA:189,0
DA:192,0
DA:193,0
DA:194,0
DA:195,0
DA:198,0
DA:199,0
DA:201,0
DA:202,0
DA:203,0
DA:219,0
DA:220,0
DA:221,0
DA:224,0
DA:226,0
DA:229,0
DA:230,0
DA:231,0
DA:234,0
DA:235,0
DA:239,0
DA:248,0
DA:252,0
DA:254,0
DA:272,0
DA:273,0
DA:286,0
DA:287,0
DA:290,0
DA:308,0
DA:309,0
DA:310,0
DA:312,0
DA:313,0
DA:322,0
DA:324,0
DA:354,0
DA:355,0
DA:358,0
DA:359,0
DA:363,0
DA:372,0
DA:380,0
DA:382,0
DA:386,0
DA:401,0
DA:402,0
DA:405,0
DA:406,0
DA:407,0
DA:415,0
DA:423,0
DA:425,0
DA:429,0
DA:439,0
DA:440,0
DA:443,0
DA:444,0
DA:445,0
DA:453,0
DA:462,0
DA:464,0
DA:470,0
DA:474,0
DA:512,0
DA:513,0
DA:515,0
DA:529,0
DA:531,0
DA:535,0
DA:566,0
DA:567,0
DA:569,0
DA:580,0
DA:582,0
DA:609,0
DA:610,0
DA:612,0
DA:625,0
DA:626,0
DA:633,0
DA:634,0
DA:635,0
DA:636,0
DA:638,0
DA:656,0
DA:657,0
DA:670,0
DA:675,0
DA:694,0
DA:695,0
DA:708,0
DA:709,0
DA:712,0
DA:735,0
DA:736,0
DA:745,2
LF:186
LH:7
BRDA:29,0,0,0
BRDA:29,0,1,0
BRDA:31,1,0,0
BRDA:31,1,1,0
BRDA:31,2,0,0
BRDA:31,2,1,0
BRDA:44,3,0,0
BRDA:45,4,0,0
BRDA:45,4,1,0
BRDA:45,5,0,0
BRDA:45,5,1,0
BRDA:50,6,0,0
BRDA:50,6,1,0
BRDA:52,7,0,0
BRDA:52,7,1,0
BRDA:55,8,0,0
BRDA:55,8,1,0
BRDA:71,9,0,0
BRDA:71,9,1,0
BRDA:84,10,0,0
BRDA:84,10,1,0
BRDA:90,11,0,0
BRDA:90,11,1,0
BRDA:96,12,0,0
BRDA:96,12,1,0
BRDA:103,13,0,0
BRDA:103,13,1,0
BRDA:103,14,0,0
BRDA:103,14,1,0
BRDA:103,14,2,0
BRDA:104,15,0,0
BRDA:104,15,1,0
BRDA:109,16,0,0
BRDA:109,16,1,0
BRDA:109,17,0,0
BRDA:109,17,1,0
BRDA:122,18,0,0
BRDA:122,18,1,0
BRDA:126,19,0,0
BRDA:126,19,1,0
BRDA:127,20,0,0
BRDA:127,20,1,0
BRDA:128,21,0,0
BRDA:128,21,1,0
BRDA:129,22,0,0
BRDA:129,22,1,0
BRDA:135,23,0,0
BRDA:135,23,1,0
BRDA:140,24,0,0
BRDA:140,24,1,0
BRDA:149,25,0,0
BRDA:149,25,1,0
BRDA:162,26,0,0
BRDA:162,26,1,0
BRDA:162,27,0,0
BRDA:162,27,1,0
BRDA:166,28,0,0
BRDA:166,28,1,0
BRDA:168,29,0,0
BRDA:168,29,1,0
BRDA:170,30,0,0
BRDA:170,30,1,0
BRDA:170,31,0,0
BRDA:170,31,1,0
BRDA:170,31,2,0
BRDA:173,32,0,0
BRDA:173,32,1,0
BRDA:175,33,0,0
BRDA:175,33,1,0
BRDA:175,34,0,0
BRDA:175,34,1,0
BRDA:175,35,0,0
BRDA:175,35,1,0
BRDA:176,36,0,0
BRDA:176,36,1,0
BRDA:176,37,0,0
BRDA:176,37,1,0
BRDA:176,38,0,0
BRDA:176,38,1,0
BRDA:177,39,0,0
BRDA:177,39,1,0
BRDA:177,39,2,0
BRDA:186,40,0,0
BRDA:188,41,0,0
BRDA:188,41,1,0
BRDA:192,42,0,0
BRDA:192,42,1,0
BRDA:193,43,0,0
BRDA:193,43,1,0
BRDA:194,44,0,0
BRDA:194,44,1,0
BRDA:195,45,0,0
BRDA:195,45,1,0
BRDA:220,46,0,0
BRDA:220,46,1,0
BRDA:224,47,0,0
BRDA:224,47,1,0
BRDA:229,48,0,0
BRDA:229,48,1,0
BRDA:229,49,0,0
BRDA:229,49,1,0
BRDA:234,50,0,0
BRDA:234,50,1,0
BRDA:247,51,0,0
BRDA:248,52,0,0
BRDA:248,52,1,0
BRDA:285,53,0,0
BRDA:286,54,0,0
BRDA:286,54,1,0
BRDA:286,55,0,0
BRDA:286,55,1,0
BRDA:293,56,0,0
BRDA:293,56,1,0
BRDA:358,57,0,0
BRDA:358,57,1,0
BRDA:358,58,0,0
BRDA:358,58,1,0
BRDA:360,59,0,0
BRDA:360,59,1,0
BRDA:361,60,0,0
BRDA:361,60,1,0
BRDA:362,61,0,0
BRDA:362,61,1,0
BRDA:363,62,0,0
BRDA:363,62,1,0
BRDA:363,63,0,0
BRDA:363,63,1,0
BRDA:365,64,0,0
BRDA:365,64,1,0
BRDA:379,65,0,0
BRDA:382,66,0,0
BRDA:382,66,1,0
BRDA:405,67,0,0
BRDA:405,67,1,0
BRDA:409,68,0,0
BRDA:409,68,1,0
BRDA:422,69,0,0
BRDA:425,70,0,0
BRDA:425,70,1,0
BRDA:443,71,0,0
BRDA:443,71,1,0
BRDA:447,72,0,0
BRDA:447,72,1,0
BRDA:460,73,0,0
BRDA:460,74,0,0
BRDA:460,75,0,0
BRDA:470,76,0,0
BRDA:470,76,1,0
BRDA:516,77,0,0
BRDA:516,77,1,0
BRDA:517,78,0,0
BRDA:517,78,1,0
BRDA:518,79,0,0
BRDA:518,79,1,0
BRDA:528,80,0,0
BRDA:528,81,0,0
BRDA:528,82,0,0
BRDA:531,83,0,0
BRDA:531,83,1,0
BRDA:570,84,0,0
BRDA:570,84,1,0
BRDA:571,85,0,0
BRDA:571,85,1,0
BRDA:572,86,0,0
BRDA:572,86,1,0
BRDA:579,87,0,0
BRDA:613,88,0,0
BRDA:613,88,1,0
BRDA:614,89,0,0
BRDA:614,89,1,0
BRDA:615,90,0,0
BRDA:615,90,1,0
BRDA:625,91,0,0
BRDA:625,91,1,0
BRDA:625,92,0,0
BRDA:625,92,1,0
BRDA:636,93,0,0
BRDA:636,93,1,0
BRDA:643,94,0,0
BRDA:643,94,1,0
BRDA:643,95,0,0
BRDA:643,95,1,0
BRDA:709,96,0,0
BRDA:709,96,1,0
BRDA:718,97,0,0
BRDA:718,97,1,0
BRDA:719,98,0,0
BRDA:719,98,1,0
BRDA:720,99,0,0
BRDA:720,99,1,0
BRF:190
BRH:0
end_of_record
TN:
SF:src\services\difficultyAnalyzer.js
FN:15,getHarder
FN:20,getSofter
FN:29,analyzeTopicDifficulty
FN:40,(anonymous_3)
FN:77,(anonymous_4)
FN:83,(anonymous_5)
FN:100,(anonymous_6)
FN:125,analyze
FNF:8
FNH:6
FNDA:7,getHarder
FNDA:4,getSofter
FNDA:16,analyzeTopicDifficulty
FNDA:33,(anonymous_3)
FNDA:2,(anonymous_4)
FNDA:0,(anonymous_5)
FNDA:0,(anonymous_6)
FNDA:3,analyze
DA:1,4
DA:2,4
DA:3,4
DA:6,4
DA:7,4
DA:8,4
DA:9,4
DA:10,4
DA:11,4
DA:13,4
DA:16,7
DA:17,7
DA:21,4
DA:22,4
DA:30,16
DA:33,16
DA:39,16
DA:40,33
DA:42,11
DA:43,6
DA:44,6
DA:45,5
DA:54,5
DA:55,4
DA:56,4
DA:57,3
DA:70,16
DA:76,16
DA:77,2
DA:79,1
DA:80,1
DA:81,1
DA:83,1
DA:84,1
DA:85,0
DA:87,1
DA:97,0
DA:98,0
DA:99,0
DA:100,0
DA:101,0
DA:102,0
DA:104,0
DA:117,16
DA:126,3
DA:127,3
DA:129,3
DA:131,3
DA:132,3
DA:137,3
DA:140,3
DA:143,4
LF:52
LH:44
BRDA:16,0,0,7
BRDA:16,0,1,0
BRDA:17,1,0,6
BRDA:17,1,1,1
BRDA:21,2,0,4
BRDA:21,2,1,0
BRDA:22,3,0,3
BRDA:22,3,1,1
BRDA:39,4,0,11
BRDA:39,4,1,5
BRDA:40,5,0,33
BRDA:40,5,1,0
BRDA:42,6,0,6
BRDA:42,6,1,5
BRDA:44,7,0,5
BRDA:44,7,1,1
BRDA:47,8,0,5
BRDA:47,8,1,0
BRDA:54,9,0,4
BRDA:54,9,1,1
BRDA:56,10,0,3
BRDA:56,10,1,1
BRDA:59,11,0,3
BRDA:59,11,1,0
BRDA:76,12,0,1
BRDA:76,12,1,15
BRDA:77,13,0,2
BRDA:77,13,1,0
BRDA:79,14,0,1
BRDA:79,14,1,0
BRDA:81,15,0,1
BRDA:81,15,1,0
BRDA:84,16,0,0
BRDA:84,16,1,1
BRDA:85,17,0,0
BRDA:85,17,1,0
BRDA:89,18,0,1
BRDA:89,18,1,0
BRDA:97,19,0,0
BRDA:97,19,1,0
BRDA:99,20,0,0
BRDA:99,20,1,0
BRDA:101,21,0,0
BRDA:101,21,1,0
BRDA:102,22,0,0
BRDA:102,22,1,0
BRDA:106,23,0,0
BRDA:106,23,1,0
BRDA:127,24,0,0
BRDA:127,24,1,3
BRDA:127,25,0,3
BRDA:127,25,1,3
BRDA:135,26,0,3
BRDA:135,26,1,0
BRF:54
BRH:30
end_of_record
TN:
SF:src\services\gamificationService.js
FN:17,calculateLevel
FN:26,initializeGameProfile
FN:46,addXP
FN:78,(anonymous_3)
FN:101,updateActivityStats
FN:148,getHighestQualifyingLevel
FN:156,(anonymous_6)
FN:163,(anonymous_7)
FN:171,(anonymous_8)
FN:177,(anonymous_9)
FN:185,(anonymous_10)
FN:191,(anonymous_11)
FN:197,(anonymous_12)
FN:203,(anonymous_13)
FN:216,evaluateAchievements
FN:226,(anonymous_15)
FN:263,(anonymous_16)
FN:311,createAchievementNotification
FN:319,(anonymous_18)
FN:348,getUserGameProfile
FN:367,getLeaderboard
FN:376,(anonymous_21)
FN:405,updateStreak
FN:463,getUserRank
FN:486,(anonymous_24)
FNF:25
FNH:5
FNDA:15,calculateLevel
FNDA:16,initializeGameProfile
FNDA:12,addXP
FNDA:0,(anonymous_3)
FNDA:0,updateActivityStats
FNDA:0,getHighestQualifyingLevel
FNDA:0,(anonymous_6)
FNDA:0,(anonymous_7)
FNDA:0,(anonymous_8)
FNDA:0,(anonymous_9)
FNDA:0,(anonymous_10)
FNDA:0,(anonymous_11)
FNDA:0,(anonymous_12)
FNDA:0,(anonymous_13)
FNDA:0,evaluateAchievements
FNDA:0,(anonymous_15)
FNDA:0,(anonymous_16)
FNDA:0,createAchievementNotification
FNDA:0,(anonymous_18)
FNDA:5,getUserGameProfile
FNDA:0,getLeaderboard
FNDA:0,(anonymous_21)
FNDA:13,updateStreak
FNDA:0,getUserRank
FNDA:0,(anonymous_24)
DA:1,2
DA:2,2
DA:3,2
DA:4,2
DA:5,2
DA:8,2
DA:18,15
DA:19,12
DA:20,8
DA:27,16
DA:30,16
DA:35,16
DA:37,0
DA:38,0
DA:47,12
DA:48,12
DA:49,12
DA:50,10
DA:53,12
DA:54,12
DA:57,12
DA:60,12
DA:61,12
DA:62,12
DA:64,12
DA:65,12
DA:68,12
DA:71,12
DA:72,5
DA:73,5
DA:82,12
DA:84,12
DA:93,0
DA:94,0
DA:102,0
DA:103,0
DA:104,0
DA:105,0
DA:109,0
DA:110,0
DA:112,0
DA:114,0
DA:115,0
DA:116,0
DA:118,0
DA:119,0
DA:121,0
DA:122,0
DA:124,0
DA:125,0
DA:127,0
DA:128,0
DA:130,0
DA:131,0
DA:134,0
DA:135,0
DA:137,0
DA:139,0
DA:140,0
DA:149,0
DA:150,0
DA:152,0
DA:154,0
DA:155,0
DA:156,0
DA:157,0
DA:161,0
DA:162,0
DA:163,0
DA:164,0
DA:166,0
DA:169,0
DA:170,0
DA:171,0
DA:172,0
DA:175,0
DA:176,0
DA:177,0
DA:178,0
DA:180,0
DA:183,0
DA:184,0
DA:185,0
DA:186,0
DA:189,0
DA:190,0
DA:191,0
DA:192,0
DA:195,0
DA:196,0
DA:197,0
DA:198,0
DA:201,0
DA:202,0
DA:203,0
DA:204,0
DA:207,0
DA:217,0
DA:218,0
DA:219,0
DA:221,0
DA:222,0
DA:224,0
DA:225,0
DA:226,0
DA:228,0
DA:231,0
DA:232,0
DA:234,0
DA:235,0
DA:236,0
DA:238,0
DA:239,0
DA:240,0
DA:245,0
DA:246,0
DA:248,0
DA:249,0
DA:251,0
DA:255,0
DA:256,0
DA:258,0
DA:261,0
DA:262,0
DA:263,0
DA:264,0
DA:265,0
DA:266,0
DA:267,0
DA:272,0
DA:273,0
DA:274,0
DA:275,0
DA:277,0
DA:284,0
DA:293,0
DA:296,0
DA:297,0
DA:298,0
DA:301,0
DA:303,0
DA:304,0
DA:312,0
DA:313,0
DA:314,0
DA:315,0
DA:317,0
DA:319,0
DA:321,0
DA:337,0
DA:338,0
DA:340,0
DA:341,0
DA:349,5
DA:351,5
DA:357,5
DA:359,0
DA:360,0
DA:368,0
DA:369,0
DA:372,0
DA:376,0
DA:378,0
DA:380,0
DA:386,0
DA:388,0
DA:396,0
DA:397,0
DA:406,13
DA:407,13
DA:408,13
DA:409,0
DA:412,13
DA:413,13
DA:414,13
DA:418,13
DA:419,2
DA:420,2
DA:422,2
DA:424,2
DA:425,0
DA:427,0
DA:430,0
DA:431,0
DA:435,11
DA:436,11
DA:439,11
DA:442,11
DA:443,11
DA:450,11
DA:451,11
DA:453,0
DA:454,0
DA:464,0
DA:465,0
DA:466,0
DA:469,0
DA:470,0
DA:472,0
DA:473,0
DA:482,0
DA:486,0
DA:488,0
DA:493,0
DA:500,0
DA:501,0
DA:505,2
LF:207
LH:52
BRDA:18,0,0,3
BRDA:18,0,1,12
BRDA:19,1,0,4
BRDA:19,1,1,8
BRDA:49,2,0,10
BRDA:49,2,1,2
BRDA:71,3,0,5
BRDA:71,3,1,7
BRDA:104,4,0,0
BRDA:104,4,1,0
BRDA:109,5,0,0
BRDA:109,5,1,0
BRDA:112,6,0,0
BRDA:112,6,1,0
BRDA:118,7,0,0
BRDA:118,7,1,0
BRDA:121,8,0,0
BRDA:121,8,1,0
BRDA:124,9,0,0
BRDA:124,9,1,0
BRDA:127,10,0,0
BRDA:127,10,1,0
BRDA:130,11,0,0
BRDA:130,11,1,0
BRDA:152,12,0,0
BRDA:152,12,1,0
BRDA:152,12,2,0
BRDA:152,12,3,0
BRDA:152,12,4,0
BRDA:152,12,5,0
BRDA:152,12,6,0
BRDA:152,12,7,0
BRDA:152,12,8,0
BRDA:156,13,0,0
BRDA:156,13,1,0
BRDA:164,14,0,0
BRDA:164,14,1,0
BRDA:164,15,0,0
BRDA:164,15,1,0
BRDA:171,16,0,0
BRDA:171,16,1,0
BRDA:178,17,0,0
BRDA:178,17,1,0
BRDA:178,18,0,0
BRDA:178,18,1,0
BRDA:185,19,0,0
BRDA:185,19,1,0
BRDA:191,20,0,0
BRDA:191,20,1,0
BRDA:197,21,0,0
BRDA:197,21,1,0
BRDA:203,22,0,0
BRDA:203,22,1,0
BRDA:219,23,0,0
BRDA:219,23,1,0
BRDA:228,24,0,0
BRDA:228,24,1,0
BRDA:231,25,0,0
BRDA:231,25,1,0
BRDA:232,26,0,0
BRDA:232,26,1,0
BRDA:235,27,0,0
BRDA:235,27,1,0
BRDA:236,28,0,0
BRDA:236,28,1,0
BRDA:236,29,0,0
BRDA:236,29,1,0
BRDA:238,30,0,0
BRDA:238,30,1,0
BRDA:239,31,0,0
BRDA:239,31,1,0
BRDA:245,32,0,0
BRDA:245,32,1,0
BRDA:255,33,0,0
BRDA:255,33,1,0
BRDA:255,34,0,0
BRDA:255,34,1,0
BRDA:258,35,0,0
BRDA:258,35,1,0
BRDA:264,36,0,0
BRDA:264,36,1,0
BRDA:265,37,0,0
BRDA:265,37,1,0
BRDA:273,38,0,0
BRDA:273,38,1,0
BRDA:296,39,0,0
BRDA:296,39,1,0
BRDA:314,40,0,0
BRDA:314,40,1,0
BRDA:315,41,0,0
BRDA:315,41,1,0
BRDA:317,42,0,0
BRDA:317,42,1,0
BRDA:318,43,0,0
BRDA:318,43,1,0
BRDA:319,44,0,0
BRDA:319,44,1,0
BRDA:367,45,0,0
BRDA:367,46,0,0
BRDA:378,47,0,0
BRDA:378,47,1,0
BRDA:408,48,0,0
BRDA:408,48,1,13
BRDA:414,49,0,2
BRDA:414,49,1,11
BRDA:418,50,0,2
BRDA:418,50,1,11
BRDA:422,51,0,2
BRDA:422,51,1,0
BRDA:425,52,0,0
BRDA:425,52,1,0
BRDA:442,53,0,11
BRDA:442,53,1,0
BRDA:442,54,0,11
BRDA:442,54,1,11
BRDA:466,55,0,0
BRDA:466,55,1,0
BRDA:472,56,0,0
BRDA:472,56,1,0
BRDA:490,57,0,0
BRDA:490,57,1,0
BRF:121
BRH:17
end_of_record
TN:
SF:src\services\knowledgeStateService.js
FN:75,sigmoid
FN:85,recencyWeight
FN:95,processActivity
FN:184,calculateConsistencyBonus
FN:205,(anonymous_4)
FN:206,(anonymous_5)
FN:229,calculateTopicKnowledge
FN:255,(anonymous_7)
FN:266,(anonymous_8)
FN:268,(anonymous_9)
FN:277,(anonymous_10)
FN:287,(anonymous_11)
FN:301,(anonymous_12)
FN:302,(anonymous_13)
FN:340,calculateGoalKnowledge
FN:369,(anonymous_15)
FN:371,(anonymous_16)
FN:380,(anonymous_17)
FN:381,(anonymous_18)
FN:382,(anonymous_19)
FN:408,updateGoalLearningProfile
FN:418,(anonymous_21)
FN:429,(anonymous_22)
FN:483,getKnowledgeContext
FNF:24
FNH:0
FNDA:0,sigmoid
FNDA:0,recencyWeight
FNDA:0,processActivity
FNDA:0,calculateConsistencyBonus
FNDA:0,(anonymous_4)
FNDA:0,(anonymous_5)
FNDA:0,calculateTopicKnowledge
FNDA:0,(anonymous_7)
FNDA:0,(anonymous_8)
FNDA:0,(anonymous_9)
FNDA:0,(anonymous_10)
FNDA:0,(anonymous_11)
FNDA:0,(anonymous_12)
FNDA:0,(anonymous_13)
FNDA:0,calculateGoalKnowledge
FNDA:0,(anonymous_15)
FNDA:0,(anonymous_16)
FNDA:0,(anonymous_17)
FNDA:0,(anonymous_18)
FNDA:0,(anonymous_19)
FNDA:0,updateGoalLearningProfile
FNDA:0,(anonymous_21)
FNDA:0,(anonymous_22)
FNDA:0,getKnowledgeContext
DA:1,3
DA:2,3
DA:3,3
DA:14,3
DA:17,3
DA:52,3
DA:58,3
DA:65,3
DA:66,3
DA:67,3
DA:76,0
DA:86,0
DA:87,0
DA:96,0
DA:97,0
DA:99,0
DA:101,0
DA:103,0
DA:105,0
DA:106,0
DA:107,0
DA:108,0
DA:110,0
DA:113,0
DA:115,0
DA:116,0
DA:117,0
DA:118,0
DA:120,0
DA:124,0
DA:125,0
DA:126,0
DA:130,0
DA:131,0
DA:135,0
DA:136,0
DA:140,0
DA:144,0
DA:145,0
DA:149,0
DA:153,0
DA:154,0
DA:158,0
DA:159,0
DA:160,0
DA:162,0
DA:166,0
DA:167,0
DA:171,0
DA:172,0
DA:176,0
DA:185,0
DA:187,0
DA:190,0
DA:191,0
DA:192,0
DA:193,0
DA:195,0
DA:198,0
DA:201,0
DA:202,0
DA:203,0
DA:205,0
DA:206,0
DA:208,0
DA:209,0
DA:212,0
DA:230,0
DA:233,0
DA:234,0
DA:249,0
DA:250,0
DA:251,0
DA:255,0
DA:256,0
DA:261,0
DA:262,0
DA:263,0
DA:266,0
DA:267,0
DA:268,0
DA:272,0
DA:273,0
DA:274,0
DA:275,0
DA:276,0
DA:277,0
DA:278,0
DA:279,0
DA:281,0
DA:282,0
DA:283,0
DA:287,0
DA:291,0
DA:292,0
DA:296,0
DA:297,0
DA:298,0
DA:299,0
DA:300,0
DA:301,0
DA:302,0
DA:303,0
DA:304,0
DA:310,0
DA:311,0
DA:312,0
DA:313,0
DA:314,0
DA:316,0
DA:341,0
DA:342,0
DA:344,0
DA:345,0
DA:346,0
DA:347,0
DA:348,0
DA:351,0
DA:352,0
DA:353,0
DA:355,0
DA:356,0
DA:357,0
DA:358,0
DA:361,0
DA:362,0
DA:364,0
DA:369,0
DA:370,0
DA:371,0
DA:375,0
DA:380,0
DA:381,0
DA:382,0
DA:383,0
DA:384,0
DA:385,0
DA:387,0
DA:409,0
DA:412,0
DA:413,0
DA:415,0
DA:418,0
DA:426,0
DA:429,0
DA:432,0
DA:435,0
DA:436,0
DA:437,0
DA:441,0
DA:442,0
DA:443,0
DA:445,0
DA:446,0
DA:447,0
DA:448,0
DA:450,0
DA:455,0
DA:456,0
DA:459,0
DA:460,0
DA:464,0
DA:465,0
DA:470,0
DA:472,0
DA:484,0
DA:485,0
DA:487,0
DA:488,0
DA:491,0
DA:493,0
DA:494,0
DA:495,0
DA:496,0
DA:498,0
DA:499,0
DA:501,0
DA:502,0
DA:506,0
DA:507,0
DA:508,0
DA:509,0
DA:511,0
DA:514,0
DA:515,0
DA:516,0
DA:517,0
DA:520,0
DA:523,3
LF:189
LH:11
BRDA:99,0,0,0
BRDA:99,0,1,0
BRDA:99,0,2,0
BRDA:99,0,3,0
BRDA:99,0,4,0
BRDA:99,0,5,0
BRDA:99,0,6,0
BRDA:99,0,7,0
BRDA:99,0,8,0
BRDA:101,1,0,0
BRDA:101,1,1,0
BRDA:103,2,0,0
BRDA:103,2,1,0
BRDA:103,3,0,0
BRDA:103,3,1,0
BRDA:106,4,0,0
BRDA:106,4,1,0
BRDA:106,4,2,0
BRDA:107,5,0,0
BRDA:107,5,1,0
BRDA:108,6,0,0
BRDA:108,6,1,0
BRDA:110,7,0,0
BRDA:110,7,1,0
BRDA:113,8,0,0
BRDA:113,8,1,0
BRDA:113,9,0,0
BRDA:113,9,1,0
BRDA:115,10,0,0
BRDA:115,10,1,0
BRDA:117,11,0,0
BRDA:117,11,1,0
BRDA:118,12,0,0
BRDA:118,12,1,0
BRDA:124,13,0,0
BRDA:124,13,1,0
BRDA:141,14,0,0
BRDA:141,14,1,0
BRDA:150,15,0,0
BRDA:150,15,1,0
BRDA:158,16,0,0
BRDA:158,16,1,0
BRDA:159,17,0,0
BRDA:159,17,1,0
BRDA:185,18,0,0
BRDA:185,18,1,0
BRDA:192,19,0,0
BRDA:192,19,1,0
BRDA:192,20,0,0
BRDA:192,20,1,0
BRDA:205,21,0,0
BRDA:205,21,1,0
BRDA:206,22,0,0
BRDA:206,22,1,0
BRDA:208,23,0,0
BRDA:208,23,1,0
BRDA:233,24,0,0
BRDA:233,24,1,0
BRDA:266,25,0,0
BRDA:266,25,1,0
BRDA:267,26,0,0
BRDA:267,26,1,0
BRDA:275,27,0,0
BRDA:275,27,1,0
BRDA:276,28,0,0
BRDA:276,28,1,0
BRDA:279,29,0,0
BRDA:279,29,1,0
BRDA:281,30,0,0
BRDA:281,30,1,0
BRDA:291,31,0,0
BRDA:291,31,1,0
BRDA:297,32,0,0
BRDA:297,32,1,0
BRDA:300,33,0,0
BRDA:300,33,1,0
BRDA:303,34,0,0
BRDA:303,34,1,0
BRDA:304,35,0,0
BRDA:304,35,1,0
BRDA:310,36,0,0
BRDA:310,36,1,0
BRDA:311,37,0,0
BRDA:311,37,1,0
BRDA:312,38,0,0
BRDA:312,38,1,0
BRDA:313,39,0,0
BRDA:313,39,1,0
BRDA:342,40,0,0
BRDA:342,40,1,0
BRDA:355,41,0,0
BRDA:355,41,1,0
BRDA:355,42,0,0
BRDA:355,42,1,0
BRDA:357,43,0,0
BRDA:357,43,1,0
BRDA:361,44,0,0
BRDA:361,44,1,0
BRDA:370,45,0,0
BRDA:370,45,1,0
BRDA:375,46,0,0
BRDA:375,46,1,0
BRDA:384,47,0,0
BRDA:384,47,1,0
BRDA:385,48,0,0
BRDA:385,48,1,0
BRDA:413,49,0,0
BRDA:413,49,1,0
BRDA:421,50,0,0
BRDA:421,50,1,0
BRDA:421,50,2,0
BRDA:437,51,0,0
BRDA:437,51,1,0
BRDA:437,52,0,0
BRDA:437,52,1,0
BRDA:443,53,0,0
BRDA:443,53,1,0
BRDA:445,54,0,0
BRDA:445,54,1,0
BRDA:447,55,0,0
BRDA:447,55,1,0
BRDA:455,56,0,0
BRDA:455,56,1,0
BRDA:456,57,0,0
BRDA:456,57,1,0
BRDA:459,58,0,0
BRDA:459,58,1,0
BRDA:464,59,0,0
BRDA:464,59,1,0
BRDA:464,60,0,0
BRDA:464,60,1,0
BRDA:487,61,0,0
BRDA:487,61,1,0
BRDA:487,62,0,0
BRDA:487,62,1,0
BRDA:498,63,0,0
BRDA:498,63,1,0
BRDA:501,64,0,0
BRDA:501,64,1,0
BRDA:506,65,0,0
BRDA:506,65,1,0
BRDA:508,66,0,0
BRDA:508,66,1,0
BRDA:514,67,0,0
BRDA:514,67,1,0
BRDA:516,68,0,0
BRDA:516,68,1,0
BRF:147
BRH:0
end_of_record
TN:
SF:src\services\notificationService.js
FN:7,(anonymous_0)
FN:36,sendEmailNotification
FN:66,createNotification
FN:91,notifyAchievementUnlocked
FN:158,(anonymous_4)
FN:173,notifyWeakAreasRecommendation
FN:192,(anonymous_6)
FN:235,(anonymous_7)
FN:250,getUserNotifications
FN:279,markNotificationAsRead
FN:297,deleteNotification
FN:314,saveUserPreferences
FN:364,getUserPreferences
FN:384,notifyIfPreferred
FN:401,notifyFriendRequest
FN:438,(anonymous_15)
FN:448,sendStreakReminderEmail
FNF:17
FNH:3
FNDA:0,(anonymous_0)
FNDA:0,sendEmailNotification
FNDA:4,createNotification
FNDA:0,notifyAchievementUnlocked
FNDA:0,(anonymous_4)
FNDA:0,notifyWeakAreasRecommendation
FNDA:0,(anonymous_6)
FNDA:0,(anonymous_7)
FNDA:0,getUserNotifications
FNDA:0,markNotificationAsRead
FNDA:0,deleteNotification
FNDA:0,saveUserPreferences
FNDA:4,getUserPreferences
FNDA:4,notifyIfPreferred
FNDA:0,notifyFriendRequest
FNDA:0,(anonymous_15)
FNDA:0,sendStreakReminderEmail
DA:1,3
DA:2,3
DA:3,3
DA:4,3
DA:7,3
DA:8,0
DA:9,0
DA:11,0
DA:13,0
DA:14,0
DA:15,0
DA:18,0
DA:37,0
DA:38,0
DA:39,0
DA:40,0
DA:43,0
DA:53,0
DA:54,0
DA:55,0
DA:57,0
DA:59,0
DA:67,4
DA:68,4
DA:78,4
DA:79,4
DA:81,4
DA:83,0
DA:84,0
DA:92,0
DA:93,0
DA:94,0
DA:97,0
DA:111,0
DA:112,0
DA:114,0
DA:115,0
DA:158,0
DA:159,0
DA:163,0
DA:165,0
DA:166,0
DA:174,0
DA:175,0
DA:178,0
DA:188,0
DA:189,0
DA:191,0
DA:192,0
DA:194,0
DA:235,0
DA:236,0
DA:240,0
DA:242,0
DA:243,0
DA:251,0
DA:252,0
DA:254,0
DA:259,0
DA:260,0
DA:262,0
DA:271,0
DA:272,0
DA:280,0
DA:281,0
DA:287,0
DA:289,0
DA:290,0
DA:298,0
DA:299,0
DA:304,0
DA:306,0
DA:307,0
DA:315,0
DA:316,0
DA:318,0
DA:319,0
DA:323,0
DA:324,0
DA:338,0
DA:339,0
DA:341,0
DA:342,0
DA:344,0
DA:345,0
DA:351,0
DA:352,0
DA:354,0
DA:356,0
DA:357,0
DA:365,4
DA:366,4
DA:368,4
DA:369,2
DA:370,2
DA:373,4
DA:375,0
DA:376,0
DA:385,4
DA:386,4
DA:387,4
DA:388,4
DA:389,8
DA:390,4
DA:391,4
DA:393,0
DA:394,0
DA:402,0
DA:403,0
DA:412,0
DA:413,0
DA:414,0
DA:437,0
DA:438,0
DA:441,0
DA:449,0
DA:450,0
DA:451,0
DA:453,0
DA:454,0
DA:455,0
DA:457,0
DA:500,0
DA:502,0
DA:506,3
LF:125
LH:24
BRDA:11,0,0,0
BRDA:11,0,1,0
BRDA:13,1,0,0
BRDA:13,1,1,0
BRDA:13,2,0,0
BRDA:13,2,1,0
BRDA:39,3,0,0
BRDA:39,3,1,0
BRDA:66,4,0,0
BRDA:66,5,0,0
BRDA:93,6,0,0
BRDA:93,6,1,0
BRDA:100,7,0,0
BRDA:100,7,1,0
BRDA:114,8,0,0
BRDA:114,8,1,0
BRDA:114,9,0,0
BRDA:114,9,1,0
BRDA:191,10,0,0
BRDA:191,10,1,0
BRDA:191,11,0,0
BRDA:191,11,1,0
BRDA:250,12,0,0
BRDA:250,13,0,0
BRDA:318,14,0,0
BRDA:318,14,1,0
BRDA:323,15,0,0
BRDA:323,15,1,0
BRDA:325,16,0,0
BRDA:325,16,1,0
BRDA:325,17,0,0
BRDA:325,17,1,0
BRDA:329,18,0,0
BRDA:329,18,1,0
BRDA:329,19,0,0
BRDA:329,19,1,0
BRDA:330,20,0,0
BRDA:330,20,1,0
BRDA:333,21,0,0
BRDA:333,21,1,0
BRDA:333,22,0,0
BRDA:333,22,1,0
BRDA:334,23,0,0
BRDA:334,23,1,0
BRDA:338,24,0,0
BRDA:338,24,1,0
BRDA:341,25,0,0
BRDA:341,25,1,0
BRDA:344,26,0,0
BRDA:344,26,1,0
BRDA:346,27,0,0
BRDA:346,27,1,0
BRDA:346,28,0,0
BRDA:346,28,1,0
BRDA:368,29,0,2
BRDA:368,29,1,2
BRDA:384,30,0,0
BRDA:384,31,0,4
BRDA:390,32,0,0
BRDA:390,32,1,4
BRDA:413,33,0,0
BRDA:413,33,1,0
BRDA:413,34,0,0
BRDA:413,34,1,0
BRDA:429,35,0,0
BRDA:429,35,1,0
BRDA:451,36,0,0
BRDA:451,36,1,0
BRDA:453,37,0,0
BRDA:453,37,1,0
BRDA:453,37,2,0
BRDA:455,38,0,0
BRDA:455,38,1,0
BRF:73
BRH:4
end_of_record
TN:
SF:src\services\predictiveModel.js
FN:18,(anonymous_0)
FN:22,(anonymous_1)
FN:29,(anonymous_2)
FN:40,(anonymous_3)
FN:58,(anonymous_4)
FN:106,(anonymous_5)
FN:118,(anonymous_6)
FN:145,extractQuizFeatures
FN:149,(anonymous_8)
FN:150,(anonymous_9)
FN:151,(anonymous_10)
FN:154,(anonymous_11)
FN:156,(anonymous_12)
FN:173,(anonymous_13)
FN:177,(anonymous_14)
FN:179,(anonymous_15)
FN:197,buildTrainingData
FN:221,(anonymous_17)
FN:222,(anonymous_18)
FN:223,(anonymous_19)
FN:225,(anonymous_20)
FN:227,(anonymous_21)
FN:238,(anonymous_22)
FN:241,(anonymous_23)
FN:243,(anonymous_24)
FN:265,saveModel
FN:274,loadModel
FN:291,trainQuizPassModel
FN:315,predictQuizPass
FN:356,calculateExamReadiness
FN:396,(anonymous_30)
FN:399,(anonymous_31)
FN:406,(anonymous_32)
FN:414,(anonymous_33)
FN:424,getPredictions
FNF:35
FNH:0
FNDA:0,(anonymous_0)
FNDA:0,(anonymous_1)
FNDA:0,(anonymous_2)
FNDA:0,(anonymous_3)
FNDA:0,(anonymous_4)
FNDA:0,(anonymous_5)
FNDA:0,(anonymous_6)
FNDA:0,extractQuizFeatures
FNDA:0,(anonymous_8)
FNDA:0,(anonymous_9)
FNDA:0,(anonymous_10)
FNDA:0,(anonymous_11)
FNDA:0,(anonymous_12)
FNDA:0,(anonymous_13)
FNDA:0,(anonymous_14)
FNDA:0,(anonymous_15)
FNDA:0,buildTrainingData
FNDA:0,(anonymous_17)
FNDA:0,(anonymous_18)
FNDA:0,(anonymous_19)
FNDA:0,(anonymous_20)
FNDA:0,(anonymous_21)
FNDA:0,(anonymous_22)
FNDA:0,(anonymous_23)
FNDA:0,(anonymous_24)
FNDA:0,saveModel
FNDA:0,loadModel
FNDA:0,trainQuizPassModel
FNDA:0,predictQuizPass
FNDA:0,calculateExamReadiness
FNDA:0,(anonymous_30)
FNDA:0,(anonymous_31)
FNDA:0,(anonymous_32)
FNDA:0,(anonymous_33)
FNDA:0,getPredictions
DA:1,3
DA:2,3
DA:3,3
DA:19,0
DA:20,0
DA:22,0
DA:23,0
DA:24,0
DA:25,0
DA:31,0
DA:32,0
DA:41,0
DA:42,0
DA:44,0
DA:45,0
DA:46,0
DA:48,0
DA:59,0
DA:60,0
DA:63,0
DA:64,0
DA:66,0
DA:67,0
DA:68,0
DA:69,0
DA:71,0
DA:72,0
DA:73,0
DA:76,0
DA:77,0
DA:80,0
DA:81,0
DA:83,0
DA:87,0
DA:88,0
DA:90,0
DA:92,0
DA:95,0
DA:96,0
DA:102,0
DA:107,0
DA:119,0
DA:120,0
DA:121,0
DA:122,0
DA:123,0
DA:124,0
DA:146,0
DA:149,0
DA:150,0
DA:151,0
DA:154,0
DA:155,0
DA:156,0
DA:160,0
DA:163,0
DA:166,0
DA:167,0
DA:168,0
DA:169,0
DA:173,0
DA:174,0
DA:177,0
DA:178,0
DA:179,0
DA:183,0
DA:184,0
DA:185,0
DA:186,0
DA:189,0
DA:198,0
DA:199,0
DA:201,0
DA:202,0
DA:204,0
DA:205,0
DA:212,0
DA:213,0
DA:214,0
DA:221,0
DA:222,0
DA:223,0
DA:225,0
DA:226,0
DA:227,0
DA:229,0
DA:230,0
DA:232,0
DA:233,0
DA:234,0
DA:235,0
DA:238,0
DA:239,0
DA:241,0
DA:242,0
DA:243,0
DA:246,0
DA:247,0
DA:248,0
DA:249,0
DA:252,0
DA:253,0
DA:257,0
DA:266,0
DA:267,0
DA:268,0
DA:275,0
DA:276,0
DA:277,0
DA:278,0
DA:280,0
DA:285,3
DA:292,0
DA:294,0
DA:296,0
DA:300,0
DA:301,0
DA:302,0
DA:305,0
DA:306,0
DA:308,0
DA:316,0
DA:318,0
DA:320,0
DA:321,0
DA:322,0
DA:330,0
DA:334,0
DA:335,0
DA:338,0
DA:339,0
DA:340,0
DA:342,0
DA:357,0
DA:358,0
DA:359,0
DA:362,0
DA:363,0
DA:364,0
DA:366,0
DA:367,0
DA:369,0
DA:370,0
DA:372,0
DA:376,0
DA:377,0
DA:379,0
DA:389,0
DA:390,0
DA:393,0
DA:396,0
DA:399,0
DA:401,0
DA:402,0
DA:403,0
DA:404,0
DA:405,0
DA:406,0
DA:408,0
DA:411,0
DA:414,0
DA:425,0
DA:427,0
DA:440,3
LF:164
LH:5
BRDA:18,0,0,0
BRDA:41,1,0,0
BRDA:41,1,1,0
BRDA:58,2,0,0
BRDA:59,3,0,0
BRDA:59,3,1,0
BRDA:59,4,0,0
BRDA:59,4,1,0
BRDA:122,5,0,0
BRDA:122,5,1,0
BRDA:123,6,0,0
BRDA:123,6,1,0
BRDA:151,7,0,0
BRDA:151,7,1,0
BRDA:154,8,0,0
BRDA:154,8,1,0
BRDA:155,9,0,0
BRDA:155,9,1,0
BRDA:160,10,0,0
BRDA:160,10,1,0
BRDA:173,11,0,0
BRDA:173,11,1,0
BRDA:177,12,0,0
BRDA:177,12,1,0
BRDA:178,13,0,0
BRDA:178,13,1,0
BRDA:184,14,0,0
BRDA:184,14,1,0
BRDA:199,15,0,0
BRDA:199,15,1,0
BRDA:223,16,0,0
BRDA:223,16,1,0
BRDA:225,17,0,0
BRDA:225,17,1,0
BRDA:226,18,0,0
BRDA:226,18,1,0
BRDA:229,19,0,0
BRDA:229,19,1,0
BRDA:238,20,0,0
BRDA:238,20,1,0
BRDA:241,21,0,0
BRDA:241,21,1,0
BRDA:242,22,0,0
BRDA:242,22,1,0
BRDA:247,23,0,0
BRDA:247,23,1,0
BRDA:253,24,0,0
BRDA:253,24,1,0
BRDA:253,25,0,0
BRDA:253,25,1,0
BRDA:277,26,0,0
BRDA:277,26,1,0
BRDA:277,27,0,0
BRDA:277,27,1,0
BRDA:294,28,0,0
BRDA:294,28,1,0
BRDA:301,29,0,0
BRDA:301,29,1,0
BRDA:318,30,0,0
BRDA:318,30,1,0
BRDA:339,31,0,0
BRDA:339,31,1,0
BRDA:340,32,0,0
BRDA:340,32,1,0
BRDA:340,33,0,0
BRDA:340,33,1,0
BRDA:358,34,0,0
BRDA:358,34,1,0
BRDA:358,35,0,0
BRDA:358,35,1,0
BRDA:377,36,0,0
BRDA:377,36,1,0
BRDA:383,37,0,0
BRDA:383,37,1,0
BRDA:393,38,0,0
BRDA:393,38,1,0
BRDA:401,39,0,0
BRDA:401,39,1,0
BRDA:403,40,0,0
BRDA:403,40,1,0
BRDA:404,41,0,0
BRDA:404,41,1,0
BRDA:405,42,0,0
BRDA:405,42,1,0
BRDA:408,43,0,0
BRDA:408,43,1,0
BRF:86
BRH:0
end_of_record
TN:
SF:src\utils\textExtractor.js
FN:11,(anonymous_0)
FN:23,(anonymous_1)
FN:41,extractFromPDF
FN:76,extractFromDOCX
FN:100,extractFromTXT
FN:117,cleanExtractedText
FN:130,(anonymous_6)
FN:143,extractText
FN:184,isSupportedFileType
FN:197,getSupportedExtensions
FN:207,truncateText
FN:228,splitIntoChunks
FNF:12
FNH:0
FNDA:0,(anonymous_0)
FNDA:0,(anonymous_1)
FNDA:0,extractFromPDF
FNDA:0,extractFromDOCX
FNDA:0,extractFromTXT
FNDA:0,cleanExtractedText
FNDA:0,(anonymous_6)
FNDA:0,extractText
FNDA:0,isSupportedFileType
FNDA:0,getSupportedExtensions
FNDA:0,truncateText
FNDA:0,splitIntoChunks
DA:1,3
DA:2,3
DA:7,3
DA:8,3
DA:11,3
DA:12,0
DA:13,0
DA:14,0
DA:16,0
DA:17,0
DA:20,0
DA:23,3
DA:24,0
DA:25,0
DA:26,0
DA:28,0
DA:29,0
DA:32,0
DA:42,0
DA:44,0
DA:46,0
DA:47,0
DA:50,0
DA:54,0
DA:57,0
DA:58,0
DA:60,0
DA:66,0
DA:67,0
DA:77,0
DA:79,0
DA:80,0
DA:82,0
DA:83,0
DA:85,0
DA:90,0
DA:91,0
DA:101,0
DA:102,0
DA:103,0
DA:107,0
DA:108,0
DA:118,0
DA:120,0
DA:130,0
DA:145,0
DA:146,0
DA:150,0
DA:151,0
DA:152,0
DA:154,0
DA:155,0
DA:159,0
DA:161,0
DA:162,0
DA:163,0
DA:167,0
DA:168,0
DA:173,0
DA:175,0
DA:185,0
DA:190,0
DA:198,0
DA:208,0
DA:211,0
DA:212,0
DA:214,0
DA:215,0
DA:218,0
DA:229,0
DA:231,0
DA:232,0
DA:234,0
DA:235,0
DA:238,0
DA:240,0
DA:241,0
DA:242,0
DA:245,0
DA:246,0
DA:247,0
DA:252,0
DA:253,0
DA:255,0
DA:258,0
DA:261,3
LF:86
LH:7
BRDA:12,0,0,0
BRDA:12,0,1,0
BRDA:24,1,0,0
BRDA:24,1,1,0
BRDA:41,2,0,0
BRDA:44,3,0,0
BRDA:44,3,1,0
BRDA:57,4,0,0
BRDA:57,4,1,0
BRDA:82,5,0,0
BRDA:82,5,1,0
BRDA:118,6,0,0
BRDA:118,6,1,0
BRDA:143,7,0,0
BRDA:145,8,0,0
BRDA:145,8,1,0
BRDA:151,9,0,0
BRDA:151,9,1,0
BRDA:154,10,0,0
BRDA:154,10,1,0
BRDA:161,11,0,0
BRDA:161,11,1,0
BRDA:161,12,0,0
BRDA:161,12,1,0
BRDA:163,13,0,0
BRDA:163,13,1,0
BRDA:164,14,0,0
BRDA:164,14,1,0
BRDA:168,15,0,0
BRDA:168,15,1,0
BRDA:169,16,0,0
BRDA:169,16,1,0
BRDA:169,16,2,0
BRDA:175,17,0,0
BRDA:175,17,1,0
BRDA:207,18,0,0
BRDA:208,19,0,0
BRDA:208,19,1,0
BRDA:208,20,0,0
BRDA:208,20,1,0
BRDA:214,21,0,0
BRDA:214,21,1,0
BRDA:228,22,0,0
BRDA:228,23,0,0
BRDA:229,24,0,0
BRDA:229,24,1,0
BRDA:229,25,0,0
BRDA:229,25,1,0
BRDA:238,26,0,0
BRDA:238,26,1,0
BRDA:241,27,0,0
BRDA:241,27,1,0
BRDA:246,28,0,0
BRDA:246,28,1,0
BRDA:255,29,0,0
BRDA:255,29,1,0
BRF:56
BRH:0
end_of_record
TN:
SF:src\utils\tokenUtils.js
FN:4,(anonymous_0)
FN:21,(anonymous_1)
FN:34,(anonymous_2)
FN:46,(anonymous_3)
FN:68,(anonymous_4)
FN:81,(anonymous_5)
FNF:6
FNH:5
FNDA:14,(anonymous_0)
FNDA:1,(anonymous_1)
FNDA:12,(anonymous_2)
FNDA:14,(anonymous_3)
FNDA:1,(anonymous_4)
FNDA:0,(anonymous_5)
DA:1,3
DA:4,3
DA:5,14
DA:21,3
DA:22,1
DA:34,3
DA:35,12
DA:36,12
DA:41,0
DA:46,3
DA:47,14
DA:50,14
DA:51,12
DA:55,2
DA:56,0
DA:60,2
DA:61,0
DA:64,14
DA:68,3
DA:69,1
DA:71,1
DA:81,3
DA:82,0
DA:91,3
LF:24
LH:20
BRDA:13,0,0,14
BRDA:13,0,1,0
BRDA:24,1,0,1
BRDA:24,1,1,0
BRDA:26,2,0,1
BRDA:26,2,1,1
BRDA:34,3,0,12
BRDA:50,4,0,12
BRDA:50,4,1,2
BRDA:50,5,0,14
BRDA:50,5,1,12
BRDA:55,6,0,0
BRDA:55,6,1,2
BRDA:55,7,0,2
BRDA:55,7,1,2
BRDA:60,8,0,0
BRDA:60,8,1,2
BRDA:68,9,0,1
BRDA:81,10,0,0
BRF:19
BRH:14
end_of_record
TN:
SF:tests\setup\app.js
FN:9,createTestApp
FNF:1
FNH:1
FNDA:3,createTestApp
DA:1,3
DA:2,3
DA:10,3
DA:12,3
DA:13,3
DA:14,3
DA:17,3
DA:18,3
DA:19,3
DA:21,3
DA:24,3
LF:11
LH:11
BRF:0
BRH:0
end_of_record
TN:
SF:tests\setup\db.js
FN:10,connect
FN:20,close
FN:30,clear
FNF:3
FNH:3
FNDA:6,connect
FNDA:6,close
FNDA:29,clear
DA:1,6
DA:2,6
DA:11,6
DA:12,6
DA:13,6
DA:21,6
DA:22,6
DA:23,6
DA:31,29
DA:32,29
DA:33,261
DA:37,6
LF:12
LH:12
BRF:0
BRH:0
end_of_record
